<?xml version="1.0" encoding="UTF-8"?>
<TestRun id="85b0a46d-18ff-459d-a462-0c27aad4a31c" name="viborra@LAP-302921 2011-04-28 13:52:53" runUser="SERVICES\viborra" xmlns="http://microsoft.com/schemas/VisualStudio/TeamTest/2006">
  <TestRunConfiguration name="Local Test Run" id="e9983c80-7cac-4f17-99b1-51a5ee880c99">
    <Description>This is a default test run configuration for a local test run.</Description>
    <Deployment runDeploymentRoot="I:\home\context\clowder\projects\CSharp\All\TestResults\viborra_LAP-302921 2011-04-28 13_52_53">
      <DeploymentItem filename="I:\home\context\clowder\projects\CSharp\Vji.App.CommandLineChess\bin\Debug\Vji.App.CommandLineChess.exe" />
      <DeploymentItem filename="I:\home\context\clowder\projects\CSharp\Vji.Chess\bin\Debug\Vji.Chess.dll" />
      <DeploymentItem filename="I:\home\context\clowder\projects\CSharp\Vji\bin\Debug\Vji.dll" />
      <DeploymentItem filename="I:\home\context\clowder\projects\CSharp\Vji.Mock\bin\Debug\Vji.Mock.dll" />
      <DeploymentItem filename="C:\Program Files\Spring.NET 1.3.0\bin\net\2.0\release\Spring.Core.dll" />
    </Deployment>
    <TestTypeSpecific />
  </TestRunConfiguration>
  <ResultSummary outcome="Failed">
    <Counters total="67" executed="67" passed="53" error="0" failed="14" timeout="0" aborted="0" inconclusive="0" passedButRunAborted="0" notRunnable="0" notExecuted="0" disconnected="0" warning="0" completed="0" inProgress="0" pending="0" />
  </ResultSummary>
  <Times creation="2011-04-28T13:52:53.1432523+10:00" queuing="2011-04-28T13:52:55.2064123+10:00" start="2011-04-28T13:52:55.4096023+10:00" finish="2011-04-28T13:53:00.2549023+10:00" />
  <TestDefinitions>
    <UnitTest name="TestProcessStartCommand" storage="i:\home\context\clowder\projects\csharp\vji.test.chess\bin\debug\testproject1.dll" id="403ca450-f454-24f8-2c3a-c94e691161d4">
      <Css projectStructure="" iteration="" />
      <Owners>
        <Owner name="" />
      </Owners>
      <Execution id="515d5a67-4a0c-428f-ad88-b5cc4c5da03e" />
      <TestMethod codeBase="I:\home\context\clowder\projects\CSharp\Vji.Test.Chess\bin\Debug\TestProject1.dll" adapterTypeName="Microsoft.VisualStudio.TestTools.TestTypes.Unit.UnitTestAdapter, Microsoft.VisualStudio.QualityTools.Tips.UnitTest.Adapter, Version=9.0.0.0, Culture=neutral, PublicKeyToken=b03f5f7f11d50a3a" className="Vji.Chess.Mvc.ChessControllerImplTest, TestProject1" name="TestProcessStartCommand" />
    </UnitTest>
    <UnitTest name="TestRelease" storage="i:\home\context\clowder\projects\csharp\vji.test\bin\debug\vji.test.dll" id="7fd8bf34-2fbb-d0e9-9fad-0275bdbf80cd">
      <Css projectStructure="" iteration="" />
      <Owners>
        <Owner name="" />
      </Owners>
      <Execution id="53b8d3ca-279f-43d6-83e7-0928735c856e" />
      <TestMethod codeBase="I:\home\context\clowder\projects\CSharp\Vji.Test\bin\Debug\Vji.Test.dll" adapterTypeName="Microsoft.VisualStudio.TestTools.TestTypes.Unit.UnitTestAdapter, Microsoft.VisualStudio.QualityTools.Tips.UnitTest.Adapter, Version=9.0.0.0, Culture=neutral, PublicKeyToken=b03f5f7f11d50a3a" className="Vji.Mock.Licensing.MockLicenseImplTest, Vji.Test" name="TestRelease" />
    </UnitTest>
    <UnitTest name="TestGetPieceAt" storage="i:\home\context\clowder\projects\csharp\vji.test.chess\bin\debug\testproject1.dll" id="d10eb379-7426-e7b8-31b9-9317ddbedb50">
      <Css projectStructure="" iteration="" />
      <Owners>
        <Owner name="" />
      </Owners>
      <Execution id="292430a8-17a3-4757-b81d-9b576ac590a2" />
      <TestMethod codeBase="I:\home\context\clowder\projects\CSharp\Vji.Test.Chess\bin\Debug\TestProject1.dll" adapterTypeName="Microsoft.VisualStudio.TestTools.TestTypes.Unit.UnitTestAdapter, Microsoft.VisualStudio.QualityTools.Tips.UnitTest.Adapter, Version=9.0.0.0, Culture=neutral, PublicKeyToken=b03f5f7f11d50a3a" className="Vji.Chess.Model.BoardImplTest, TestProject1" name="TestGetPieceAt" />
    </UnitTest>
    <UnitTest name="TestNewQueen" storage="i:\home\context\clowder\projects\csharp\vji.test.chess\bin\debug\testproject1.dll" id="ac55cfd0-fc0e-5390-c5ef-a3f63a2e6a37">
      <Css projectStructure="" iteration="" />
      <Owners>
        <Owner name="" />
      </Owners>
      <Execution id="294c4674-184c-4295-8d5a-81f80407c89c" />
      <TestMethod codeBase="I:\home\context\clowder\projects\CSharp\Vji.Test.Chess\bin\Debug\TestProject1.dll" adapterTypeName="Microsoft.VisualStudio.TestTools.TestTypes.Unit.UnitTestAdapter, Microsoft.VisualStudio.QualityTools.Tips.UnitTest.Adapter, Version=9.0.0.0, Culture=neutral, PublicKeyToken=b03f5f7f11d50a3a" className="Vji.Chess.Model.ChessModelFactoryImplTest, TestProject1" name="TestNewQueen" />
    </UnitTest>
    <UnitTest name="TestRun" storage="i:\home\context\clowder\projects\csharp\vji.test\bin\debug\vji.test.dll" id="f815af12-ec38-e14a-27b4-88ed1ea85296">
      <Css projectStructure="" iteration="" />
      <Owners>
        <Owner name="" />
      </Owners>
      <Execution id="8f1d1d9e-6944-4dcb-a93c-6e1d240c45f2" />
      <TestMethod codeBase="I:\home\context\clowder\projects\CSharp\Vji.Test\bin\Debug\Vji.Test.dll" adapterTypeName="Microsoft.VisualStudio.TestTools.TestTypes.Unit.UnitTestAdapter, Microsoft.VisualStudio.QualityTools.Tips.UnitTest.Adapter, Version=9.0.0.0, Culture=neutral, PublicKeyToken=b03f5f7f11d50a3a" className="Vji.Mvc.FinishCommandImplTest, Vji.Test" name="TestRun" />
    </UnitTest>
    <UnitTest name="TestRun" storage="i:\home\context\clowder\projects\csharp\vji.test\bin\debug\vji.test.dll" id="99fb145e-61d1-1309-4460-74c055f3a994">
      <Css projectStructure="" iteration="" />
      <Owners>
        <Owner name="" />
      </Owners>
      <Execution id="24614016-1234-43d4-9ada-6242b2982564" />
      <TestMethod codeBase="I:\home\context\clowder\projects\CSharp\Vji.Test\bin\Debug\Vji.Test.dll" adapterTypeName="Microsoft.VisualStudio.TestTools.TestTypes.Unit.UnitTestAdapter, Microsoft.VisualStudio.QualityTools.Tips.UnitTest.Adapter, Version=9.0.0.0, Culture=neutral, PublicKeyToken=b03f5f7f11d50a3a" className="Vji.Mvc.StartCommandImplTest, Vji.Test" name="TestRun" />
    </UnitTest>
    <UnitTest name="TestNewSpringRunner" storage="i:\home\context\clowder\projects\csharp\vji.test\bin\debug\vji.test.dll" id="7ea9df12-de9c-eede-eebe-f77b97de53c3">
      <Css projectStructure="" iteration="" />
      <Owners>
        <Owner name="" />
      </Owners>
      <Execution id="5fc4ff96-bfc5-4d8e-b3b2-4f2eab78c388" />
      <TestMethod codeBase="I:\home\context\clowder\projects\CSharp\Vji.Test\bin\Debug\Vji.Test.dll" adapterTypeName="Microsoft.VisualStudio.TestTools.TestTypes.Unit.UnitTestAdapter, Microsoft.VisualStudio.QualityTools.Tips.UnitTest.Adapter, Version=9.0.0.0, Culture=neutral, PublicKeyToken=b03f5f7f11d50a3a" className="Vji.Bootstrap.MainFactoryClassTest, Vji.Test" name="TestNewSpringRunner" />
    </UnitTest>
    <UnitTest name="TestRun" storage="i:\home\context\clowder\projects\csharp\vji.test\bin\debug\vji.test.dll" id="2f2e97e4-10b6-9cbb-96c2-b27584859f78">
      <Css projectStructure="" iteration="" />
      <Owners>
        <Owner name="" />
      </Owners>
      <Execution id="01004420-b565-4db1-a6fc-3685841e411c" />
      <TestMethod codeBase="I:\home\context\clowder\projects\CSharp\Vji.Test\bin\Debug\Vji.Test.dll" adapterTypeName="Microsoft.VisualStudio.TestTools.TestTypes.Unit.UnitTestAdapter, Microsoft.VisualStudio.QualityTools.Tips.UnitTest.Adapter, Version=9.0.0.0, Culture=neutral, PublicKeyToken=b03f5f7f11d50a3a" className="Vji.Mvc.LoggerSetterClassTest, Vji.Test" name="TestRun" />
    </UnitTest>
    <UnitTest name="TestRender" storage="i:\home\context\clowder\projects\csharp\vji.test.chess\bin\debug\testproject1.dll" id="97cd2fc1-97b8-94fd-311d-1216210c2924">
      <Css projectStructure="" iteration="" />
      <Owners>
        <Owner name="" />
      </Owners>
      <Execution id="37b48e7f-91a8-4f5d-ab6d-d88c9a808ec1" />
      <TestMethod codeBase="I:\home\context\clowder\projects\CSharp\Vji.Test.Chess\bin\Debug\TestProject1.dll" adapterTypeName="Microsoft.VisualStudio.TestTools.TestTypes.Unit.UnitTestAdapter, Microsoft.VisualStudio.QualityTools.Tips.UnitTest.Adapter, Version=9.0.0.0, Culture=neutral, PublicKeyToken=b03f5f7f11d50a3a" className="Vji.Chess.Mvc.StartBoardViewImplTest, TestProject1" name="TestRender" />
    </UnitTest>
    <UnitTest name="TestProcess" storage="i:\home\context\clowder\projects\csharp\vji.test\bin\debug\vji.test.dll" id="48c7083a-7105-e179-4612-8dda7baf1013">
      <Css projectStructure="" iteration="" />
      <Owners>
        <Owner name="" />
      </Owners>
      <Execution id="69b5ddc8-e3d5-45c0-8631-0e6e059e39c4" />
      <TestMethod codeBase="I:\home\context\clowder\projects\CSharp\Vji.Test\bin\Debug\Vji.Test.dll" adapterTypeName="Microsoft.VisualStudio.TestTools.TestTypes.Unit.UnitTestAdapter, Microsoft.VisualStudio.QualityTools.Tips.UnitTest.Adapter, Version=9.0.0.0, Culture=neutral, PublicKeyToken=b03f5f7f11d50a3a" className="Vji.Configuration.CommandLineProcessorImplTest, Vji.Test" name="TestProcess" />
    </UnitTest>
    <UnitTest name="TestNewExcelFileOpenedCondition" storage="i:\home\context\clowder\projects\csharp\vji.test\bin\debug\vji.test.dll" id="39134fda-b8db-5ebc-76d9-fd2d2a1e6cf8">
      <Css projectStructure="" iteration="" />
      <Owners>
        <Owner name="" />
      </Owners>
      <Execution id="80c74944-3fe7-4dbd-8e79-8fbdc02d90ba" />
      <TestMethod codeBase="I:\home\context\clowder\projects\CSharp\Vji.Test\bin\Debug\Vji.Test.dll" adapterTypeName="Microsoft.VisualStudio.TestTools.TestTypes.Unit.UnitTestAdapter, Microsoft.VisualStudio.QualityTools.Tips.UnitTest.Adapter, Version=9.0.0.0, Culture=neutral, PublicKeyToken=b03f5f7f11d50a3a" className="Vji.Microsoft.Excel.MicrosoftExcelFactoryImplTest, Vji.Test" name="TestNewExcelFileOpenedCondition" />
    </UnitTest>
    <UnitTest name="TestRenderInternalError" storage="i:\home\context\clowder\projects\csharp\vji.test.chess\bin\debug\testproject1.dll" id="bcc9e5a6-60e7-bfc8-7eac-8815d020212d">
      <Css projectStructure="" iteration="" />
      <Owners>
        <Owner name="" />
      </Owners>
      <Execution id="1402470f-2c3d-445b-895c-4712a505388d" />
      <TestMethod codeBase="I:\home\context\clowder\projects\CSharp\Vji.Test.Chess\bin\Debug\TestProject1.dll" adapterTypeName="Microsoft.VisualStudio.TestTools.TestTypes.Unit.UnitTestAdapter, Microsoft.VisualStudio.QualityTools.Tips.UnitTest.Adapter, Version=9.0.0.0, Culture=neutral, PublicKeyToken=b03f5f7f11d50a3a" className="Vji.Chess.Mvc.StartBoardViewImplTest, TestProject1" name="TestRenderInternalError" />
    </UnitTest>
    <UnitTest name="TestArrangePieces" storage="i:\home\context\clowder\projects\csharp\vji.test.chess\bin\debug\testproject1.dll" id="d6e2566f-01f2-f1db-35e6-1066959c4239">
      <Css projectStructure="" iteration="" />
      <Owners>
        <Owner name="" />
      </Owners>
      <Execution id="957e2684-8a38-4a84-8612-539612f89b31" />
      <TestMethod codeBase="I:\home\context\clowder\projects\CSharp\Vji.Test.Chess\bin\Debug\TestProject1.dll" adapterTypeName="Microsoft.VisualStudio.TestTools.TestTypes.Unit.UnitTestAdapter, Microsoft.VisualStudio.QualityTools.Tips.UnitTest.Adapter, Version=9.0.0.0, Culture=neutral, PublicKeyToken=b03f5f7f11d50a3a" className="Vji.Chess.Model.BoardImplTest, TestProject1" name="TestArrangePieces" />
    </UnitTest>
    <UnitTest name="TestNewBishop" storage="i:\home\context\clowder\projects\csharp\vji.test.chess\bin\debug\testproject1.dll" id="a388291b-77c8-bad1-3431-cbba69a53943">
      <Css projectStructure="" iteration="" />
      <Owners>
        <Owner name="" />
      </Owners>
      <Execution id="70216ae6-ed51-4733-a37a-b63827a0f7cb" />
      <TestMethod codeBase="I:\home\context\clowder\projects\CSharp\Vji.Test.Chess\bin\Debug\TestProject1.dll" adapterTypeName="Microsoft.VisualStudio.TestTools.TestTypes.Unit.UnitTestAdapter, Microsoft.VisualStudio.QualityTools.Tips.UnitTest.Adapter, Version=9.0.0.0, Culture=neutral, PublicKeyToken=b03f5f7f11d50a3a" className="Vji.Chess.Model.ChessModelFactoryImplTest, TestProject1" name="TestNewBishop" />
    </UnitTest>
    <UnitTest name="TestNewKing" storage="i:\home\context\clowder\projects\csharp\vji.test.chess\bin\debug\testproject1.dll" id="fecaede0-ebe4-5d7b-64b5-330b1ebe0b20">
      <Css projectStructure="" iteration="" />
      <Owners>
        <Owner name="" />
      </Owners>
      <Execution id="4dbb81e4-695b-4bf3-b0ca-f21d1544d710" />
      <TestMethod codeBase="I:\home\context\clowder\projects\CSharp\Vji.Test.Chess\bin\Debug\TestProject1.dll" adapterTypeName="Microsoft.VisualStudio.TestTools.TestTypes.Unit.UnitTestAdapter, Microsoft.VisualStudio.QualityTools.Tips.UnitTest.Adapter, Version=9.0.0.0, Culture=neutral, PublicKeyToken=b03f5f7f11d50a3a" className="Vji.Chess.Model.ChessModelFactoryImplTest, TestProject1" name="TestNewKing" />
    </UnitTest>
    <UnitTest name="TestNewKnight" storage="i:\home\context\clowder\projects\csharp\vji.test.chess\bin\debug\testproject1.dll" id="a7149737-2d01-3d73-c33f-00ff66149214">
      <Css projectStructure="" iteration="" />
      <Owners>
        <Owner name="" />
      </Owners>
      <Execution id="87e3b600-4e61-42b1-ba2b-d3d28c1e271a" />
      <TestMethod codeBase="I:\home\context\clowder\projects\CSharp\Vji.Test.Chess\bin\Debug\TestProject1.dll" adapterTypeName="Microsoft.VisualStudio.TestTools.TestTypes.Unit.UnitTestAdapter, Microsoft.VisualStudio.QualityTools.Tips.UnitTest.Adapter, Version=9.0.0.0, Culture=neutral, PublicKeyToken=b03f5f7f11d50a3a" className="Vji.Chess.Model.ChessModelFactoryImplTest, TestProject1" name="TestNewKnight" />
    </UnitTest>
    <UnitTest name="TestNewComWrapper" storage="i:\home\context\clowder\projects\csharp\vji.test\bin\debug\vji.test.dll" id="1e4c5c6b-2f4b-2f46-0e9a-41666f9ad852">
      <Css projectStructure="" iteration="" />
      <Owners>
        <Owner name="" />
      </Owners>
      <Execution id="122f5f7d-511e-4211-8289-da67d2b6d862" />
      <TestMethod codeBase="I:\home\context\clowder\projects\CSharp\Vji.Test\bin\Debug\Vji.Test.dll" adapterTypeName="Microsoft.VisualStudio.TestTools.TestTypes.Unit.UnitTestAdapter, Microsoft.VisualStudio.QualityTools.Tips.UnitTest.Adapter, Version=9.0.0.0, Culture=neutral, PublicKeyToken=b03f5f7f11d50a3a" className="Vji.Config.ComFactoryImplTest, Vji.Test" name="TestNewComWrapper" />
    </UnitTest>
    <UnitTest name="TestNewSpringBootstrapper" storage="i:\home\context\clowder\projects\csharp\vji.test\bin\debug\vji.test.dll" id="6803fd9a-3ccc-3b31-d035-e96dbf43d138">
      <Css projectStructure="" iteration="" />
      <Owners>
        <Owner name="" />
      </Owners>
      <Execution id="59e8c2b3-151b-430e-99ea-314c1a3713f7" />
      <TestMethod codeBase="I:\home\context\clowder\projects\CSharp\Vji.Test\bin\Debug\Vji.Test.dll" adapterTypeName="Microsoft.VisualStudio.TestTools.TestTypes.Unit.UnitTestAdapter, Microsoft.VisualStudio.QualityTools.Tips.UnitTest.Adapter, Version=9.0.0.0, Culture=neutral, PublicKeyToken=b03f5f7f11d50a3a" className="Vji.Bootstrap.MainFactoryClassTest, Vji.Test" name="TestNewSpringBootstrapper" />
    </UnitTest>
    <UnitTest name="TestObtain" storage="i:\home\context\clowder\projects\csharp\vji.test\bin\debug\vji.test.dll" id="0967fef5-8ffc-8a81-60e8-876bb4a99cd4">
      <Css projectStructure="" iteration="" />
      <Owners>
        <Owner name="" />
      </Owners>
      <Execution id="f22c46de-ef8f-4b0f-93cd-2e15cb7b0130" />
      <TestMethod codeBase="I:\home\context\clowder\projects\CSharp\Vji.Test\bin\Debug\Vji.Test.dll" adapterTypeName="Microsoft.VisualStudio.TestTools.TestTypes.Unit.UnitTestAdapter, Microsoft.VisualStudio.QualityTools.Tips.UnitTest.Adapter, Version=9.0.0.0, Culture=neutral, PublicKeyToken=b03f5f7f11d50a3a" className="Vji.Licensing.CompositeLicenseImplTest, Vji.Test" name="TestObtain" />
    </UnitTest>
    <UnitTest name="TestNewLocation" storage="i:\home\context\clowder\projects\csharp\vji.test.chess\bin\debug\testproject1.dll" id="98537372-daf1-0a93-9c08-8b3e7e7e3dd2">
      <Css projectStructure="" iteration="" />
      <Owners>
        <Owner name="" />
      </Owners>
      <Execution id="8dadc017-8f3c-430c-81bf-1d83e5c6cb5f" />
      <TestMethod codeBase="I:\home\context\clowder\projects\CSharp\Vji.Test.Chess\bin\Debug\TestProject1.dll" adapterTypeName="Microsoft.VisualStudio.TestTools.TestTypes.Unit.UnitTestAdapter, Microsoft.VisualStudio.QualityTools.Tips.UnitTest.Adapter, Version=9.0.0.0, Culture=neutral, PublicKeyToken=b03f5f7f11d50a3a" className="Vji.Chess.Model.ChessModelFactoryImplTest, TestProject1" name="TestNewLocation" />
    </UnitTest>
    <UnitTest name="TestNewStartCommand" storage="i:\home\context\clowder\projects\csharp\vji.test\bin\debug\vji.test.dll" id="4fa51609-d1b2-1cd1-1827-9de3881d2c25">
      <Css projectStructure="" iteration="" />
      <Owners>
        <Owner name="" />
      </Owners>
      <Execution id="e274d305-b0a6-4d72-b740-6e6e6dede976" />
      <TestMethod codeBase="I:\home\context\clowder\projects\CSharp\Vji.Test\bin\Debug\Vji.Test.dll" adapterTypeName="Microsoft.VisualStudio.TestTools.TestTypes.Unit.UnitTestAdapter, Microsoft.VisualStudio.QualityTools.Tips.UnitTest.Adapter, Version=9.0.0.0, Culture=neutral, PublicKeyToken=b03f5f7f11d50a3a" className="Vji.Mvc.MvcFactoryImplTest, Vji.Test" name="TestNewStartCommand" />
    </UnitTest>
    <UnitTest name="TestProcess" storage="i:\home\context\clowder\projects\csharp\vji.test\bin\debug\vji.test.dll" id="93192048-5ab0-d37d-0221-49dd3483a148">
      <Css projectStructure="" iteration="" />
      <Owners>
        <Owner name="" />
      </Owners>
      <Execution id="99eab650-0579-4277-8144-93ed630e85a8" />
      <TestMethod codeBase="I:\home\context\clowder\projects\CSharp\Vji.Test\bin\Debug\Vji.Test.dll" adapterTypeName="Microsoft.VisualStudio.TestTools.TestTypes.Unit.UnitTestAdapter, Microsoft.VisualStudio.QualityTools.Tips.UnitTest.Adapter, Version=9.0.0.0, Culture=neutral, PublicKeyToken=b03f5f7f11d50a3a" className="Vji.Mvc.ControllerImplTest, Vji.Test" name="TestProcess" />
    </UnitTest>
    <UnitTest name="TestTeardown" storage="i:\home\context\clowder\projects\csharp\vji.test\bin\debug\vji.test.dll" id="24508f16-5423-a17d-c2a3-d1e397151f11">
      <Css projectStructure="" iteration="" />
      <Owners>
        <Owner name="" />
      </Owners>
      <Execution id="b6df7743-a269-4db8-a243-b69f1dfff532" />
      <TestMethod codeBase="I:\home\context\clowder\projects\CSharp\Vji.Test\bin\Debug\Vji.Test.dll" adapterTypeName="Microsoft.VisualStudio.TestTools.TestTypes.Unit.UnitTestAdapter, Microsoft.VisualStudio.QualityTools.Tips.UnitTest.Adapter, Version=9.0.0.0, Culture=neutral, PublicKeyToken=b03f5f7f11d50a3a" className="Vji.Licensing.LicensedConditionImplTest, Vji.Test" name="TestTeardown" />
    </UnitTest>
    <UnitTest name="TestBootstrap" storage="i:\home\context\clowder\projects\csharp\vji.test\bin\debug\vji.test.dll" id="536cd357-c682-8ee9-3ee6-d9dfab325956">
      <Css projectStructure="" iteration="" />
      <Owners>
        <Owner name="" />
      </Owners>
      <Execution id="8954744c-5dc7-4f81-b8d0-d4e1ac6fabf5" />
      <TestMethod codeBase="I:\home\context\clowder\projects\CSharp\Vji.Test\bin\Debug\Vji.Test.dll" adapterTypeName="Microsoft.VisualStudio.TestTools.TestTypes.Unit.UnitTestAdapter, Microsoft.VisualStudio.QualityTools.Tips.UnitTest.Adapter, Version=9.0.0.0, Culture=neutral, PublicKeyToken=b03f5f7f11d50a3a" className="Vji.Bootstrap.AssemblyResolverImplTest, Vji.Test" name="TestBootstrap" />
    </UnitTest>
    <UnitTest name="TestRun" storage="i:\home\context\clowder\projects\csharp\vji.test\bin\debug\vji.test.dll" id="34fe935a-d2f4-fda6-7223-4237f7a584ae">
      <Css projectStructure="" iteration="" />
      <Owners>
        <Owner name="" />
      </Owners>
      <Execution id="fad03400-d4a7-429f-8a1b-89fcc8cf83f6" />
      <TestMethod codeBase="I:\home\context\clowder\projects\CSharp\Vji.Test\bin\Debug\Vji.Test.dll" adapterTypeName="Microsoft.VisualStudio.TestTools.TestTypes.Unit.UnitTestAdapter, Microsoft.VisualStudio.QualityTools.Tips.UnitTest.Adapter, Version=9.0.0.0, Culture=neutral, PublicKeyToken=b03f5f7f11d50a3a" className="Vji.Bootstrap.SpringRunnerImplTest, Vji.Test" name="TestRun" />
    </UnitTest>
    <UnitTest name="TestNewExcel" storage="i:\home\context\clowder\projects\csharp\vji.test\bin\debug\vji.test.dll" id="4ae40667-f8d0-3209-9cee-c1ecae187bc3">
      <Css projectStructure="" iteration="" />
      <Owners>
        <Owner name="" />
      </Owners>
      <Execution id="de19efd0-7e9e-4d80-8f7f-f125aaa6bb76" />
      <TestMethod codeBase="I:\home\context\clowder\projects\CSharp\Vji.Test\bin\Debug\Vji.Test.dll" adapterTypeName="Microsoft.VisualStudio.TestTools.TestTypes.Unit.UnitTestAdapter, Microsoft.VisualStudio.QualityTools.Tips.UnitTest.Adapter, Version=9.0.0.0, Culture=neutral, PublicKeyToken=b03f5f7f11d50a3a" className="Vji.Microsoft.Excel.MicrosoftExcelFactoryImplTest, Vji.Test" name="TestNewExcel" />
    </UnitTest>
    <UnitTest name="TestRelease" storage="i:\home\context\clowder\projects\csharp\vji.test\bin\debug\vji.test.dll" id="c7f1d316-b652-b571-63da-340ac31a1a77">
      <Css projectStructure="" iteration="" />
      <Owners>
        <Owner name="" />
      </Owners>
      <Execution id="79537592-a7a5-49a8-b475-6b4ca8969db9" />
      <TestMethod codeBase="I:\home\context\clowder\projects\CSharp\Vji.Test\bin\Debug\Vji.Test.dll" adapterTypeName="Microsoft.VisualStudio.TestTools.TestTypes.Unit.UnitTestAdapter, Microsoft.VisualStudio.QualityTools.Tips.UnitTest.Adapter, Version=9.0.0.0, Culture=neutral, PublicKeyToken=b03f5f7f11d50a3a" className="Vji.Licensing.CompositeLicenseImplTest, Vji.Test" name="TestRelease" />
    </UnitTest>
    <UnitTest name="TestNewBootstrapDependentLoggerSetter" storage="i:\home\context\clowder\projects\csharp\vji.test\bin\debug\vji.test.dll" id="03ce7a89-07d5-9d5a-1f08-8249b0516d24">
      <Css projectStructure="" iteration="" />
      <Owners>
        <Owner name="" />
      </Owners>
      <Execution id="a351a78c-4e28-436e-a714-a0062ffee449" />
      <TestMethod codeBase="I:\home\context\clowder\projects\CSharp\Vji.Test\bin\Debug\Vji.Test.dll" adapterTypeName="Microsoft.VisualStudio.TestTools.TestTypes.Unit.UnitTestAdapter, Microsoft.VisualStudio.QualityTools.Tips.UnitTest.Adapter, Version=9.0.0.0, Culture=neutral, PublicKeyToken=b03f5f7f11d50a3a" className="Vji.Log4net.Log4netFactoryImplTest, Vji.Test" name="TestNewBootstrapDependentLoggerSetter" />
    </UnitTest>
    <UnitTest name="TestNewLoggerSetter" storage="i:\home\context\clowder\projects\csharp\vji.test\bin\debug\vji.test.dll" id="6094ce43-61ac-354d-6931-49bc152c0419">
      <Css projectStructure="" iteration="" />
      <Owners>
        <Owner name="" />
      </Owners>
      <Execution id="048e811b-4c88-422d-b515-10355b30f71c" />
      <TestMethod codeBase="I:\home\context\clowder\projects\CSharp\Vji.Test\bin\Debug\Vji.Test.dll" adapterTypeName="Microsoft.VisualStudio.TestTools.TestTypes.Unit.UnitTestAdapter, Microsoft.VisualStudio.QualityTools.Tips.UnitTest.Adapter, Version=9.0.0.0, Culture=neutral, PublicKeyToken=b03f5f7f11d50a3a" className="Vji.Log4net.Log4netFactoryImplTest, Vji.Test" name="TestNewLoggerSetter" />
    </UnitTest>
    <UnitTest name="TestNewCondition" storage="i:\home\context\clowder\projects\csharp\vji.test\bin\debug\vji.test.dll" id="29a35ee6-1cc4-883b-1026-9edf18dce68a">
      <Css projectStructure="" iteration="" />
      <Owners>
        <Owner name="" />
      </Owners>
      <Execution id="b9b2639b-0d36-491e-854d-50e683311d61" />
      <TestMethod codeBase="I:\home\context\clowder\projects\CSharp\Vji.Test\bin\Debug\Vji.Test.dll" adapterTypeName="Microsoft.VisualStudio.TestTools.TestTypes.Unit.UnitTestAdapter, Microsoft.VisualStudio.QualityTools.Tips.UnitTest.Adapter, Version=9.0.0.0, Culture=neutral, PublicKeyToken=b03f5f7f11d50a3a" className="Vji.Config.ConditionsFactoryImplTest, Vji.Test" name="TestNewCondition" />
    </UnitTest>
    <UnitTest name="TestRunUnder" storage="i:\home\context\clowder\projects\csharp\vji.test\bin\debug\vji.test.dll" id="c5fe066e-b078-dfd0-7836-55c92d383fb7">
      <Css projectStructure="" iteration="" />
      <Owners>
        <Owner name="" />
      </Owners>
      <Execution id="fb94189c-e502-45ee-b938-51a278eccf26" />
      <TestMethod codeBase="I:\home\context\clowder\projects\CSharp\Vji.Test\bin\Debug\Vji.Test.dll" adapterTypeName="Microsoft.VisualStudio.TestTools.TestTypes.Unit.UnitTestAdapter, Microsoft.VisualStudio.QualityTools.Tips.UnitTest.Adapter, Version=9.0.0.0, Culture=neutral, PublicKeyToken=b03f5f7f11d50a3a" className="Vji.Licensing.LicenseImplTest, Vji.Test" name="TestRunUnder" />
    </UnitTest>
    <UnitTest name="TestNewPawn" storage="i:\home\context\clowder\projects\csharp\vji.test.chess\bin\debug\testproject1.dll" id="2f683e87-4b10-5603-1273-da3beab27e4c">
      <Css projectStructure="" iteration="" />
      <Owners>
        <Owner name="" />
      </Owners>
      <Execution id="1931228b-1cd9-46b6-8cad-641e8a8b81df" />
      <TestMethod codeBase="I:\home\context\clowder\projects\CSharp\Vji.Test.Chess\bin\Debug\TestProject1.dll" adapterTypeName="Microsoft.VisualStudio.TestTools.TestTypes.Unit.UnitTestAdapter, Microsoft.VisualStudio.QualityTools.Tips.UnitTest.Adapter, Version=9.0.0.0, Culture=neutral, PublicKeyToken=b03f5f7f11d50a3a" className="Vji.Chess.Model.ChessModelFactoryImplTest, TestProject1" name="TestNewPawn" />
    </UnitTest>
    <UnitTest name="TestNewConfigSectionVariableSource" storage="i:\home\context\clowder\projects\csharp\vji.test\bin\debug\vji.test.dll" id="5ea74d90-0bad-62f2-9bc8-f8ab483c9b2b">
      <Css projectStructure="" iteration="" />
      <Owners>
        <Owner name="" />
      </Owners>
      <Execution id="0390f3d9-4365-4c57-a305-b1313067e7ba" />
      <TestMethod codeBase="I:\home\context\clowder\projects\CSharp\Vji.Test\bin\Debug\Vji.Test.dll" adapterTypeName="Microsoft.VisualStudio.TestTools.TestTypes.Unit.UnitTestAdapter, Microsoft.VisualStudio.QualityTools.Tips.UnitTest.Adapter, Version=9.0.0.0, Culture=neutral, PublicKeyToken=b03f5f7f11d50a3a" className="Vji.Spring.Config.SpringConfigFactoryImplTest, Vji.Test" name="TestNewConfigSectionVariableSource" />
    </UnitTest>
    <UnitTest name="TestNewRange" storage="i:\home\context\clowder\projects\csharp\vji.test\bin\debug\vji.test.dll" id="9a34c574-e4f6-880d-0f65-f06db97b0a61">
      <Css projectStructure="" iteration="" />
      <Owners>
        <Owner name="" />
      </Owners>
      <Execution id="1b5545d9-e60a-4cee-9828-601cffa737ea" />
      <TestMethod codeBase="I:\home\context\clowder\projects\CSharp\Vji.Test\bin\Debug\Vji.Test.dll" adapterTypeName="Microsoft.VisualStudio.TestTools.TestTypes.Unit.UnitTestAdapter, Microsoft.VisualStudio.QualityTools.Tips.UnitTest.Adapter, Version=9.0.0.0, Culture=neutral, PublicKeyToken=b03f5f7f11d50a3a" className="Vji.Microsoft.Excel.MicrosoftExcelFactoryImplTest, Vji.Test" name="TestNewRange" />
    </UnitTest>
    <UnitTest name="TestToString" storage="i:\home\context\clowder\projects\csharp\vji.test\bin\debug\vji.test.dll" id="ddc85e03-bf9c-b13a-02f3-424c04e3a314">
      <Css projectStructure="" iteration="" />
      <Owners>
        <Owner name="" />
      </Owners>
      <Execution id="87db0b42-dcdf-498b-9156-1e52cccddde9" />
      <TestMethod codeBase="I:\home\context\clowder\projects\CSharp\Vji.Test\bin\Debug\Vji.Test.dll" adapterTypeName="Microsoft.VisualStudio.TestTools.TestTypes.Unit.UnitTestAdapter, Microsoft.VisualStudio.QualityTools.Tips.UnitTest.Adapter, Version=9.0.0.0, Culture=neutral, PublicKeyToken=b03f5f7f11d50a3a" className="Vji.Mvc.FinishCommandImplTest, Vji.Test" name="TestToString" />
    </UnitTest>
    <UnitTest name="TestBootstrap" storage="i:\home\context\clowder\projects\csharp\vji.test\bin\debug\vji.test.dll" id="11cf1b13-04ae-7059-f46c-8a9614f4cce2">
      <Css projectStructure="" iteration="" />
      <Owners>
        <Owner name="" />
      </Owners>
      <Execution id="0e1b422c-a2a8-4804-bcef-06dbd243b4c7" />
      <TestMethod codeBase="I:\home\context\clowder\projects\CSharp\Vji.Test\bin\Debug\Vji.Test.dll" adapterTypeName="Microsoft.VisualStudio.TestTools.TestTypes.Unit.UnitTestAdapter, Microsoft.VisualStudio.QualityTools.Tips.UnitTest.Adapter, Version=9.0.0.0, Culture=neutral, PublicKeyToken=b03f5f7f11d50a3a" className="Vji.Bootstrap.SpringBootstrapperImplTest, Vji.Test" name="TestBootstrap" />
    </UnitTest>
    <UnitTest name="TestBootstrap" storage="i:\home\context\clowder\projects\csharp\vji.test\bin\debug\vji.test.dll" id="b4bdfade-d685-5f72-6d20-7233d007195f">
      <Css projectStructure="" iteration="" />
      <Owners>
        <Owner name="" />
      </Owners>
      <Execution id="2467c8c3-1d91-4fc6-9b9e-5c505d64ff39" />
      <TestMethod codeBase="I:\home\context\clowder\projects\CSharp\Vji.Test\bin\Debug\Vji.Test.dll" adapterTypeName="Microsoft.VisualStudio.TestTools.TestTypes.Unit.UnitTestAdapter, Microsoft.VisualStudio.QualityTools.Tips.UnitTest.Adapter, Version=9.0.0.0, Culture=neutral, PublicKeyToken=b03f5f7f11d50a3a" className="Vji.Bootstrap.LogBootstrapperImplTest, Vji.Test" name="TestBootstrap" />
    </UnitTest>
    <UnitTest name="TestResolve" storage="i:\home\context\clowder\projects\csharp\vji.test\bin\debug\vji.test.dll" id="74c609f3-b1f5-c0d2-e51a-789c2065a569">
      <Css projectStructure="" iteration="" />
      <Owners>
        <Owner name="" />
      </Owners>
      <Execution id="0069d9da-fe23-4fee-a0c8-f42305463a3d" />
      <TestMethod codeBase="I:\home\context\clowder\projects\CSharp\Vji.Test\bin\Debug\Vji.Test.dll" adapterTypeName="Microsoft.VisualStudio.TestTools.TestTypes.Unit.UnitTestAdapter, Microsoft.VisualStudio.QualityTools.Tips.UnitTest.Adapter, Version=9.0.0.0, Culture=neutral, PublicKeyToken=b03f5f7f11d50a3a" className="Vji.Spring.Mvc.SpringViewResolverImplTest, Vji.Test" name="TestResolve" />
    </UnitTest>
    <UnitTest name="TestSetLoggers" storage="i:\home\context\clowder\projects\csharp\vji.test\bin\debug\vji.test.dll" id="36363040-5069-3b9f-e828-fe31f898a901">
      <Css projectStructure="" iteration="" />
      <Owners>
        <Owner name="" />
      </Owners>
      <Execution id="77034298-8e07-41c7-a581-d4ca1191faa7" />
      <TestMethod codeBase="I:\home\context\clowder\projects\CSharp\Vji.Test\bin\Debug\Vji.Test.dll" adapterTypeName="Microsoft.VisualStudio.TestTools.TestTypes.Unit.UnitTestAdapter, Microsoft.VisualStudio.QualityTools.Tips.UnitTest.Adapter, Version=9.0.0.0, Culture=neutral, PublicKeyToken=b03f5f7f11d50a3a" className="Vji.Log4net.LoggerSetterImplTest, Vji.Test" name="TestSetLoggers" />
    </UnitTest>
    <UnitTest name="TestNewMockLicense" storage="i:\home\context\clowder\projects\csharp\vji.test\bin\debug\vji.test.dll" id="8114e816-8954-fda4-480f-e1dd4283bae6">
      <Css projectStructure="" iteration="" />
      <Owners>
        <Owner name="" />
      </Owners>
      <Execution id="0790ef24-720c-42bc-bb34-624ce92d950f" />
      <TestMethod codeBase="I:\home\context\clowder\projects\CSharp\Vji.Test\bin\Debug\Vji.Test.dll" adapterTypeName="Microsoft.VisualStudio.TestTools.TestTypes.Unit.UnitTestAdapter, Microsoft.VisualStudio.QualityTools.Tips.UnitTest.Adapter, Version=9.0.0.0, Culture=neutral, PublicKeyToken=b03f5f7f11d50a3a" className="Vji.Mock.Licensing.MockLicensingFactoryImplTest, Vji.Test" name="TestNewMockLicense" />
    </UnitTest>
    <UnitTest name="TestNewCompositeLicense" storage="i:\home\context\clowder\projects\csharp\vji.test\bin\debug\vji.test.dll" id="047b9f03-ea6f-0840-55fb-e57df91b4d88">
      <Css projectStructure="" iteration="" />
      <Owners>
        <Owner name="" />
      </Owners>
      <Execution id="fe535c62-e47c-4b47-8e43-8a8875d5c45c" />
      <TestMethod codeBase="I:\home\context\clowder\projects\CSharp\Vji.Test\bin\Debug\Vji.Test.dll" adapterTypeName="Microsoft.VisualStudio.TestTools.TestTypes.Unit.UnitTestAdapter, Microsoft.VisualStudio.QualityTools.Tips.UnitTest.Adapter, Version=9.0.0.0, Culture=neutral, PublicKeyToken=b03f5f7f11d50a3a" className="Vji.Licensing.LicensingFactoryImplTest, Vji.Test" name="TestNewCompositeLicense" />
    </UnitTest>
    <UnitTest name="TestRun" storage="i:\home\context\clowder\projects\csharp\all\vji.test.app.commandlinechess\bin\debug\vji.test.app.commandlinechess.dll" id="a141a9bd-92fd-16d3-4a4d-d11ab393d81c">
      <Css projectStructure="" iteration="" />
      <Owners>
        <Owner name="" />
      </Owners>
      <Execution id="45bf05fa-5930-49e7-985a-627cbb24cda4" />
      <TestMethod codeBase="I:\home\context\clowder\projects\CSharp\All\Vji.Test.App.CommandLineChess\bin\Debug\Vji.Test.App.CommandLineChess.dll" adapterTypeName="Microsoft.VisualStudio.TestTools.TestTypes.Unit.UnitTestAdapter, Microsoft.VisualStudio.QualityTools.Tips.UnitTest.Adapter, Version=9.0.0.0, Culture=neutral, PublicKeyToken=b03f5f7f11d50a3a" className="Vji.App.CommandLineChess.ProgramImplTest, Vji.Test.App.CommandLineChess" name="TestRun" />
    </UnitTest>
    <UnitTest name="TestNewProgram" storage="i:\home\context\clowder\projects\csharp\all\vji.test.app.commandlinechess\bin\debug\vji.test.app.commandlinechess.dll" id="55049376-c8d6-f907-0a3a-d77576d90e51">
      <Css projectStructure="" iteration="" />
      <Owners>
        <Owner name="" />
      </Owners>
      <Execution id="46d34e24-c64b-418b-9f18-d0eb8a98b292" />
      <TestMethod codeBase="I:\home\context\clowder\projects\CSharp\All\Vji.Test.App.CommandLineChess\bin\Debug\Vji.Test.App.CommandLineChess.dll" adapterTypeName="Microsoft.VisualStudio.TestTools.TestTypes.Unit.UnitTestAdapter, Microsoft.VisualStudio.QualityTools.Tips.UnitTest.Adapter, Version=9.0.0.0, Culture=neutral, PublicKeyToken=b03f5f7f11d50a3a" className="Vji.App.CommandLineChess.MainFactoryImplTest, Vji.Test.App.CommandLineChess" name="TestNewProgram" />
    </UnitTest>
    <UnitTest name="TestSetup" storage="i:\home\context\clowder\projects\csharp\vji.test\bin\debug\vji.test.dll" id="5561408e-b1b5-605d-2747-9d6c0cd73e09">
      <Css projectStructure="" iteration="" />
      <Owners>
        <Owner name="" />
      </Owners>
      <Execution id="82d5e480-fbef-46db-a06a-bba7aef11727" />
      <TestMethod codeBase="I:\home\context\clowder\projects\CSharp\Vji.Test\bin\Debug\Vji.Test.dll" adapterTypeName="Microsoft.VisualStudio.TestTools.TestTypes.Unit.UnitTestAdapter, Microsoft.VisualStudio.QualityTools.Tips.UnitTest.Adapter, Version=9.0.0.0, Culture=neutral, PublicKeyToken=b03f5f7f11d50a3a" className="Vji.Licensing.LicensedConditionImplTest, Vji.Test" name="TestSetup" />
    </UnitTest>
    <UnitTest name="TestNewLogBootstrapper" storage="i:\home\context\clowder\projects\csharp\vji.test\bin\debug\vji.test.dll" id="212161e9-4e8a-ef25-7fd9-285eff16a836">
      <Css projectStructure="" iteration="" />
      <Owners>
        <Owner name="" />
      </Owners>
      <Execution id="e7d4e779-9223-4ef8-aa04-939194f36c9c" />
      <TestMethod codeBase="I:\home\context\clowder\projects\CSharp\Vji.Test\bin\Debug\Vji.Test.dll" adapterTypeName="Microsoft.VisualStudio.TestTools.TestTypes.Unit.UnitTestAdapter, Microsoft.VisualStudio.QualityTools.Tips.UnitTest.Adapter, Version=9.0.0.0, Culture=neutral, PublicKeyToken=b03f5f7f11d50a3a" className="Vji.Bootstrap.MainFactoryClassTest, Vji.Test" name="TestNewLogBootstrapper" />
    </UnitTest>
    <UnitTest name="TestNewFinishCommand" storage="i:\home\context\clowder\projects\csharp\vji.test\bin\debug\vji.test.dll" id="4d1c5c85-afd1-547a-b8d4-d6cfc2130a7f">
      <Css projectStructure="" iteration="" />
      <Owners>
        <Owner name="" />
      </Owners>
      <Execution id="e4e72f4f-7f73-41ab-83cf-caa1fe84c139" />
      <TestMethod codeBase="I:\home\context\clowder\projects\CSharp\Vji.Test\bin\Debug\Vji.Test.dll" adapterTypeName="Microsoft.VisualStudio.TestTools.TestTypes.Unit.UnitTestAdapter, Microsoft.VisualStudio.QualityTools.Tips.UnitTest.Adapter, Version=9.0.0.0, Culture=neutral, PublicKeyToken=b03f5f7f11d50a3a" className="Vji.Mvc.MvcFactoryImplTest, Vji.Test" name="TestNewFinishCommand" />
    </UnitTest>
    <UnitTest name="TestRenderBoard" storage="i:\home\context\clowder\projects\csharp\vji.test.chess\bin\debug\testproject1.dll" id="5e1340b1-3b05-ce9c-6570-d7f5b0e024bd">
      <Css projectStructure="" iteration="" />
      <Owners>
        <Owner name="" />
      </Owners>
      <Execution id="82dfba00-bfec-4d75-a0c1-34191dc98b2e" />
      <TestMethod codeBase="I:\home\context\clowder\projects\CSharp\Vji.Test.Chess\bin\Debug\TestProject1.dll" adapterTypeName="Microsoft.VisualStudio.TestTools.TestTypes.Unit.UnitTestAdapter, Microsoft.VisualStudio.QualityTools.Tips.UnitTest.Adapter, Version=9.0.0.0, Culture=neutral, PublicKeyToken=b03f5f7f11d50a3a" className="Vji.Chess.Mvc.StartBoardViewImplTest, TestProject1" name="TestRenderBoard" />
    </UnitTest>
    <UnitTest name="TestNewLicensedCondition" storage="i:\home\context\clowder\projects\csharp\vji.test\bin\debug\vji.test.dll" id="f056f4a6-d3c7-c3db-e50b-810040f28763">
      <Css projectStructure="" iteration="" />
      <Owners>
        <Owner name="" />
      </Owners>
      <Execution id="f232217b-2030-4d63-953c-3f06f131360f" />
      <TestMethod codeBase="I:\home\context\clowder\projects\CSharp\Vji.Test\bin\Debug\Vji.Test.dll" adapterTypeName="Microsoft.VisualStudio.TestTools.TestTypes.Unit.UnitTestAdapter, Microsoft.VisualStudio.QualityTools.Tips.UnitTest.Adapter, Version=9.0.0.0, Culture=neutral, PublicKeyToken=b03f5f7f11d50a3a" className="Vji.Licensing.LicensingFactoryImplTest, Vji.Test" name="TestNewLicensedCondition" />
    </UnitTest>
    <UnitTest name="TestNewAssemblyResolver" storage="i:\home\context\clowder\projects\csharp\vji.test\bin\debug\vji.test.dll" id="02399035-4a62-ae30-810d-5abe081590fe">
      <Css projectStructure="" iteration="" />
      <Owners>
        <Owner name="" />
      </Owners>
      <Execution id="387d5fb9-957d-47aa-980c-8d04867746bd" />
      <TestMethod codeBase="I:\home\context\clowder\projects\CSharp\Vji.Test\bin\Debug\Vji.Test.dll" adapterTypeName="Microsoft.VisualStudio.TestTools.TestTypes.Unit.UnitTestAdapter, Microsoft.VisualStudio.QualityTools.Tips.UnitTest.Adapter, Version=9.0.0.0, Culture=neutral, PublicKeyToken=b03f5f7f11d50a3a" className="Vji.Bootstrap.MainFactoryClassTest, Vji.Test" name="TestNewAssemblyResolver" />
    </UnitTest>
    <UnitTest name="TestNewDriver" storage="i:\home\context\clowder\projects\csharp\vji.test\bin\debug\vji.test.dll" id="de67831e-48cf-7761-77a6-d89d61b02669">
      <Css projectStructure="" iteration="" />
      <Owners>
        <Owner name="" />
      </Owners>
      <Execution id="9a93d95a-54cc-4f35-84a6-c79478f7d73b" />
      <TestMethod codeBase="I:\home\context\clowder\projects\CSharp\Vji.Test\bin\Debug\Vji.Test.dll" adapterTypeName="Microsoft.VisualStudio.TestTools.TestTypes.Unit.UnitTestAdapter, Microsoft.VisualStudio.QualityTools.Tips.UnitTest.Adapter, Version=9.0.0.0, Culture=neutral, PublicKeyToken=b03f5f7f11d50a3a" className="Vji.Mvc.MvcFactoryImplTest, Vji.Test" name="TestNewDriver" />
    </UnitTest>
    <UnitTest name="TestNewCell" storage="i:\home\context\clowder\projects\csharp\vji.test\bin\debug\vji.test.dll" id="dab7fb1e-7004-11f8-a392-cc49558e0a46">
      <Css projectStructure="" iteration="" />
      <Owners>
        <Owner name="" />
      </Owners>
      <Execution id="64bbcd00-11a3-4936-9448-33e627c22b2e" />
      <TestMethod codeBase="I:\home\context\clowder\projects\CSharp\Vji.Test\bin\Debug\Vji.Test.dll" adapterTypeName="Microsoft.VisualStudio.TestTools.TestTypes.Unit.UnitTestAdapter, Microsoft.VisualStudio.QualityTools.Tips.UnitTest.Adapter, Version=9.0.0.0, Culture=neutral, PublicKeyToken=b03f5f7f11d50a3a" className="Vji.Microsoft.Excel.MicrosoftExcelFactoryImplTest, Vji.Test" name="TestNewCell" />
    </UnitTest>
    <UnitTest name="TestSetLocationAt" storage="i:\home\context\clowder\projects\csharp\vji.test.chess\bin\debug\testproject1.dll" id="88743228-fae6-a840-b785-5fc6de2c364f">
      <Css projectStructure="" iteration="" />
      <Owners>
        <Owner name="" />
      </Owners>
      <Execution id="f1985840-49ff-4610-b2dd-461a2c410cc3" />
      <TestMethod codeBase="I:\home\context\clowder\projects\CSharp\Vji.Test.Chess\bin\Debug\TestProject1.dll" adapterTypeName="Microsoft.VisualStudio.TestTools.TestTypes.Unit.UnitTestAdapter, Microsoft.VisualStudio.QualityTools.Tips.UnitTest.Adapter, Version=9.0.0.0, Culture=neutral, PublicKeyToken=b03f5f7f11d50a3a" className="Vji.Chess.Model.BoardImplTest, TestProject1" name="TestSetLocationAt" />
    </UnitTest>
    <UnitTest name="TestRenderPrompt" storage="i:\home\context\clowder\projects\csharp\vji.test.chess\bin\debug\testproject1.dll" id="785b381d-bb42-c2c3-2053-1c975b602b38">
      <Css projectStructure="" iteration="" />
      <Owners>
        <Owner name="" />
      </Owners>
      <Execution id="03ee1d5f-e55a-4afd-8e71-26c6fe6f281c" />
      <TestMethod codeBase="I:\home\context\clowder\projects\CSharp\Vji.Test.Chess\bin\Debug\TestProject1.dll" adapterTypeName="Microsoft.VisualStudio.TestTools.TestTypes.Unit.UnitTestAdapter, Microsoft.VisualStudio.QualityTools.Tips.UnitTest.Adapter, Version=9.0.0.0, Culture=neutral, PublicKeyToken=b03f5f7f11d50a3a" className="Vji.Chess.Mvc.StartBoardViewImplTest, TestProject1" name="TestRenderPrompt" />
    </UnitTest>
    <UnitTest name="TestGetLocationAt" storage="i:\home\context\clowder\projects\csharp\vji.test.chess\bin\debug\testproject1.dll" id="bb1aba7c-db24-1b38-69fd-ba5e618a00ec">
      <Css projectStructure="" iteration="" />
      <Owners>
        <Owner name="" />
      </Owners>
      <Execution id="1f2a15be-6132-4d3d-aff9-7b02a010ddb7" />
      <TestMethod codeBase="I:\home\context\clowder\projects\CSharp\Vji.Test.Chess\bin\Debug\TestProject1.dll" adapterTypeName="Microsoft.VisualStudio.TestTools.TestTypes.Unit.UnitTestAdapter, Microsoft.VisualStudio.QualityTools.Tips.UnitTest.Adapter, Version=9.0.0.0, Culture=neutral, PublicKeyToken=b03f5f7f11d50a3a" className="Vji.Chess.Model.BoardImplTest, TestProject1" name="TestGetLocationAt" />
    </UnitTest>
    <UnitTest name="TestPlacePieceAt" storage="i:\home\context\clowder\projects\csharp\vji.test.chess\bin\debug\testproject1.dll" id="e92c6073-c2f1-a602-f50c-7c353faa83f8">
      <Css projectStructure="" iteration="" />
      <Owners>
        <Owner name="" />
      </Owners>
      <Execution id="c424f444-b7cc-4c96-bf38-fdb4103eee63" />
      <TestMethod codeBase="I:\home\context\clowder\projects\CSharp\Vji.Test.Chess\bin\Debug\TestProject1.dll" adapterTypeName="Microsoft.VisualStudio.TestTools.TestTypes.Unit.UnitTestAdapter, Microsoft.VisualStudio.QualityTools.Tips.UnitTest.Adapter, Version=9.0.0.0, Culture=neutral, PublicKeyToken=b03f5f7f11d50a3a" className="Vji.Chess.Model.BoardImplTest, TestProject1" name="TestPlacePieceAt" />
    </UnitTest>
    <UnitTest name="TestBootstrap" storage="i:\home\context\clowder\projects\csharp\vji.test\bin\debug\vji.test.dll" id="3e6df287-6bc3-2b0c-166f-4a0c2e23f8ee">
      <Css projectStructure="" iteration="" />
      <Owners>
        <Owner name="" />
      </Owners>
      <Execution id="2c266fd1-4690-4ef6-a8c5-7a1cab131386" />
      <TestMethod codeBase="I:\home\context\clowder\projects\CSharp\Vji.Test\bin\Debug\Vji.Test.dll" adapterTypeName="Microsoft.VisualStudio.TestTools.TestTypes.Unit.UnitTestAdapter, Microsoft.VisualStudio.QualityTools.Tips.UnitTest.Adapter, Version=9.0.0.0, Culture=neutral, PublicKeyToken=b03f5f7f11d50a3a" className="Vji.Bootstrap.CompositeBootstrapperImplTest, Vji.Test" name="TestBootstrap" />
    </UnitTest>
    <UnitTest name="TestToString" storage="i:\home\context\clowder\projects\csharp\vji.test\bin\debug\vji.test.dll" id="b23acd78-480b-f76e-9005-af5edb6858ca">
      <Css projectStructure="" iteration="" />
      <Owners>
        <Owner name="" />
      </Owners>
      <Execution id="9399e7aa-8e39-4b87-bf5c-22e235868318" />
      <TestMethod codeBase="I:\home\context\clowder\projects\CSharp\Vji.Test\bin\Debug\Vji.Test.dll" adapterTypeName="Microsoft.VisualStudio.TestTools.TestTypes.Unit.UnitTestAdapter, Microsoft.VisualStudio.QualityTools.Tips.UnitTest.Adapter, Version=9.0.0.0, Culture=neutral, PublicKeyToken=b03f5f7f11d50a3a" className="Vji.Mvc.StartCommandImplTest, Vji.Test" name="TestToString" />
    </UnitTest>
    <UnitTest name="TestBootstrap" storage="i:\home\context\clowder\projects\csharp\vji.test\bin\debug\vji.test.dll" id="ca217807-9129-1683-0a66-dd1afce2f8ea">
      <Css projectStructure="" iteration="" />
      <Owners>
        <Owner name="" />
      </Owners>
      <Execution id="19a146ae-334f-41c4-a41e-f690eb57892d" />
      <TestMethod codeBase="I:\home\context\clowder\projects\CSharp\Vji.Test\bin\Debug\Vji.Test.dll" adapterTypeName="Microsoft.VisualStudio.TestTools.TestTypes.Unit.UnitTestAdapter, Microsoft.VisualStudio.QualityTools.Tips.UnitTest.Adapter, Version=9.0.0.0, Culture=neutral, PublicKeyToken=b03f5f7f11d50a3a" className="Vji.Log4net.LoggerSetterImplTest, Vji.Test" name="TestBootstrap" />
    </UnitTest>
    <UnitTest name="TestNewCompositeBootstrapper" storage="i:\home\context\clowder\projects\csharp\vji.test\bin\debug\vji.test.dll" id="7daea52a-6c80-a889-7da5-7f0df95f1a38">
      <Css projectStructure="" iteration="" />
      <Owners>
        <Owner name="" />
      </Owners>
      <Execution id="bedd4ca2-424d-487a-952a-1ad78bb7bf9a" />
      <TestMethod codeBase="I:\home\context\clowder\projects\CSharp\Vji.Test\bin\Debug\Vji.Test.dll" adapterTypeName="Microsoft.VisualStudio.TestTools.TestTypes.Unit.UnitTestAdapter, Microsoft.VisualStudio.QualityTools.Tips.UnitTest.Adapter, Version=9.0.0.0, Culture=neutral, PublicKeyToken=b03f5f7f11d50a3a" className="Vji.Bootstrap.MainFactoryClassTest, Vji.Test" name="TestNewCompositeBootstrapper" />
    </UnitTest>
    <UnitTest name="TestRenderStartPreamble" storage="i:\home\context\clowder\projects\csharp\vji.test.chess\bin\debug\testproject1.dll" id="7f898444-ae0c-6988-c9f2-09c1c6dd2445">
      <Css projectStructure="" iteration="" />
      <Owners>
        <Owner name="" />
      </Owners>
      <Execution id="7171fee9-8892-45d6-8f99-2d69d9522092" />
      <TestMethod codeBase="I:\home\context\clowder\projects\CSharp\Vji.Test.Chess\bin\Debug\TestProject1.dll" adapterTypeName="Microsoft.VisualStudio.TestTools.TestTypes.Unit.UnitTestAdapter, Microsoft.VisualStudio.QualityTools.Tips.UnitTest.Adapter, Version=9.0.0.0, Culture=neutral, PublicKeyToken=b03f5f7f11d50a3a" className="Vji.Chess.Mvc.StartBoardViewImplTest, TestProject1" name="TestRenderStartPreamble" />
    </UnitTest>
    <UnitTest name="TestNewOptionConfiguration" storage="i:\home\context\clowder\projects\csharp\vji.test\bin\debug\vji.test.dll" id="22dfb5c6-c2ce-0f79-e279-ccd370d4f003">
      <Css projectStructure="" iteration="" />
      <Owners>
        <Owner name="" />
      </Owners>
      <Execution id="b5cc41c7-8f5f-4715-b4be-9c11fb11f198" />
      <TestMethod codeBase="I:\home\context\clowder\projects\CSharp\Vji.Test\bin\Debug\Vji.Test.dll" adapterTypeName="Microsoft.VisualStudio.TestTools.TestTypes.Unit.UnitTestAdapter, Microsoft.VisualStudio.QualityTools.Tips.UnitTest.Adapter, Version=9.0.0.0, Culture=neutral, PublicKeyToken=b03f5f7f11d50a3a" className="Vji.Configuration.ConfigurationFactoryImplTest, Vji.Test" name="TestNewOptionConfiguration" />
    </UnitTest>
    <UnitTest name="TestNewCompositeCondition" storage="i:\home\context\clowder\projects\csharp\vji.test\bin\debug\vji.test.dll" id="d2957472-82b0-4352-80e8-115bdf9b2474">
      <Css projectStructure="" iteration="" />
      <Owners>
        <Owner name="" />
      </Owners>
      <Execution id="e63238d2-e4c3-4878-bbd1-a4c7d62a3ef3" />
      <TestMethod codeBase="I:\home\context\clowder\projects\CSharp\Vji.Test\bin\Debug\Vji.Test.dll" adapterTypeName="Microsoft.VisualStudio.TestTools.TestTypes.Unit.UnitTestAdapter, Microsoft.VisualStudio.QualityTools.Tips.UnitTest.Adapter, Version=9.0.0.0, Culture=neutral, PublicKeyToken=b03f5f7f11d50a3a" className="Vji.Config.ConditionsFactoryImplTest, Vji.Test" name="TestNewCompositeCondition" />
    </UnitTest>
    <UnitTest name="TestAdd" storage="i:\home\context\clowder\projects\csharp\vji.test\bin\debug\vji.test.dll" id="10c57aa1-a1d0-586c-cd4d-b2178e6ec5d3">
      <Css projectStructure="" iteration="" />
      <Owners>
        <Owner name="" />
      </Owners>
      <Execution id="c54a79b9-21e2-4da3-bd4f-335b44587cb2" />
      <TestMethod codeBase="I:\home\context\clowder\projects\CSharp\Vji.Test\bin\Debug\Vji.Test.dll" adapterTypeName="Microsoft.VisualStudio.TestTools.TestTypes.Unit.UnitTestAdapter, Microsoft.VisualStudio.QualityTools.Tips.UnitTest.Adapter, Version=9.0.0.0, Culture=neutral, PublicKeyToken=b03f5f7f11d50a3a" className="Vji.Log4net.LoggerSetterImplTest, Vji.Test" name="TestAdd" />
    </UnitTest>
    <UnitTest name="TestObtain" storage="i:\home\context\clowder\projects\csharp\vji.test\bin\debug\vji.test.dll" id="78fc299f-e303-1829-62c4-f58b86caadf1">
      <Css projectStructure="" iteration="" />
      <Owners>
        <Owner name="" />
      </Owners>
      <Execution id="402aa4ed-309c-413f-b1f2-e46c3e350c1b" />
      <TestMethod codeBase="I:\home\context\clowder\projects\CSharp\Vji.Test\bin\Debug\Vji.Test.dll" adapterTypeName="Microsoft.VisualStudio.TestTools.TestTypes.Unit.UnitTestAdapter, Microsoft.VisualStudio.QualityTools.Tips.UnitTest.Adapter, Version=9.0.0.0, Culture=neutral, PublicKeyToken=b03f5f7f11d50a3a" className="Vji.Mock.Licensing.MockLicenseImplTest, Vji.Test" name="TestObtain" />
    </UnitTest>
    <UnitTest name="TestNewRook" storage="i:\home\context\clowder\projects\csharp\vji.test.chess\bin\debug\testproject1.dll" id="bf7e5522-6db4-bb76-4896-79c35a6e3e01">
      <Css projectStructure="" iteration="" />
      <Owners>
        <Owner name="" />
      </Owners>
      <Execution id="b014e7bb-f8a1-431d-beb1-f4db38bc2561" />
      <TestMethod codeBase="I:\home\context\clowder\projects\CSharp\Vji.Test.Chess\bin\Debug\TestProject1.dll" adapterTypeName="Microsoft.VisualStudio.TestTools.TestTypes.Unit.UnitTestAdapter, Microsoft.VisualStudio.QualityTools.Tips.UnitTest.Adapter, Version=9.0.0.0, Culture=neutral, PublicKeyToken=b03f5f7f11d50a3a" className="Vji.Chess.Model.ChessModelFactoryImplTest, TestProject1" name="TestNewRook" />
    </UnitTest>
    <UnitTest name="TestNewModelAndView" storage="i:\home\context\clowder\projects\csharp\vji.test\bin\debug\vji.test.dll" id="27f48556-7f45-0eef-5b5a-01146364cae3">
      <Css projectStructure="" iteration="" />
      <Owners>
        <Owner name="" />
      </Owners>
      <Execution id="78ed0b27-762f-4b51-a38c-cf0ec4daf0bd" />
      <TestMethod codeBase="I:\home\context\clowder\projects\CSharp\Vji.Test\bin\Debug\Vji.Test.dll" adapterTypeName="Microsoft.VisualStudio.TestTools.TestTypes.Unit.UnitTestAdapter, Microsoft.VisualStudio.QualityTools.Tips.UnitTest.Adapter, Version=9.0.0.0, Culture=neutral, PublicKeyToken=b03f5f7f11d50a3a" className="Vji.Mvc.MvcFactoryImplTest, Vji.Test" name="TestNewModelAndView" />
    </UnitTest>
    <UnitTest name="TestToText" storage="i:\home\context\clowder\projects\csharp\vji.test\bin\debug\vji.test.dll" id="aa39f5b2-8c6b-6f1b-8e6e-470453ee71f7">
      <Css projectStructure="" iteration="" />
      <Owners>
        <Owner name="" />
      </Owners>
      <Execution id="f86fbb4c-641f-4cc9-ba96-0b6d22eef434" />
      <TestMethod codeBase="I:\home\context\clowder\projects\CSharp\Vji.Test\bin\Debug\Vji.Test.dll" adapterTypeName="Microsoft.VisualStudio.TestTools.TestTypes.Unit.UnitTestAdapter, Microsoft.VisualStudio.QualityTools.Tips.UnitTest.Adapter, Version=9.0.0.0, Culture=neutral, PublicKeyToken=b03f5f7f11d50a3a" className="System.Collections.Generic.DictionaryExtensionsTest, Vji.Test" name="TestToText" />
    </UnitTest>
  </TestDefinitions>
  <TestLists>
    <TestList name="Results Not in a List" id="8c84fa94-04c1-424b-9868-57a2d4851a1d" />
    <TestList name="All Loaded Results" id="19431567-8539-422a-85d7-44ee4e166bda" />
  </TestLists>
  <TestEntries>
    <TestEntry testId="02399035-4a62-ae30-810d-5abe081590fe" executionId="387d5fb9-957d-47aa-980c-8d04867746bd" testListId="8c84fa94-04c1-424b-9868-57a2d4851a1d" />
    <TestEntry testId="03ce7a89-07d5-9d5a-1f08-8249b0516d24" executionId="a351a78c-4e28-436e-a714-a0062ffee449" testListId="8c84fa94-04c1-424b-9868-57a2d4851a1d" />
    <TestEntry testId="047b9f03-ea6f-0840-55fb-e57df91b4d88" executionId="fe535c62-e47c-4b47-8e43-8a8875d5c45c" testListId="8c84fa94-04c1-424b-9868-57a2d4851a1d" />
    <TestEntry testId="0967fef5-8ffc-8a81-60e8-876bb4a99cd4" executionId="f22c46de-ef8f-4b0f-93cd-2e15cb7b0130" testListId="8c84fa94-04c1-424b-9868-57a2d4851a1d" />
    <TestEntry testId="10c57aa1-a1d0-586c-cd4d-b2178e6ec5d3" executionId="c54a79b9-21e2-4da3-bd4f-335b44587cb2" testListId="8c84fa94-04c1-424b-9868-57a2d4851a1d" />
    <TestEntry testId="11cf1b13-04ae-7059-f46c-8a9614f4cce2" executionId="0e1b422c-a2a8-4804-bcef-06dbd243b4c7" testListId="8c84fa94-04c1-424b-9868-57a2d4851a1d" />
    <TestEntry testId="1e4c5c6b-2f4b-2f46-0e9a-41666f9ad852" executionId="122f5f7d-511e-4211-8289-da67d2b6d862" testListId="8c84fa94-04c1-424b-9868-57a2d4851a1d" />
    <TestEntry testId="212161e9-4e8a-ef25-7fd9-285eff16a836" executionId="e7d4e779-9223-4ef8-aa04-939194f36c9c" testListId="8c84fa94-04c1-424b-9868-57a2d4851a1d" />
    <TestEntry testId="22dfb5c6-c2ce-0f79-e279-ccd370d4f003" executionId="b5cc41c7-8f5f-4715-b4be-9c11fb11f198" testListId="8c84fa94-04c1-424b-9868-57a2d4851a1d" />
    <TestEntry testId="24508f16-5423-a17d-c2a3-d1e397151f11" executionId="b6df7743-a269-4db8-a243-b69f1dfff532" testListId="8c84fa94-04c1-424b-9868-57a2d4851a1d" />
    <TestEntry testId="27f48556-7f45-0eef-5b5a-01146364cae3" executionId="78ed0b27-762f-4b51-a38c-cf0ec4daf0bd" testListId="8c84fa94-04c1-424b-9868-57a2d4851a1d" />
    <TestEntry testId="29a35ee6-1cc4-883b-1026-9edf18dce68a" executionId="b9b2639b-0d36-491e-854d-50e683311d61" testListId="8c84fa94-04c1-424b-9868-57a2d4851a1d" />
    <TestEntry testId="2f2e97e4-10b6-9cbb-96c2-b27584859f78" executionId="01004420-b565-4db1-a6fc-3685841e411c" testListId="8c84fa94-04c1-424b-9868-57a2d4851a1d" />
    <TestEntry testId="2f683e87-4b10-5603-1273-da3beab27e4c" executionId="1931228b-1cd9-46b6-8cad-641e8a8b81df" testListId="8c84fa94-04c1-424b-9868-57a2d4851a1d" />
    <TestEntry testId="34fe935a-d2f4-fda6-7223-4237f7a584ae" executionId="fad03400-d4a7-429f-8a1b-89fcc8cf83f6" testListId="8c84fa94-04c1-424b-9868-57a2d4851a1d" />
    <TestEntry testId="36363040-5069-3b9f-e828-fe31f898a901" executionId="77034298-8e07-41c7-a581-d4ca1191faa7" testListId="8c84fa94-04c1-424b-9868-57a2d4851a1d" />
    <TestEntry testId="39134fda-b8db-5ebc-76d9-fd2d2a1e6cf8" executionId="80c74944-3fe7-4dbd-8e79-8fbdc02d90ba" testListId="8c84fa94-04c1-424b-9868-57a2d4851a1d" />
    <TestEntry testId="3e6df287-6bc3-2b0c-166f-4a0c2e23f8ee" executionId="2c266fd1-4690-4ef6-a8c5-7a1cab131386" testListId="8c84fa94-04c1-424b-9868-57a2d4851a1d" />
    <TestEntry testId="403ca450-f454-24f8-2c3a-c94e691161d4" executionId="515d5a67-4a0c-428f-ad88-b5cc4c5da03e" testListId="8c84fa94-04c1-424b-9868-57a2d4851a1d" />
    <TestEntry testId="48c7083a-7105-e179-4612-8dda7baf1013" executionId="69b5ddc8-e3d5-45c0-8631-0e6e059e39c4" testListId="8c84fa94-04c1-424b-9868-57a2d4851a1d" />
    <TestEntry testId="4ae40667-f8d0-3209-9cee-c1ecae187bc3" executionId="de19efd0-7e9e-4d80-8f7f-f125aaa6bb76" testListId="8c84fa94-04c1-424b-9868-57a2d4851a1d" />
    <TestEntry testId="4d1c5c85-afd1-547a-b8d4-d6cfc2130a7f" executionId="e4e72f4f-7f73-41ab-83cf-caa1fe84c139" testListId="8c84fa94-04c1-424b-9868-57a2d4851a1d" />
    <TestEntry testId="4fa51609-d1b2-1cd1-1827-9de3881d2c25" executionId="e274d305-b0a6-4d72-b740-6e6e6dede976" testListId="8c84fa94-04c1-424b-9868-57a2d4851a1d" />
    <TestEntry testId="536cd357-c682-8ee9-3ee6-d9dfab325956" executionId="8954744c-5dc7-4f81-b8d0-d4e1ac6fabf5" testListId="8c84fa94-04c1-424b-9868-57a2d4851a1d" />
    <TestEntry testId="55049376-c8d6-f907-0a3a-d77576d90e51" executionId="46d34e24-c64b-418b-9f18-d0eb8a98b292" testListId="8c84fa94-04c1-424b-9868-57a2d4851a1d" />
    <TestEntry testId="5561408e-b1b5-605d-2747-9d6c0cd73e09" executionId="82d5e480-fbef-46db-a06a-bba7aef11727" testListId="8c84fa94-04c1-424b-9868-57a2d4851a1d" />
    <TestEntry testId="5e1340b1-3b05-ce9c-6570-d7f5b0e024bd" executionId="82dfba00-bfec-4d75-a0c1-34191dc98b2e" testListId="8c84fa94-04c1-424b-9868-57a2d4851a1d" />
    <TestEntry testId="5ea74d90-0bad-62f2-9bc8-f8ab483c9b2b" executionId="0390f3d9-4365-4c57-a305-b1313067e7ba" testListId="8c84fa94-04c1-424b-9868-57a2d4851a1d" />
    <TestEntry testId="6094ce43-61ac-354d-6931-49bc152c0419" executionId="048e811b-4c88-422d-b515-10355b30f71c" testListId="8c84fa94-04c1-424b-9868-57a2d4851a1d" />
    <TestEntry testId="6803fd9a-3ccc-3b31-d035-e96dbf43d138" executionId="59e8c2b3-151b-430e-99ea-314c1a3713f7" testListId="8c84fa94-04c1-424b-9868-57a2d4851a1d" />
    <TestEntry testId="74c609f3-b1f5-c0d2-e51a-789c2065a569" executionId="0069d9da-fe23-4fee-a0c8-f42305463a3d" testListId="8c84fa94-04c1-424b-9868-57a2d4851a1d" />
    <TestEntry testId="785b381d-bb42-c2c3-2053-1c975b602b38" executionId="03ee1d5f-e55a-4afd-8e71-26c6fe6f281c" testListId="8c84fa94-04c1-424b-9868-57a2d4851a1d" />
    <TestEntry testId="78fc299f-e303-1829-62c4-f58b86caadf1" executionId="402aa4ed-309c-413f-b1f2-e46c3e350c1b" testListId="8c84fa94-04c1-424b-9868-57a2d4851a1d" />
    <TestEntry testId="7daea52a-6c80-a889-7da5-7f0df95f1a38" executionId="bedd4ca2-424d-487a-952a-1ad78bb7bf9a" testListId="8c84fa94-04c1-424b-9868-57a2d4851a1d" />
    <TestEntry testId="7ea9df12-de9c-eede-eebe-f77b97de53c3" executionId="5fc4ff96-bfc5-4d8e-b3b2-4f2eab78c388" testListId="8c84fa94-04c1-424b-9868-57a2d4851a1d" />
    <TestEntry testId="7f898444-ae0c-6988-c9f2-09c1c6dd2445" executionId="7171fee9-8892-45d6-8f99-2d69d9522092" testListId="8c84fa94-04c1-424b-9868-57a2d4851a1d" />
    <TestEntry testId="7fd8bf34-2fbb-d0e9-9fad-0275bdbf80cd" executionId="53b8d3ca-279f-43d6-83e7-0928735c856e" testListId="8c84fa94-04c1-424b-9868-57a2d4851a1d" />
    <TestEntry testId="8114e816-8954-fda4-480f-e1dd4283bae6" executionId="0790ef24-720c-42bc-bb34-624ce92d950f" testListId="8c84fa94-04c1-424b-9868-57a2d4851a1d" />
    <TestEntry testId="88743228-fae6-a840-b785-5fc6de2c364f" executionId="f1985840-49ff-4610-b2dd-461a2c410cc3" testListId="8c84fa94-04c1-424b-9868-57a2d4851a1d" />
    <TestEntry testId="93192048-5ab0-d37d-0221-49dd3483a148" executionId="99eab650-0579-4277-8144-93ed630e85a8" testListId="8c84fa94-04c1-424b-9868-57a2d4851a1d" />
    <TestEntry testId="97cd2fc1-97b8-94fd-311d-1216210c2924" executionId="37b48e7f-91a8-4f5d-ab6d-d88c9a808ec1" testListId="8c84fa94-04c1-424b-9868-57a2d4851a1d" />
    <TestEntry testId="98537372-daf1-0a93-9c08-8b3e7e7e3dd2" executionId="8dadc017-8f3c-430c-81bf-1d83e5c6cb5f" testListId="8c84fa94-04c1-424b-9868-57a2d4851a1d" />
    <TestEntry testId="99fb145e-61d1-1309-4460-74c055f3a994" executionId="24614016-1234-43d4-9ada-6242b2982564" testListId="8c84fa94-04c1-424b-9868-57a2d4851a1d" />
    <TestEntry testId="9a34c574-e4f6-880d-0f65-f06db97b0a61" executionId="1b5545d9-e60a-4cee-9828-601cffa737ea" testListId="8c84fa94-04c1-424b-9868-57a2d4851a1d" />
    <TestEntry testId="a141a9bd-92fd-16d3-4a4d-d11ab393d81c" executionId="45bf05fa-5930-49e7-985a-627cbb24cda4" testListId="8c84fa94-04c1-424b-9868-57a2d4851a1d" />
    <TestEntry testId="a388291b-77c8-bad1-3431-cbba69a53943" executionId="70216ae6-ed51-4733-a37a-b63827a0f7cb" testListId="8c84fa94-04c1-424b-9868-57a2d4851a1d" />
    <TestEntry testId="a7149737-2d01-3d73-c33f-00ff66149214" executionId="87e3b600-4e61-42b1-ba2b-d3d28c1e271a" testListId="8c84fa94-04c1-424b-9868-57a2d4851a1d" />
    <TestEntry testId="aa39f5b2-8c6b-6f1b-8e6e-470453ee71f7" executionId="f86fbb4c-641f-4cc9-ba96-0b6d22eef434" testListId="8c84fa94-04c1-424b-9868-57a2d4851a1d" />
    <TestEntry testId="ac55cfd0-fc0e-5390-c5ef-a3f63a2e6a37" executionId="294c4674-184c-4295-8d5a-81f80407c89c" testListId="8c84fa94-04c1-424b-9868-57a2d4851a1d" />
    <TestEntry testId="b23acd78-480b-f76e-9005-af5edb6858ca" executionId="9399e7aa-8e39-4b87-bf5c-22e235868318" testListId="8c84fa94-04c1-424b-9868-57a2d4851a1d" />
    <TestEntry testId="b4bdfade-d685-5f72-6d20-7233d007195f" executionId="2467c8c3-1d91-4fc6-9b9e-5c505d64ff39" testListId="8c84fa94-04c1-424b-9868-57a2d4851a1d" />
    <TestEntry testId="bb1aba7c-db24-1b38-69fd-ba5e618a00ec" executionId="1f2a15be-6132-4d3d-aff9-7b02a010ddb7" testListId="8c84fa94-04c1-424b-9868-57a2d4851a1d" />
    <TestEntry testId="bcc9e5a6-60e7-bfc8-7eac-8815d020212d" executionId="1402470f-2c3d-445b-895c-4712a505388d" testListId="8c84fa94-04c1-424b-9868-57a2d4851a1d" />
    <TestEntry testId="bf7e5522-6db4-bb76-4896-79c35a6e3e01" executionId="b014e7bb-f8a1-431d-beb1-f4db38bc2561" testListId="8c84fa94-04c1-424b-9868-57a2d4851a1d" />
    <TestEntry testId="c5fe066e-b078-dfd0-7836-55c92d383fb7" executionId="fb94189c-e502-45ee-b938-51a278eccf26" testListId="8c84fa94-04c1-424b-9868-57a2d4851a1d" />
    <TestEntry testId="c7f1d316-b652-b571-63da-340ac31a1a77" executionId="79537592-a7a5-49a8-b475-6b4ca8969db9" testListId="8c84fa94-04c1-424b-9868-57a2d4851a1d" />
    <TestEntry testId="ca217807-9129-1683-0a66-dd1afce2f8ea" executionId="19a146ae-334f-41c4-a41e-f690eb57892d" testListId="8c84fa94-04c1-424b-9868-57a2d4851a1d" />
    <TestEntry testId="d10eb379-7426-e7b8-31b9-9317ddbedb50" executionId="292430a8-17a3-4757-b81d-9b576ac590a2" testListId="8c84fa94-04c1-424b-9868-57a2d4851a1d" />
    <TestEntry testId="d2957472-82b0-4352-80e8-115bdf9b2474" executionId="e63238d2-e4c3-4878-bbd1-a4c7d62a3ef3" testListId="8c84fa94-04c1-424b-9868-57a2d4851a1d" />
    <TestEntry testId="d6e2566f-01f2-f1db-35e6-1066959c4239" executionId="957e2684-8a38-4a84-8612-539612f89b31" testListId="8c84fa94-04c1-424b-9868-57a2d4851a1d" />
    <TestEntry testId="dab7fb1e-7004-11f8-a392-cc49558e0a46" executionId="64bbcd00-11a3-4936-9448-33e627c22b2e" testListId="8c84fa94-04c1-424b-9868-57a2d4851a1d" />
    <TestEntry testId="ddc85e03-bf9c-b13a-02f3-424c04e3a314" executionId="87db0b42-dcdf-498b-9156-1e52cccddde9" testListId="8c84fa94-04c1-424b-9868-57a2d4851a1d" />
    <TestEntry testId="de67831e-48cf-7761-77a6-d89d61b02669" executionId="9a93d95a-54cc-4f35-84a6-c79478f7d73b" testListId="8c84fa94-04c1-424b-9868-57a2d4851a1d" />
    <TestEntry testId="e92c6073-c2f1-a602-f50c-7c353faa83f8" executionId="c424f444-b7cc-4c96-bf38-fdb4103eee63" testListId="8c84fa94-04c1-424b-9868-57a2d4851a1d" />
    <TestEntry testId="f056f4a6-d3c7-c3db-e50b-810040f28763" executionId="f232217b-2030-4d63-953c-3f06f131360f" testListId="8c84fa94-04c1-424b-9868-57a2d4851a1d" />
    <TestEntry testId="f815af12-ec38-e14a-27b4-88ed1ea85296" executionId="8f1d1d9e-6944-4dcb-a93c-6e1d240c45f2" testListId="8c84fa94-04c1-424b-9868-57a2d4851a1d" />
    <TestEntry testId="fecaede0-ebe4-5d7b-64b5-330b1ebe0b20" executionId="4dbb81e4-695b-4bf3-b0ca-f21d1544d710" testListId="8c84fa94-04c1-424b-9868-57a2d4851a1d" />
  </TestEntries>
  <Results>
    <UnitTestResult executionId="387d5fb9-957d-47aa-980c-8d04867746bd" testId="02399035-4a62-ae30-810d-5abe081590fe" testName="TestNewAssemblyResolver" computerName="LAP-302921" duration="00:00:00.0129298" startTime="2011-04-28T13:52:55.4721223+10:00" endTime="2011-04-28T13:52:56.4568123+10:00" testType="13cdc9d9-ddb5-4fa4-a97d-d965ccfc6d4b" outcome="Passed" testListId="8c84fa94-04c1-424b-9868-57a2d4851a1d">
      <Output>
      </Output>
    </UnitTestResult>
    <UnitTestResult executionId="a351a78c-4e28-436e-a714-a0062ffee449" testId="03ce7a89-07d5-9d5a-1f08-8249b0516d24" testName="TestNewBootstrapDependentLoggerSetter" computerName="LAP-302921" duration="00:00:00.0033722" startTime="2011-04-28T13:52:56.4568123+10:00" endTime="2011-04-28T13:52:56.4568123+10:00" testType="13cdc9d9-ddb5-4fa4-a97d-d965ccfc6d4b" outcome="Passed" testListId="8c84fa94-04c1-424b-9868-57a2d4851a1d">
      <Output>
      </Output>
    </UnitTestResult>
    <UnitTestResult executionId="fe535c62-e47c-4b47-8e43-8a8875d5c45c" testId="047b9f03-ea6f-0840-55fb-e57df91b4d88" testName="TestNewCompositeLicense" computerName="LAP-302921" duration="00:00:00.5874794" startTime="2011-04-28T13:52:56.4724423+10:00" endTime="2011-04-28T13:52:57.0663823+10:00" testType="13cdc9d9-ddb5-4fa4-a97d-d965ccfc6d4b" outcome="Passed" testListId="8c84fa94-04c1-424b-9868-57a2d4851a1d">
      <Output>
        <StdOut>2011-04-28 13:52:57,019 [Agent: adapter run thread for test 'TestNewCompositeLicense' with id 'fe535c62-e47c-4b47-8e43-8a8875d5c45c'] DEBUG LogBootstrapperImpl [(null)] - Logging bootstrapped.
2011-04-28 13:52:57,050 [Agent: adapter run thread for test 'TestNewCompositeLicense' with id 'fe535c62-e47c-4b47-8e43-8a8875d5c45c'] DEBUG SpringBootstrapperImpl [(null)] - Bootstrapping Spring.NET...
2011-04-28 13:52:57,050 [Agent: adapter run thread for test 'TestNewCompositeLicense' with id 'fe535c62-e47c-4b47-8e43-8a8875d5c45c'] DEBUG SpringBootstrapperImpl [(null)] - Setting object loggers.
2011-04-28 13:52:57,050 [Agent: adapter run thread for test 'TestNewCompositeLicense' with id 'fe535c62-e47c-4b47-8e43-8a8875d5c45c'] DEBUG SpringBootstrapperImpl [(null)] - Bootstrapping Spring.NET - Done.
2011-04-28 13:52:57,050 [Agent: adapter run thread for test 'TestNewCompositeLicense' with id 'fe535c62-e47c-4b47-8e43-8a8875d5c45c'] DEBUG LogBootstrapperImpl [(null)] - Logging bootstrapped.
2011-04-28 13:52:57,050 [Agent: adapter run thread for test 'TestNewCompositeLicense' with id 'fe535c62-e47c-4b47-8e43-8a8875d5c45c'] DEBUG SpringBootstrapperImpl [(null)] - Bootstrapping Spring.NET...
2011-04-28 13:52:57,050 [Agent: adapter run thread for test 'TestNewCompositeLicense' with id 'fe535c62-e47c-4b47-8e43-8a8875d5c45c'] DEBUG SpringBootstrapperImpl [(null)] - Setting object loggers.
2011-04-28 13:52:57,050 [Agent: adapter run thread for test 'TestNewCompositeLicense' with id 'fe535c62-e47c-4b47-8e43-8a8875d5c45c'] DEBUG SpringBootstrapperImpl [(null)] - Bootstrapping Spring.NET - Done.
2011-04-28 13:52:57,050 [Agent: adapter run thread for test 'TestNewCompositeLicense' with id 'fe535c62-e47c-4b47-8e43-8a8875d5c45c'] DEBUG LogBootstrapperImpl [(null)] - Logging bootstrapped.</StdOut>
        <DebugTrace>Unable to read configuration section common/logging.  Using no-op implemenation.
Vji.Bootstrap.LogBootstrapperImpl: 2011-04-28 13:52:57,019 [Agent: adapter run thread for test 'TestNewCompositeLicense' with id 'fe535c62-e47c-4b47-8e43-8a8875d5c45c'] DEBUG [(null)] - Logging bootstrapped.
Vji.Bootstrap.SpringBootstrapperImpl: 2011-04-28 13:52:57,050 [Agent: adapter run thread for test 'TestNewCompositeLicense' with id 'fe535c62-e47c-4b47-8e43-8a8875d5c45c'] DEBUG [(null)] - Bootstrapping Spring.NET...
Vji.Bootstrap.SpringBootstrapperImpl: 2011-04-28 13:52:57,050 [Agent: adapter run thread for test 'TestNewCompositeLicense' with id 'fe535c62-e47c-4b47-8e43-8a8875d5c45c'] DEBUG [(null)] - Setting object loggers.
Vji.Bootstrap.SpringBootstrapperImpl: 2011-04-28 13:52:57,050 [Agent: adapter run thread for test 'TestNewCompositeLicense' with id 'fe535c62-e47c-4b47-8e43-8a8875d5c45c'] DEBUG [(null)] - Bootstrapping Spring.NET - Done.
Vji.Bootstrap.LogBootstrapperImpl: 2011-04-28 13:52:57,050 [Agent: adapter run thread for test 'TestNewCompositeLicense' with id 'fe535c62-e47c-4b47-8e43-8a8875d5c45c'] DEBUG [(null)] - Logging bootstrapped.
Vji.Bootstrap.SpringBootstrapperImpl: 2011-04-28 13:52:57,050 [Agent: adapter run thread for test 'TestNewCompositeLicense' with id 'fe535c62-e47c-4b47-8e43-8a8875d5c45c'] DEBUG [(null)] - Bootstrapping Spring.NET...
Vji.Bootstrap.SpringBootstrapperImpl: 2011-04-28 13:52:57,050 [Agent: adapter run thread for test 'TestNewCompositeLicense' with id 'fe535c62-e47c-4b47-8e43-8a8875d5c45c'] DEBUG [(null)] - Setting object loggers.
Vji.Bootstrap.SpringBootstrapperImpl: 2011-04-28 13:52:57,050 [Agent: adapter run thread for test 'TestNewCompositeLicense' with id 'fe535c62-e47c-4b47-8e43-8a8875d5c45c'] DEBUG [(null)] - Bootstrapping Spring.NET - Done.
Vji.Bootstrap.LogBootstrapperImpl: 2011-04-28 13:52:57,050 [Agent: adapter run thread for test 'TestNewCompositeLicense' with id 'fe535c62-e47c-4b47-8e43-8a8875d5c45c'] DEBUG [(null)] - Logging bootstrapped.
</DebugTrace>
      </Output>
    </UnitTestResult>
    <UnitTestResult executionId="f22c46de-ef8f-4b0f-93cd-2e15cb7b0130" testId="0967fef5-8ffc-8a81-60e8-876bb4a99cd4" testName="TestObtain" computerName="LAP-302921" duration="00:00:00.0111053" startTime="2011-04-28T13:52:57.0663823+10:00" endTime="2011-04-28T13:52:57.0820123+10:00" testType="13cdc9d9-ddb5-4fa4-a97d-d965ccfc6d4b" outcome="Passed" testListId="8c84fa94-04c1-424b-9868-57a2d4851a1d">
      <Output>
        <StdOut>2011-04-28 13:52:57,066 [Agent: adapter run thread for test 'TestObtain' with id 'f22c46de-ef8f-4b0f-93cd-2e15cb7b0130'] DEBUG LogBootstrapperImpl [(null)] - Logging bootstrapped.
2011-04-28 13:52:57,066 [Agent: adapter run thread for test 'TestObtain' with id 'f22c46de-ef8f-4b0f-93cd-2e15cb7b0130'] DEBUG SpringBootstrapperImpl [(null)] - Bootstrapping Spring.NET...
2011-04-28 13:52:57,066 [Agent: adapter run thread for test 'TestObtain' with id 'f22c46de-ef8f-4b0f-93cd-2e15cb7b0130'] DEBUG SpringBootstrapperImpl [(null)] - Setting object loggers.
2011-04-28 13:52:57,066 [Agent: adapter run thread for test 'TestObtain' with id 'f22c46de-ef8f-4b0f-93cd-2e15cb7b0130'] DEBUG SpringBootstrapperImpl [(null)] - Bootstrapping Spring.NET - Done.
2011-04-28 13:52:57,066 [Agent: adapter run thread for test 'TestObtain' with id 'f22c46de-ef8f-4b0f-93cd-2e15cb7b0130'] DEBUG LogBootstrapperImpl [(null)] - Logging bootstrapped.
2011-04-28 13:52:57,066 [Agent: adapter run thread for test 'TestObtain' with id 'f22c46de-ef8f-4b0f-93cd-2e15cb7b0130'] DEBUG SpringBootstrapperImpl [(null)] - Bootstrapping Spring.NET...
2011-04-28 13:52:57,066 [Agent: adapter run thread for test 'TestObtain' with id 'f22c46de-ef8f-4b0f-93cd-2e15cb7b0130'] DEBUG SpringBootstrapperImpl [(null)] - Setting object loggers.
2011-04-28 13:52:57,066 [Agent: adapter run thread for test 'TestObtain' with id 'f22c46de-ef8f-4b0f-93cd-2e15cb7b0130'] DEBUG SpringBootstrapperImpl [(null)] - Bootstrapping Spring.NET - Done.
2011-04-28 13:52:57,082 [Agent: adapter run thread for test 'TestObtain' with id 'f22c46de-ef8f-4b0f-93cd-2e15cb7b0130'] DEBUG LogBootstrapperImpl [(null)] - Logging bootstrapped.
2011-04-28 13:52:57,082 [Agent: adapter run thread for test 'TestObtain' with id 'f22c46de-ef8f-4b0f-93cd-2e15cb7b0130'] DEBUG SpringBootstrapperImpl [(null)] - Bootstrapping Spring.NET...
2011-04-28 13:52:57,082 [Agent: adapter run thread for test 'TestObtain' with id 'f22c46de-ef8f-4b0f-93cd-2e15cb7b0130'] DEBUG SpringBootstrapperImpl [(null)] - Setting object loggers.
2011-04-28 13:52:57,082 [Agent: adapter run thread for test 'TestObtain' with id 'f22c46de-ef8f-4b0f-93cd-2e15cb7b0130'] DEBUG SpringBootstrapperImpl [(null)] - Bootstrapping Spring.NET - Done.</StdOut>
        <DebugTrace>Vji.Bootstrap.LogBootstrapperImpl: 2011-04-28 13:52:57,066 [Agent: adapter run thread for test 'TestObtain' with id 'f22c46de-ef8f-4b0f-93cd-2e15cb7b0130'] DEBUG [(null)] - Logging bootstrapped.
Vji.Bootstrap.SpringBootstrapperImpl: 2011-04-28 13:52:57,066 [Agent: adapter run thread for test 'TestObtain' with id 'f22c46de-ef8f-4b0f-93cd-2e15cb7b0130'] DEBUG [(null)] - Bootstrapping Spring.NET...
Vji.Bootstrap.SpringBootstrapperImpl: 2011-04-28 13:52:57,066 [Agent: adapter run thread for test 'TestObtain' with id 'f22c46de-ef8f-4b0f-93cd-2e15cb7b0130'] DEBUG [(null)] - Setting object loggers.
Vji.Bootstrap.SpringBootstrapperImpl: 2011-04-28 13:52:57,066 [Agent: adapter run thread for test 'TestObtain' with id 'f22c46de-ef8f-4b0f-93cd-2e15cb7b0130'] DEBUG [(null)] - Bootstrapping Spring.NET - Done.
Vji.Bootstrap.LogBootstrapperImpl: 2011-04-28 13:52:57,066 [Agent: adapter run thread for test 'TestObtain' with id 'f22c46de-ef8f-4b0f-93cd-2e15cb7b0130'] DEBUG [(null)] - Logging bootstrapped.
Vji.Bootstrap.SpringBootstrapperImpl: 2011-04-28 13:52:57,066 [Agent: adapter run thread for test 'TestObtain' with id 'f22c46de-ef8f-4b0f-93cd-2e15cb7b0130'] DEBUG [(null)] - Bootstrapping Spring.NET...
Vji.Bootstrap.SpringBootstrapperImpl: 2011-04-28 13:52:57,066 [Agent: adapter run thread for test 'TestObtain' with id 'f22c46de-ef8f-4b0f-93cd-2e15cb7b0130'] DEBUG [(null)] - Setting object loggers.
Vji.Bootstrap.SpringBootstrapperImpl: 2011-04-28 13:52:57,066 [Agent: adapter run thread for test 'TestObtain' with id 'f22c46de-ef8f-4b0f-93cd-2e15cb7b0130'] DEBUG [(null)] - Bootstrapping Spring.NET - Done.
Vji.Bootstrap.LogBootstrapperImpl: 2011-04-28 13:52:57,082 [Agent: adapter run thread for test 'TestObtain' with id 'f22c46de-ef8f-4b0f-93cd-2e15cb7b0130'] DEBUG [(null)] - Logging bootstrapped.
Vji.Bootstrap.SpringBootstrapperImpl: 2011-04-28 13:52:57,082 [Agent: adapter run thread for test 'TestObtain' with id 'f22c46de-ef8f-4b0f-93cd-2e15cb7b0130'] DEBUG [(null)] - Bootstrapping Spring.NET...
Vji.Bootstrap.SpringBootstrapperImpl: 2011-04-28 13:52:57,082 [Agent: adapter run thread for test 'TestObtain' with id 'f22c46de-ef8f-4b0f-93cd-2e15cb7b0130'] DEBUG [(null)] - Setting object loggers.
Vji.Bootstrap.SpringBootstrapperImpl: 2011-04-28 13:52:57,082 [Agent: adapter run thread for test 'TestObtain' with id 'f22c46de-ef8f-4b0f-93cd-2e15cb7b0130'] DEBUG [(null)] - Bootstrapping Spring.NET - Done.
</DebugTrace>
      </Output>
    </UnitTestResult>
    <UnitTestResult executionId="c54a79b9-21e2-4da3-bd4f-335b44587cb2" testId="10c57aa1-a1d0-586c-cd4d-b2178e6ec5d3" testName="TestAdd" computerName="LAP-302921" duration="00:00:00.0017985" startTime="2011-04-28T13:52:57.0976423+10:00" endTime="2011-04-28T13:52:57.0976423+10:00" testType="13cdc9d9-ddb5-4fa4-a97d-d965ccfc6d4b" outcome="Passed" testListId="8c84fa94-04c1-424b-9868-57a2d4851a1d">
      <Output>
      </Output>
    </UnitTestResult>
    <UnitTestResult executionId="0e1b422c-a2a8-4804-bcef-06dbd243b4c7" testId="11cf1b13-04ae-7059-f46c-8a9614f4cce2" testName="TestBootstrap" computerName="LAP-302921" duration="00:00:00.0027062" startTime="2011-04-28T13:52:57.1132723+10:00" endTime="2011-04-28T13:52:57.1132723+10:00" testType="13cdc9d9-ddb5-4fa4-a97d-d965ccfc6d4b" outcome="Passed" testListId="8c84fa94-04c1-424b-9868-57a2d4851a1d">
      <Output>
        <StdOut>2011-04-28 13:52:57,113 [Agent: adapter run thread for test 'TestBootstrap' with id '0e1b422c-a2a8-4804-bcef-06dbd243b4c7'] DEBUG SpringBootstrapperImpl [(null)] - Bootstrapping Spring.NET...
2011-04-28 13:52:57,113 [Agent: adapter run thread for test 'TestBootstrap' with id '0e1b422c-a2a8-4804-bcef-06dbd243b4c7'] DEBUG SpringBootstrapperImpl [(null)] - Setting object loggers.
2011-04-28 13:52:57,113 [Agent: adapter run thread for test 'TestBootstrap' with id '0e1b422c-a2a8-4804-bcef-06dbd243b4c7'] DEBUG SpringBootstrapperImpl [(null)] - Bootstrapping Spring.NET - Done.</StdOut>
        <DebugTrace>Vji.Bootstrap.SpringBootstrapperImpl: 2011-04-28 13:52:57,113 [Agent: adapter run thread for test 'TestBootstrap' with id '0e1b422c-a2a8-4804-bcef-06dbd243b4c7'] DEBUG [(null)] - Bootstrapping Spring.NET...
Vji.Bootstrap.SpringBootstrapperImpl: 2011-04-28 13:52:57,113 [Agent: adapter run thread for test 'TestBootstrap' with id '0e1b422c-a2a8-4804-bcef-06dbd243b4c7'] DEBUG [(null)] - Setting object loggers.
Vji.Bootstrap.SpringBootstrapperImpl: 2011-04-28 13:52:57,113 [Agent: adapter run thread for test 'TestBootstrap' with id '0e1b422c-a2a8-4804-bcef-06dbd243b4c7'] DEBUG [(null)] - Bootstrapping Spring.NET - Done.
</DebugTrace>
      </Output>
    </UnitTestResult>
    <UnitTestResult executionId="122f5f7d-511e-4211-8289-da67d2b6d862" testId="1e4c5c6b-2f4b-2f46-0e9a-41666f9ad852" testName="TestNewComWrapper" computerName="LAP-302921" duration="00:00:00.0174223" startTime="2011-04-28T13:52:57.1132723+10:00" endTime="2011-04-28T13:52:57.1445323+10:00" testType="13cdc9d9-ddb5-4fa4-a97d-d965ccfc6d4b" outcome="Failed" testListId="8c84fa94-04c1-424b-9868-57a2d4851a1d">
      <Output>
        <StdOut>2011-04-28 13:52:57,128 [Agent: adapter run thread for test 'TestNewComWrapper' with id '122f5f7d-511e-4211-8289-da67d2b6d862'] DEBUG LogBootstrapperImpl [(null)] - Logging bootstrapped.</StdOut>
        <DebugTrace>Vji.Bootstrap.LogBootstrapperImpl: 2011-04-28 13:52:57,128 [Agent: adapter run thread for test 'TestNewComWrapper' with id '122f5f7d-511e-4211-8289-da67d2b6d862'] DEBUG [(null)] - Logging bootstrapped.
</DebugTrace>
        <ErrorInfo>
          <Message>Test method Vji.Config.ComFactoryImplTest.TestNewComWrapper threw exception:  System.Exception: Under construction.</Message>
          <StackTrace>    at Vji.Config.ComFactoryImplTest.TestNewComWrapper() in I:\home\context\clowder\projects\CSharp\Vji.Test\Com\ComFactoryImplTest.cs:line 16
</StackTrace>
        </ErrorInfo>
      </Output>
    </UnitTestResult>
    <UnitTestResult executionId="e7d4e779-9223-4ef8-aa04-939194f36c9c" testId="212161e9-4e8a-ef25-7fd9-285eff16a836" testName="TestNewLogBootstrapper" computerName="LAP-302921" duration="00:00:00.0003302" startTime="2011-04-28T13:52:57.1445323+10:00" endTime="2011-04-28T13:52:57.1601623+10:00" testType="13cdc9d9-ddb5-4fa4-a97d-d965ccfc6d4b" outcome="Passed" testListId="8c84fa94-04c1-424b-9868-57a2d4851a1d">
      <Output>
      </Output>
    </UnitTestResult>
    <UnitTestResult executionId="b5cc41c7-8f5f-4715-b4be-9c11fb11f198" testId="22dfb5c6-c2ce-0f79-e279-ccd370d4f003" testName="TestNewOptionConfiguration" computerName="LAP-302921" duration="00:00:00.0119246" startTime="2011-04-28T13:52:57.1601623+10:00" endTime="2011-04-28T13:52:57.1914223+10:00" testType="13cdc9d9-ddb5-4fa4-a97d-d965ccfc6d4b" outcome="Passed" testListId="8c84fa94-04c1-424b-9868-57a2d4851a1d">
      <Output>
        <StdOut>2011-04-28 13:52:57,175 [Agent: adapter run thread for test 'TestNewOptionConfiguration' with id 'b5cc41c7-8f5f-4715-b4be-9c11fb11f198'] DEBUG LogBootstrapperImpl [(null)] - Logging bootstrapped.
2011-04-28 13:52:57,175 [Agent: adapter run thread for test 'TestNewOptionConfiguration' with id 'b5cc41c7-8f5f-4715-b4be-9c11fb11f198'] DEBUG SpringBootstrapperImpl [(null)] - Bootstrapping Spring.NET...
2011-04-28 13:52:57,175 [Agent: adapter run thread for test 'TestNewOptionConfiguration' with id 'b5cc41c7-8f5f-4715-b4be-9c11fb11f198'] DEBUG SpringBootstrapperImpl [(null)] - Setting object loggers.
2011-04-28 13:52:57,175 [Agent: adapter run thread for test 'TestNewOptionConfiguration' with id 'b5cc41c7-8f5f-4715-b4be-9c11fb11f198'] DEBUG SpringBootstrapperImpl [(null)] - Bootstrapping Spring.NET - Done.
2011-04-28 13:52:57,175 [Agent: adapter run thread for test 'TestNewOptionConfiguration' with id 'b5cc41c7-8f5f-4715-b4be-9c11fb11f198'] DEBUG LogBootstrapperImpl [(null)] - Logging bootstrapped.
2011-04-28 13:52:57,175 [Agent: adapter run thread for test 'TestNewOptionConfiguration' with id 'b5cc41c7-8f5f-4715-b4be-9c11fb11f198'] DEBUG SpringBootstrapperImpl [(null)] - Bootstrapping Spring.NET...
2011-04-28 13:52:57,175 [Agent: adapter run thread for test 'TestNewOptionConfiguration' with id 'b5cc41c7-8f5f-4715-b4be-9c11fb11f198'] DEBUG SpringBootstrapperImpl [(null)] - Setting object loggers.
2011-04-28 13:52:57,175 [Agent: adapter run thread for test 'TestNewOptionConfiguration' with id 'b5cc41c7-8f5f-4715-b4be-9c11fb11f198'] DEBUG SpringBootstrapperImpl [(null)] - Bootstrapping Spring.NET - Done.
2011-04-28 13:52:57,175 [Agent: adapter run thread for test 'TestNewOptionConfiguration' with id 'b5cc41c7-8f5f-4715-b4be-9c11fb11f198'] DEBUG LogBootstrapperImpl [(null)] - Logging bootstrapped.
[...]
Vji.Bootstrap.LogBootstrapperImpl: 2011-04-28 13:53:00,004 [Agent: adapter run thread for test 'TestArrangePieces' with id '957e2684-8a38-4a84-8612-539612f89b31'] DEBUG [(null)] - Logging bootstrapped.
</DebugTrace>
      </Output>
    </UnitTestResult>
    <UnitTestResult executionId="64bbcd00-11a3-4936-9448-33e627c22b2e" testId="dab7fb1e-7004-11f8-a392-cc49558e0a46" testName="TestNewCell" computerName="LAP-302921" duration="00:00:00.0091279" startTime="2011-04-28T13:53:00.0204523+10:00" endTime="2011-04-28T13:53:00.0360823+10:00" testType="13cdc9d9-ddb5-4fa4-a97d-d965ccfc6d4b" outcome="Failed" testListId="8c84fa94-04c1-424b-9868-57a2d4851a1d">
      <Output>
        <StdOut>2011-04-28 13:53:00,020 [Agent: adapter run thread for test 'TestNewCell' with id '64bbcd00-11a3-4936-9448-33e627c22b2e'] DEBUG LogBootstrapperImpl [(null)] - Logging bootstrapped.</StdOut>
        <DebugTrace>Vji.Bootstrap.LogBootstrapperImpl: 2011-04-28 13:53:00,020 [Agent: adapter run thread for test 'TestNewCell' with id '64bbcd00-11a3-4936-9448-33e627c22b2e'] DEBUG [(null)] - Logging bootstrapped.
</DebugTrace>
        <ErrorInfo>
          <Message>Test method Vji.Microsoft.Excel.MicrosoftExcelFactoryImplTest.TestNewCell threw exception:  System.Exception: Under construction.</Message>
          <StackTrace>    at Vji.Microsoft.Excel.MicrosoftExcelFactoryImplTest.TestNewCell() in I:\home\context\clowder\projects\CSharp\Vji.Test\Microsoft\Excel\MicrosoftExcelFactoryImplTest.cs:line 16
</StackTrace>
        </ErrorInfo>
      </Output>
    </UnitTestResult>
    <UnitTestResult executionId="87db0b42-dcdf-498b-9156-1e52cccddde9" testId="ddc85e03-bf9c-b13a-02f3-424c04e3a314" testName="TestToString" computerName="LAP-302921" duration="00:00:00.0026939" startTime="2011-04-28T13:53:00.0517123+10:00" endTime="2011-04-28T13:53:00.0517123+10:00" testType="13cdc9d9-ddb5-4fa4-a97d-d965ccfc6d4b" outcome="Passed" testListId="8c84fa94-04c1-424b-9868-57a2d4851a1d">
      <Output>
        <StdOut>2011-04-28 13:53:00,051 [Agent: adapter run thread for test 'TestToString' with id '87db0b42-dcdf-498b-9156-1e52cccddde9'] DEBUG LogBootstrapperImpl [(null)] - Logging bootstrapped.</StdOut>
        <DebugTrace>Vji.Bootstrap.LogBootstrapperImpl: 2011-04-28 13:53:00,051 [Agent: adapter run thread for test 'TestToString' with id '87db0b42-dcdf-498b-9156-1e52cccddde9'] DEBUG [(null)] - Logging bootstrapped.
</DebugTrace>
      </Output>
    </UnitTestResult>
    <UnitTestResult executionId="9a93d95a-54cc-4f35-84a6-c79478f7d73b" testId="de67831e-48cf-7761-77a6-d89d61b02669" testName="TestNewDriver" computerName="LAP-302921" duration="00:00:00.0012068" startTime="2011-04-28T13:53:00.0673423+10:00" endTime="2011-04-28T13:53:00.0673423+10:00" testType="13cdc9d9-ddb5-4fa4-a97d-d965ccfc6d4b" outcome="Passed" testListId="8c84fa94-04c1-424b-9868-57a2d4851a1d">
      <Output>
      </Output>
    </UnitTestResult>
    <UnitTestResult executionId="c424f444-b7cc-4c96-bf38-fdb4103eee63" testId="e92c6073-c2f1-a602-f50c-7c353faa83f8" testName="TestPlacePieceAt" computerName="LAP-302921" duration="00:00:00.0118596" startTime="2011-04-28T13:53:00.0829723+10:00" endTime="2011-04-28T13:53:00.0986023+10:00" testType="13cdc9d9-ddb5-4fa4-a97d-d965ccfc6d4b" outcome="Passed" testListId="8c84fa94-04c1-424b-9868-57a2d4851a1d">
      <Output>
        <StdOut>2011-04-28 13:53:00,082 [Agent: adapter run thread for test 'TestPlacePieceAt' with id 'c424f444-b7cc-4c96-bf38-fdb4103eee63'] DEBUG SpringBootstrapperImpl [(null)] - Bootstrapping Spring.NET...
2011-04-28 13:53:00,082 [Agent: adapter run thread for test 'TestPlacePieceAt' with id 'c424f444-b7cc-4c96-bf38-fdb4103eee63'] DEBUG SpringBootstrapperImpl [(null)] - Setting object loggers.
2011-04-28 13:53:00,082 [Agent: adapter run thread for test 'TestPlacePieceAt' with id 'c424f444-b7cc-4c96-bf38-fdb4103eee63'] DEBUG SpringBootstrapperImpl [(null)] - Bootstrapping Spring.NET - Done.
2011-04-28 13:53:00,082 [Agent: adapter run thread for test 'TestPlacePieceAt' with id 'c424f444-b7cc-4c96-bf38-fdb4103eee63'] DEBUG LogBootstrapperImpl [(null)] - Logging bootstrapped.
2011-04-28 13:53:00,082 [Agent: adapter run thread for test 'TestPlacePieceAt' with id 'c424f444-b7cc-4c96-bf38-fdb4103eee63'] DEBUG SpringBootstrapperImpl [(null)] - Bootstrapping Spring.NET...
2011-04-28 13:53:00,082 [Agent: adapter run thread for test 'TestPlacePieceAt' with id 'c424f444-b7cc-4c96-bf38-fdb4103eee63'] DEBUG SpringBootstrapperImpl [(null)] - Setting object loggers.
2011-04-28 13:53:00,082 [Agent: adapter run thread for test 'TestPlacePieceAt' with id 'c424f444-b7cc-4c96-bf38-fdb4103eee63'] DEBUG SpringBootstrapperImpl [(null)] - Bootstrapping Spring.NET - Done.
2011-04-28 13:53:00,082 [Agent: adapter run thread for test 'TestPlacePieceAt' with id 'c424f444-b7cc-4c96-bf38-fdb4103eee63'] DEBUG LogBootstrapperImpl [(null)] - Logging bootstrapped.
2011-04-28 13:53:00,082 [Agent: adapter run thread for test 'TestPlacePieceAt' with id 'c424f444-b7cc-4c96-bf38-fdb4103eee63'] DEBUG SpringBootstrapperImpl [(null)] - Bootstrapping Spring.NET...
2011-04-28 13:53:00,082 [Agent: adapter run thread for test 'TestPlacePieceAt' with id 'c424f444-b7cc-4c96-bf38-fdb4103eee63'] DEBUG SpringBootstrapperImpl [(null)] - Setting object loggers.
2011-04-28 13:53:00,082 [Agent: adapter run thread for test 'TestPlacePieceAt' with id 'c424f444-b7cc-4c96-bf38-fdb4103eee63'] DEBUG SpringBootstrapperImpl [(null)] - Bootstrapping Spring.NET - Done.
2011-04-28 13:53:00,082 [Agent: adapter run thread for test 'TestPlacePieceAt' with id 'c424f444-b7cc-4c96-bf38-fdb4103eee63'] DEBUG LogBootstrapperImpl [(null)] - Logging bootstrapped.</StdOut>
        <DebugTrace>Vji.Bootstrap.SpringBootstrapperImpl: 2011-04-28 13:53:00,082 [Agent: adapter run thread for test 'TestPlacePieceAt' with id 'c424f444-b7cc-4c96-bf38-fdb4103eee63'] DEBUG [(null)] - Bootstrapping Spring.NET...
Vji.Bootstrap.SpringBootstrapperImpl: 2011-04-28 13:53:00,082 [Agent: adapter run thread for test 'TestPlacePieceAt' with id 'c424f444-b7cc-4c96-bf38-fdb4103eee63'] DEBUG [(null)] - Setting object loggers.
Vji.Bootstrap.SpringBootstrapperImpl: 2011-04-28 13:53:00,082 [Agent: adapter run thread for test 'TestPlacePieceAt' with id 'c424f444-b7cc-4c96-bf38-fdb4103eee63'] DEBUG [(null)] - Bootstrapping Spring.NET - Done.
Vji.Bootstrap.LogBootstrapperImpl: 2011-04-28 13:53:00,082 [Agent: adapter run thread for test 'TestPlacePieceAt' with id 'c424f444-b7cc-4c96-bf38-fdb4103eee63'] DEBUG [(null)] - Logging bootstrapped.
Vji.Bootstrap.SpringBootstrapperImpl: 2011-04-28 13:53:00,082 [Agent: adapter run thread for test 'TestPlacePieceAt' with id 'c424f444-b7cc-4c96-bf38-fdb4103eee63'] DEBUG [(null)] - Bootstrapping Spring.NET...
Vji.Bootstrap.SpringBootstrapperImpl: 2011-04-28 13:53:00,082 [Agent: adapter run thread for test 'TestPlacePieceAt' with id 'c424f444-b7cc-4c96-bf38-fdb4103eee63'] DEBUG [(null)] - Setting object loggers.
Vji.Bootstrap.SpringBootstrapperImpl: 2011-04-28 13:53:00,082 [Agent: adapter run thread for test 'TestPlacePieceAt' with id 'c424f444-b7cc-4c96-bf38-fdb4103eee63'] DEBUG [(null)] - Bootstrapping Spring.NET - Done.
Vji.Bootstrap.LogBootstrapperImpl: 2011-04-28 13:53:00,082 [Agent: adapter run thread for test 'TestPlacePieceAt' with id 'c424f444-b7cc-4c96-bf38-fdb4103eee63'] DEBUG [(null)] - Logging bootstrapped.
Vji.Bootstrap.SpringBootstrapperImpl: 2011-04-28 13:53:00,082 [Agent: adapter run thread for test 'TestPlacePieceAt' with id 'c424f444-b7cc-4c96-bf38-fdb4103eee63'] DEBUG [(null)] - Bootstrapping Spring.NET...
Vji.Bootstrap.SpringBootstrapperImpl: 2011-04-28 13:53:00,082 [Agent: adapter run thread for test 'TestPlacePieceAt' with id 'c424f444-b7cc-4c96-bf38-fdb4103eee63'] DEBUG [(null)] - Setting object loggers.
Vji.Bootstrap.SpringBootstrapperImpl: 2011-04-28 13:53:00,082 [Agent: adapter run thread for test 'TestPlacePieceAt' with id 'c424f444-b7cc-4c96-bf38-fdb4103eee63'] DEBUG [(null)] - Bootstrapping Spring.NET - Done.
Vji.Bootstrap.LogBootstrapperImpl: 2011-04-28 13:53:00,082 [Agent: adapter run thread for test 'TestPlacePieceAt' with id 'c424f444-b7cc-4c96-bf38-fdb4103eee63'] DEBUG [(null)] - Logging bootstrapped.
</DebugTrace>
      </Output>
    </UnitTestResult>
    <UnitTestResult executionId="f232217b-2030-4d63-953c-3f06f131360f" testId="f056f4a6-d3c7-c3db-e50b-810040f28763" testName="TestNewLicensedCondition" computerName="LAP-302921" duration="00:00:00.0087499" startTime="2011-04-28T13:53:00.0986023+10:00" endTime="2011-04-28T13:53:00.1142323+10:00" testType="13cdc9d9-ddb5-4fa4-a97d-d965ccfc6d4b" outcome="Passed" testListId="8c84fa94-04c1-424b-9868-57a2d4851a1d">
      <Output>
        <StdOut>2011-04-28 13:53:00,114 [Agent: adapter run thread for test 'TestNewLicensedCondition' with id 'f232217b-2030-4d63-953c-3f06f131360f'] DEBUG SpringBootstrapperImpl [(null)] - Bootstrapping Spring.NET...
2011-04-28 13:53:00,114 [Agent: adapter run thread for test 'TestNewLicensedCondition' with id 'f232217b-2030-4d63-953c-3f06f131360f'] DEBUG SpringBootstrapperImpl [(null)] - Setting object loggers.
2011-04-28 13:53:00,114 [Agent: adapter run thread for test 'TestNewLicensedCondition' with id 'f232217b-2030-4d63-953c-3f06f131360f'] DEBUG SpringBootstrapperImpl [(null)] - Bootstrapping Spring.NET - Done.
2011-04-28 13:53:00,114 [Agent: adapter run thread for test 'TestNewLicensedCondition' with id 'f232217b-2030-4d63-953c-3f06f131360f'] DEBUG LogBootstrapperImpl [(null)] - Logging bootstrapped.
2011-04-28 13:53:00,114 [Agent: adapter run thread for test 'TestNewLicensedCondition' with id 'f232217b-2030-4d63-953c-3f06f131360f'] DEBUG SpringBootstrapperImpl [(null)] - Bootstrapping Spring.NET...
2011-04-28 13:53:00,114 [Agent: adapter run thread for test 'TestNewLicensedCondition' with id 'f232217b-2030-4d63-953c-3f06f131360f'] DEBUG SpringBootstrapperImpl [(null)] - Setting object loggers.
2011-04-28 13:53:00,114 [Agent: adapter run thread for test 'TestNewLicensedCondition' with id 'f232217b-2030-4d63-953c-3f06f131360f'] DEBUG SpringBootstrapperImpl [(null)] - Bootstrapping Spring.NET - Done.
2011-04-28 13:53:00,114 [Agent: adapter run thread for test 'TestNewLicensedCondition' with id 'f232217b-2030-4d63-953c-3f06f131360f'] DEBUG LogBootstrapperImpl [(null)] - Logging bootstrapped.
2011-04-28 13:53:00,114 [Agent: adapter run thread for test 'TestNewLicensedCondition' with id 'f232217b-2030-4d63-953c-3f06f131360f'] DEBUG SpringBootstrapperImpl [(null)] - Bootstrapping Spring.NET...
2011-04-28 13:53:00,114 [Agent: adapter run thread for test 'TestNewLicensedCondition' with id 'f232217b-2030-4d63-953c-3f06f131360f'] DEBUG SpringBootstrapperImpl [(null)] - Setting object loggers.
2011-04-28 13:53:00,114 [Agent: adapter run thread for test 'TestNewLicensedCondition' with id 'f232217b-2030-4d63-953c-3f06f131360f'] DEBUG SpringBootstrapperImpl [(null)] - Bootstrapping Spring.NET - Done.
2011-04-28 13:53:00,114 [Agent: adapter run thread for test 'TestNewLicensedCondition' with id 'f232217b-2030-4d63-953c-3f06f131360f'] DEBUG LogBootstrapperImpl [(null)] - Logging bootstrapped.</StdOut>
        <DebugTrace>Vji.Bootstrap.SpringBootstrapperImpl: 2011-04-28 13:53:00,114 [Agent: adapter run thread for test 'TestNewLicensedCondition' with id 'f232217b-2030-4d63-953c-3f06f131360f'] DEBUG [(null)] - Bootstrapping Spring.NET...
Vji.Bootstrap.SpringBootstrapperImpl: 2011-04-28 13:53:00,114 [Agent: adapter run thread for test 'TestNewLicensedCondition' with id 'f232217b-2030-4d63-953c-3f06f131360f'] DEBUG [(null)] - Setting object loggers.
Vji.Bootstrap.SpringBootstrapperImpl: 2011-04-28 13:53:00,114 [Agent: adapter run thread for test 'TestNewLicensedCondition' with id 'f232217b-2030-4d63-953c-3f06f131360f'] DEBUG [(null)] - Bootstrapping Spring.NET - Done.
Vji.Bootstrap.LogBootstrapperImpl: 2011-04-28 13:53:00,114 [Agent: adapter run thread for test 'TestNewLicensedCondition' with id 'f232217b-2030-4d63-953c-3f06f131360f'] DEBUG [(null)] - Logging bootstrapped.
Vji.Bootstrap.SpringBootstrapperImpl: 2011-04-28 13:53:00,114 [Agent: adapter run thread for test 'TestNewLicensedCondition' with id 'f232217b-2030-4d63-953c-3f06f131360f'] DEBUG [(null)] - Bootstrapping Spring.NET...
Vji.Bootstrap.SpringBootstrapperImpl: 2011-04-28 13:53:00,114 [Agent: adapter run thread for test 'TestNewLicensedCondition' with id 'f232217b-2030-4d63-953c-3f06f131360f'] DEBUG [(null)] - Setting object loggers.
Vji.Bootstrap.SpringBootstrapperImpl: 2011-04-28 13:53:00,114 [Agent: adapter run thread for test 'TestNewLicensedCondition' with id 'f232217b-2030-4d63-953c-3f06f131360f'] DEBUG [(null)] - Bootstrapping Spring.NET - Done.
Vji.Bootstrap.LogBootstrapperImpl: 2011-04-28 13:53:00,114 [Agent: adapter run thread for test 'TestNewLicensedCondition' with id 'f232217b-2030-4d63-953c-3f06f131360f'] DEBUG [(null)] - Logging bootstrapped.
Vji.Bootstrap.SpringBootstrapperImpl: 2011-04-28 13:53:00,114 [Agent: adapter run thread for test 'TestNewLicensedCondition' with id 'f232217b-2030-4d63-953c-3f06f131360f'] DEBUG [(null)] - Bootstrapping Spring.NET...
Vji.Bootstrap.SpringBootstrapperImpl: 2011-04-28 13:53:00,114 [Agent: adapter run thread for test 'TestNewLicensedCondition' with id 'f232217b-2030-4d63-953c-3f06f131360f'] DEBUG [(null)] - Setting object loggers.
Vji.Bootstrap.SpringBootstrapperImpl: 2011-04-28 13:53:00,114 [Agent: adapter run thread for test 'TestNewLicensedCondition' with id 'f232217b-2030-4d63-953c-3f06f131360f'] DEBUG [(null)] - Bootstrapping Spring.NET - Done.
Vji.Bootstrap.LogBootstrapperImpl: 2011-04-28 13:53:00,114 [Agent: adapter run thread for test 'TestNewLicensedCondition' with id 'f232217b-2030-4d63-953c-3f06f131360f'] DEBUG [(null)] - Logging bootstrapped.
</DebugTrace>
      </Output>
    </UnitTestResult>
    <UnitTestResult executionId="8f1d1d9e-6944-4dcb-a93c-6e1d240c45f2" testId="f815af12-ec38-e14a-27b4-88ed1ea85296" testName="TestRun" computerName="LAP-302921" duration="00:00:00.0021784" startTime="2011-04-28T13:53:00.1142323+10:00" endTime="2011-04-28T13:53:00.1298623+10:00" testType="13cdc9d9-ddb5-4fa4-a97d-d965ccfc6d4b" outcome="Passed" testListId="8c84fa94-04c1-424b-9868-57a2d4851a1d">
      <Output>
        <StdOut>2011-04-28 13:53:00,129 [Agent: adapter run thread for test 'TestRun' with id '8f1d1d9e-6944-4dcb-a93c-6e1d240c45f2'] DEBUG LogBootstrapperImpl [(null)] - Logging bootstrapped.</StdOut>
        <DebugTrace>Vji.Bootstrap.LogBootstrapperImpl: 2011-04-28 13:53:00,129 [Agent: adapter run thread for test 'TestRun' with id '8f1d1d9e-6944-4dcb-a93c-6e1d240c45f2'] DEBUG [(null)] - Logging bootstrapped.
</DebugTrace>
      </Output>
    </UnitTestResult>
    <UnitTestResult executionId="4dbb81e4-695b-4bf3-b0ca-f21d1544d710" testId="fecaede0-ebe4-5d7b-64b5-330b1ebe0b20" testName="TestNewKing" computerName="LAP-302921" duration="00:00:00.0094137" startTime="2011-04-28T13:53:00.1298623+10:00" endTime="2011-04-28T13:53:00.1454923+10:00" testType="13cdc9d9-ddb5-4fa4-a97d-d965ccfc6d4b" outcome="Passed" testListId="8c84fa94-04c1-424b-9868-57a2d4851a1d">
      <Output>
        <StdOut>2011-04-28 13:53:00,129 [Agent: adapter run thread for test 'TestNewKing' with id '4dbb81e4-695b-4bf3-b0ca-f21d1544d710'] DEBUG LogBootstrapperImpl [(null)] - Logging bootstrapped.
2011-04-28 13:53:00,129 [Agent: adapter run thread for test 'TestNewKing' with id '4dbb81e4-695b-4bf3-b0ca-f21d1544d710'] DEBUG SpringBootstrapperImpl [(null)] - Bootstrapping Spring.NET...
2011-04-28 13:53:00,129 [Agent: adapter run thread for test 'TestNewKing' with id '4dbb81e4-695b-4bf3-b0ca-f21d1544d710'] DEBUG SpringBootstrapperImpl [(null)] - Setting object loggers.
2011-04-28 13:53:00,129 [Agent: adapter run thread for test 'TestNewKing' with id '4dbb81e4-695b-4bf3-b0ca-f21d1544d710'] DEBUG SpringBootstrapperImpl [(null)] - Bootstrapping Spring.NET - Done.
2011-04-28 13:53:00,145 [Agent: adapter run thread for test 'TestNewKing' with id '4dbb81e4-695b-4bf3-b0ca-f21d1544d710'] DEBUG LogBootstrapperImpl [(null)] - Logging bootstrapped.
2011-04-28 13:53:00,145 [Agent: adapter run thread for test 'TestNewKing' with id '4dbb81e4-695b-4bf3-b0ca-f21d1544d710'] DEBUG SpringBootstrapperImpl [(null)] - Bootstrapping Spring.NET...
2011-04-28 13:53:00,145 [Agent: adapter run thread for test 'TestNewKing' with id '4dbb81e4-695b-4bf3-b0ca-f21d1544d710'] DEBUG SpringBootstrapperImpl [(null)] - Setting object loggers.
2011-04-28 13:53:00,145 [Agent: adapter run thread for test 'TestNewKing' with id '4dbb81e4-695b-4bf3-b0ca-f21d1544d710'] DEBUG SpringBootstrapperImpl [(null)] - Bootstrapping Spring.NET - Done.
2011-04-28 13:53:00,145 [Agent: adapter run thread for test 'TestNewKing' with id '4dbb81e4-695b-4bf3-b0ca-f21d1544d710'] DEBUG LogBootstrapperImpl [(null)] - Logging bootstrapped.
2011-04-28 13:53:00,145 [Agent: adapter run thread for test 'TestNewKing' with id '4dbb81e4-695b-4bf3-b0ca-f21d1544d710'] DEBUG SpringBootstrapperImpl [(null)] - Bootstrapping Spring.NET...
2011-04-28 13:53:00,145 [Agent: adapter run thread for test 'TestNewKing' with id '4dbb81e4-695b-4bf3-b0ca-f21d1544d710'] DEBUG SpringBootstrapperImpl [(null)] - Setting object loggers.
2011-04-28 13:53:00,145 [Agent: adapter run thread for test 'TestNewKing' with id '4dbb81e4-695b-4bf3-b0ca-f21d1544d710'] DEBUG SpringBootstrapperImpl [(null)] - Bootstrapping Spring.NET - Done.</StdOut>
        <DebugTrace>Vji.Bootstrap.LogBootstrapperImpl: 2011-04-28 13:53:00,129 [Agent: adapter run thread for test 'TestNewKing' with id '4dbb81e4-695b-4bf3-b0ca-f21d1544d710'] DEBUG [(null)] - Logging bootstrapped.
Vji.Bootstrap.SpringBootstrapperImpl: 2011-04-28 13:53:00,129 [Agent: adapter run thread for test 'TestNewKing' with id '4dbb81e4-695b-4bf3-b0ca-f21d1544d710'] DEBUG [(null)] - Bootstrapping Spring.NET...
Vji.Bootstrap.SpringBootstrapperImpl: 2011-04-28 13:53:00,129 [Agent: adapter run thread for test 'TestNewKing' with id '4dbb81e4-695b-4bf3-b0ca-f21d1544d710'] DEBUG [(null)] - Setting object loggers.
Vji.Bootstrap.SpringBootstrapperImpl: 2011-04-28 13:53:00,129 [Agent: adapter run thread for test 'TestNewKing' with id '4dbb81e4-695b-4bf3-b0ca-f21d1544d710'] DEBUG [(null)] - Bootstrapping Spring.NET - Done.
Vji.Bootstrap.LogBootstrapperImpl: 2011-04-28 13:53:00,145 [Agent: adapter run thread for test 'TestNewKing' with id '4dbb81e4-695b-4bf3-b0ca-f21d1544d710'] DEBUG [(null)] - Logging bootstrapped.
Vji.Bootstrap.SpringBootstrapperImpl: 2011-04-28 13:53:00,145 [Agent: adapter run thread for test 'TestNewKing' with id '4dbb81e4-695b-4bf3-b0ca-f21d1544d710'] DEBUG [(null)] - Bootstrapping Spring.NET...
Vji.Bootstrap.SpringBootstrapperImpl: 2011-04-28 13:53:00,145 [Agent: adapter run thread for test 'TestNewKing' with id '4dbb81e4-695b-4bf3-b0ca-f21d1544d710'] DEBUG [(null)] - Setting object loggers.
Vji.Bootstrap.SpringBootstrapperImpl: 2011-04-28 13:53:00,145 [Agent: adapter run thread for test 'TestNewKing' with id '4dbb81e4-695b-4bf3-b0ca-f21d1544d710'] DEBUG [(null)] - Bootstrapping Spring.NET - Done.
Vji.Bootstrap.LogBootstrapperImpl: 2011-04-28 13:53:00,145 [Agent: adapter run thread for test 'TestNewKing' with id '4dbb81e4-695b-4bf3-b0ca-f21d1544d710'] DEBUG [(null)] - Logging bootstrapped.
Vji.Bootstrap.SpringBootstrapperImpl: 2011-04-28 13:53:00,145 [Agent: adapter run thread for test 'TestNewKing' with id '4dbb81e4-695b-4bf3-b0ca-f21d1544d710'] DEBUG [(null)] - Bootstrapping Spring.NET...
Vji.Bootstrap.SpringBootstrapperImpl: 2011-04-28 13:53:00,145 [Agent: adapter run thread for test 'TestNewKing' with id '4dbb81e4-695b-4bf3-b0ca-f21d1544d710'] DEBUG [(null)] - Setting object loggers.
Vji.Bootstrap.SpringBootstrapperImpl: 2011-04-28 13:53:00,145 [Agent: adapter run thread for test 'TestNewKing' with id '4dbb81e4-695b-4bf3-b0ca-f21d1544d710'] DEBUG [(null)] - Bootstrapping Spring.NET - Done.
</DebugTrace>
      </Output>
    </UnitTestResult>
  </Results>
</TestRun>