<?xml version="1.0" encoding="UTF-8"?>
<TestRun id="49564602-3d12-4b66-aeb0-f50a0d714807" name="viborra@LAP-302921 2011-04-28 13:57:18" runUser="SERVICES\viborra" xmlns="http://microsoft.com/schemas/VisualStudio/TeamTest/2006">
  <TestRunConfiguration name="Local Test Run" id="e9983c80-7cac-4f17-99b1-51a5ee880c99">
    <Description>This is a default test run configuration for a local test run.</Description>
    <Deployment runDeploymentRoot="I:\home\context\clowder\projects\CSharp\All\TestResults\viborra_LAP-302921 2011-04-28 13_57_18">
      <DeploymentItem filename="I:\home\context\clowder\projects\CSharp\Vji.App.CommandLineChess\bin\Debug\Vji.App.CommandLineChess.exe" />
      <DeploymentItem filename="I:\home\context\clowder\projects\CSharp\Vji.Chess\bin\Debug\Vji.Chess.dll" />
      <DeploymentItem filename="I:\home\context\clowder\projects\CSharp\Vji\bin\Debug\Vji.dll" />
      <DeploymentItem filename="I:\home\context\clowder\projects\CSharp\Vji.Mock\bin\Debug\Vji.Mock.dll" />
      <DeploymentItem filename="C:\Program Files\Spring.NET 1.3.0\bin\net\2.0\release\Spring.Core.dll" />
    </Deployment>
    <TestTypeSpecific />
  </TestRunConfiguration>
  <ResultSummary outcome="Failed">
    <Counters total="67" executed="67" passed="53" error="0" failed="14" timeout="0" aborted="0" inconclusive="0" passedButRunAborted="0" notRunnable="0" notExecuted="0" disconnected="0" warning="0" completed="0" inProgress="0" pending="0" />
  </ResultSummary>
  <Times creation="2011-04-28T13:57:18.4161575+10:00" queuing="2011-04-28T13:57:23.9636715+10:00" start="2011-04-28T13:57:24.1511931+10:00" finish="2011-04-28T13:57:27.5578355+10:00" />
  <TestDefinitions>
    <UnitTest name="TestProcessStartCommand" storage="i:\home\context\clowder\projects\csharp\vji.test.chess\bin\debug\testproject1.dll" id="403ca450-f454-24f8-2c3a-c94e691161d4">
      <Css projectStructure="" iteration="" />
      <Owners>
        <Owner name="" />
      </Owners>
      <Execution id="f384e872-0ada-4c11-8b3b-69459f96c2ec" />
      <TestMethod codeBase="I:\home\context\clowder\projects\CSharp\Vji.Test.Chess\bin\Debug\TestProject1.dll" adapterTypeName="Microsoft.VisualStudio.TestTools.TestTypes.Unit.UnitTestAdapter, Microsoft.VisualStudio.QualityTools.Tips.UnitTest.Adapter, Version=9.0.0.0, Culture=neutral, PublicKeyToken=b03f5f7f11d50a3a" className="Vji.Chess.Mvc.ChessControllerImplTest, TestProject1" name="TestProcessStartCommand" />
    </UnitTest>
    <UnitTest name="TestRelease" storage="i:\home\context\clowder\projects\csharp\vji.test\bin\debug\vji.test.dll" id="7fd8bf34-2fbb-d0e9-9fad-0275bdbf80cd">
      <Css projectStructure="" iteration="" />
      <Owners>
        <Owner name="" />
      </Owners>
      <Execution id="2b1b9215-43a9-41b4-b80c-ac484bb9efc3" />
      <TestMethod codeBase="I:\home\context\clowder\projects\CSharp\Vji.Test\bin\Debug\Vji.Test.dll" adapterTypeName="Microsoft.VisualStudio.TestTools.TestTypes.Unit.UnitTestAdapter, Microsoft.VisualStudio.QualityTools.Tips.UnitTest.Adapter, Version=9.0.0.0, Culture=neutral, PublicKeyToken=b03f5f7f11d50a3a" className="Vji.Mock.Licensing.MockLicenseImplTest, Vji.Test" name="TestRelease" />
    </UnitTest>
    <UnitTest name="TestGetPieceAt" storage="i:\home\context\clowder\projects\csharp\vji.test.chess\bin\debug\testproject1.dll" id="d10eb379-7426-e7b8-31b9-9317ddbedb50">
      <Css projectStructure="" iteration="" />
      <Owners>
        <Owner name="" />
      </Owners>
      <Execution id="1f13b6cb-908a-46f5-88e1-edd1fb620724" />
      <TestMethod codeBase="I:\home\context\clowder\projects\CSharp\Vji.Test.Chess\bin\Debug\TestProject1.dll" adapterTypeName="Microsoft.VisualStudio.TestTools.TestTypes.Unit.UnitTestAdapter, Microsoft.VisualStudio.QualityTools.Tips.UnitTest.Adapter, Version=9.0.0.0, Culture=neutral, PublicKeyToken=b03f5f7f11d50a3a" className="Vji.Chess.Model.BoardImplTest, TestProject1" name="TestGetPieceAt" />
    </UnitTest>
    <UnitTest name="TestNewQueen" storage="i:\home\context\clowder\projects\csharp\vji.test.chess\bin\debug\testproject1.dll" id="ac55cfd0-fc0e-5390-c5ef-a3f63a2e6a37">
      <Css projectStructure="" iteration="" />
      <Owners>
        <Owner name="" />
      </Owners>
      <Execution id="e4a2310c-7c0d-45ff-b792-3c843f9d1061" />
      <TestMethod codeBase="I:\home\context\clowder\projects\CSharp\Vji.Test.Chess\bin\Debug\TestProject1.dll" adapterTypeName="Microsoft.VisualStudio.TestTools.TestTypes.Unit.UnitTestAdapter, Microsoft.VisualStudio.QualityTools.Tips.UnitTest.Adapter, Version=9.0.0.0, Culture=neutral, PublicKeyToken=b03f5f7f11d50a3a" className="Vji.Chess.Model.ChessModelFactoryImplTest, TestProject1" name="TestNewQueen" />
    </UnitTest>
    <UnitTest name="TestRun" storage="i:\home\context\clowder\projects\csharp\vji.test\bin\debug\vji.test.dll" id="f815af12-ec38-e14a-27b4-88ed1ea85296">
      <Css projectStructure="" iteration="" />
      <Owners>
        <Owner name="" />
      </Owners>
      <Execution id="6f8851d1-d118-48ee-a798-0031d2e7f329" />
      <TestMethod codeBase="I:\home\context\clowder\projects\CSharp\Vji.Test\bin\Debug\Vji.Test.dll" adapterTypeName="Microsoft.VisualStudio.TestTools.TestTypes.Unit.UnitTestAdapter, Microsoft.VisualStudio.QualityTools.Tips.UnitTest.Adapter, Version=9.0.0.0, Culture=neutral, PublicKeyToken=b03f5f7f11d50a3a" className="Vji.Mvc.FinishCommandImplTest, Vji.Test" name="TestRun" />
    </UnitTest>
    <UnitTest name="TestRun" storage="i:\home\context\clowder\projects\csharp\vji.test\bin\debug\vji.test.dll" id="99fb145e-61d1-1309-4460-74c055f3a994">
      <Css projectStructure="" iteration="" />
      <Owners>
        <Owner name="" />
      </Owners>
      <Execution id="8d1ef603-756c-4e39-b20d-219bd37e044d" />
      <TestMethod codeBase="I:\home\context\clowder\projects\CSharp\Vji.Test\bin\Debug\Vji.Test.dll" adapterTypeName="Microsoft.VisualStudio.TestTools.TestTypes.Unit.UnitTestAdapter, Microsoft.VisualStudio.QualityTools.Tips.UnitTest.Adapter, Version=9.0.0.0, Culture=neutral, PublicKeyToken=b03f5f7f11d50a3a" className="Vji.Mvc.StartCommandImplTest, Vji.Test" name="TestRun" />
    </UnitTest>
    <UnitTest name="TestNewSpringRunner" storage="i:\home\context\clowder\projects\csharp\vji.test\bin\debug\vji.test.dll" id="7ea9df12-de9c-eede-eebe-f77b97de53c3">
      <Css projectStructure="" iteration="" />
      <Owners>
        <Owner name="" />
      </Owners>
      <Execution id="906b6916-0c2d-4974-b4d7-e883095b96f1" />
      <TestMethod codeBase="I:\home\context\clowder\projects\CSharp\Vji.Test\bin\Debug\Vji.Test.dll" adapterTypeName="Microsoft.VisualStudio.TestTools.TestTypes.Unit.UnitTestAdapter, Microsoft.VisualStudio.QualityTools.Tips.UnitTest.Adapter, Version=9.0.0.0, Culture=neutral, PublicKeyToken=b03f5f7f11d50a3a" className="Vji.Bootstrap.MainFactoryClassTest, Vji.Test" name="TestNewSpringRunner" />
    </UnitTest>
    <UnitTest name="TestRun" storage="i:\home\context\clowder\projects\csharp\vji.test\bin\debug\vji.test.dll" id="2f2e97e4-10b6-9cbb-96c2-b27584859f78">
      <Css projectStructure="" iteration="" />
      <Owners>
        <Owner name="" />
      </Owners>
      <Execution id="f43674f2-d0c8-4d37-a10c-ee7d511ef98f" />
      <TestMethod codeBase="I:\home\context\clowder\projects\CSharp\Vji.Test\bin\Debug\Vji.Test.dll" adapterTypeName="Microsoft.VisualStudio.TestTools.TestTypes.Unit.UnitTestAdapter, Microsoft.VisualStudio.QualityTools.Tips.UnitTest.Adapter, Version=9.0.0.0, Culture=neutral, PublicKeyToken=b03f5f7f11d50a3a" className="Vji.Mvc.LoggerSetterClassTest, Vji.Test" name="TestRun" />
    </UnitTest>
    <UnitTest name="TestRender" storage="i:\home\context\clowder\projects\csharp\vji.test.chess\bin\debug\testproject1.dll" id="97cd2fc1-97b8-94fd-311d-1216210c2924">
      <Css projectStructure="" iteration="" />
      <Owners>
        <Owner name="" />
      </Owners>
      <Execution id="2f25b159-539b-4b54-b8df-f6f4eadac792" />
      <TestMethod codeBase="I:\home\context\clowder\projects\CSharp\Vji.Test.Chess\bin\Debug\TestProject1.dll" adapterTypeName="Microsoft.VisualStudio.TestTools.TestTypes.Unit.UnitTestAdapter, Microsoft.VisualStudio.QualityTools.Tips.UnitTest.Adapter, Version=9.0.0.0, Culture=neutral, PublicKeyToken=b03f5f7f11d50a3a" className="Vji.Chess.Mvc.StartBoardViewImplTest, TestProject1" name="TestRender" />
    </UnitTest>
    <UnitTest name="TestProcess" storage="i:\home\context\clowder\projects\csharp\vji.test\bin\debug\vji.test.dll" id="48c7083a-7105-e179-4612-8dda7baf1013">
      <Css projectStructure="" iteration="" />
      <Owners>
        <Owner name="" />
      </Owners>
      <Execution id="6f4be7c1-2b10-42e4-9e2f-d9031208eb10" />
      <TestMethod codeBase="I:\home\context\clowder\projects\CSharp\Vji.Test\bin\Debug\Vji.Test.dll" adapterTypeName="Microsoft.VisualStudio.TestTools.TestTypes.Unit.UnitTestAdapter, Microsoft.VisualStudio.QualityTools.Tips.UnitTest.Adapter, Version=9.0.0.0, Culture=neutral, PublicKeyToken=b03f5f7f11d50a3a" className="Vji.Configuration.CommandLineProcessorImplTest, Vji.Test" name="TestProcess" />
    </UnitTest>
    <UnitTest name="TestNewExcelFileOpenedCondition" storage="i:\home\context\clowder\projects\csharp\vji.test\bin\debug\vji.test.dll" id="39134fda-b8db-5ebc-76d9-fd2d2a1e6cf8">
      <Css projectStructure="" iteration="" />
      <Owners>
        <Owner name="" />
      </Owners>
      <Execution id="194651e1-2f06-43ea-8e3c-a27579c4aa92" />
      <TestMethod codeBase="I:\home\context\clowder\projects\CSharp\Vji.Test\bin\Debug\Vji.Test.dll" adapterTypeName="Microsoft.VisualStudio.TestTools.TestTypes.Unit.UnitTestAdapter, Microsoft.VisualStudio.QualityTools.Tips.UnitTest.Adapter, Version=9.0.0.0, Culture=neutral, PublicKeyToken=b03f5f7f11d50a3a" className="Vji.Microsoft.Excel.MicrosoftExcelFactoryImplTest, Vji.Test" name="TestNewExcelFileOpenedCondition" />
    </UnitTest>
    <UnitTest name="TestRenderInternalError" storage="i:\home\context\clowder\projects\csharp\vji.test.chess\bin\debug\testproject1.dll" id="bcc9e5a6-60e7-bfc8-7eac-8815d020212d">
      <Css projectStructure="" iteration="" />
      <Owners>
        <Owner name="" />
      </Owners>
      <Execution id="a7918e4c-a8bc-4429-85b4-02373e081c61" />
      <TestMethod codeBase="I:\home\context\clowder\projects\CSharp\Vji.Test.Chess\bin\Debug\TestProject1.dll" adapterTypeName="Microsoft.VisualStudio.TestTools.TestTypes.Unit.UnitTestAdapter, Microsoft.VisualStudio.QualityTools.Tips.UnitTest.Adapter, Version=9.0.0.0, Culture=neutral, PublicKeyToken=b03f5f7f11d50a3a" className="Vji.Chess.Mvc.StartBoardViewImplTest, TestProject1" name="TestRenderInternalError" />
    </UnitTest>
    <UnitTest name="TestArrangePieces" storage="i:\home\context\clowder\projects\csharp\vji.test.chess\bin\debug\testproject1.dll" id="d6e2566f-01f2-f1db-35e6-1066959c4239">
      <Css projectStructure="" iteration="" />
      <Owners>
        <Owner name="" />
      </Owners>
      <Execution id="bdfdf79a-fda6-45ff-93d5-b744db97e6e2" />
      <TestMethod codeBase="I:\home\context\clowder\projects\CSharp\Vji.Test.Chess\bin\Debug\TestProject1.dll" adapterTypeName="Microsoft.VisualStudio.TestTools.TestTypes.Unit.UnitTestAdapter, Microsoft.VisualStudio.QualityTools.Tips.UnitTest.Adapter, Version=9.0.0.0, Culture=neutral, PublicKeyToken=b03f5f7f11d50a3a" className="Vji.Chess.Model.BoardImplTest, TestProject1" name="TestArrangePieces" />
    </UnitTest>
    <UnitTest name="TestNewBishop" storage="i:\home\context\clowder\projects\csharp\vji.test.chess\bin\debug\testproject1.dll" id="a388291b-77c8-bad1-3431-cbba69a53943">
      <Css projectStructure="" iteration="" />
      <Owners>
        <Owner name="" />
      </Owners>
      <Execution id="876800a9-7a5d-4b84-b6cb-8b5449172378" />
      <TestMethod codeBase="I:\home\context\clowder\projects\CSharp\Vji.Test.Chess\bin\Debug\TestProject1.dll" adapterTypeName="Microsoft.VisualStudio.TestTools.TestTypes.Unit.UnitTestAdapter, Microsoft.VisualStudio.QualityTools.Tips.UnitTest.Adapter, Version=9.0.0.0, Culture=neutral, PublicKeyToken=b03f5f7f11d50a3a" className="Vji.Chess.Model.ChessModelFactoryImplTest, TestProject1" name="TestNewBishop" />
    </UnitTest>
    <UnitTest name="TestNewKing" storage="i:\home\context\clowder\projects\csharp\vji.test.chess\bin\debug\testproject1.dll" id="fecaede0-ebe4-5d7b-64b5-330b1ebe0b20">
      <Css projectStructure="" iteration="" />
      <Owners>
        <Owner name="" />
      </Owners>
      <Execution id="8ad0fc0e-5038-424c-87ef-a8caab7beed2" />
      <TestMethod codeBase="I:\home\context\clowder\projects\CSharp\Vji.Test.Chess\bin\Debug\TestProject1.dll" adapterTypeName="Microsoft.VisualStudio.TestTools.TestTypes.Unit.UnitTestAdapter, Microsoft.VisualStudio.QualityTools.Tips.UnitTest.Adapter, Version=9.0.0.0, Culture=neutral, PublicKeyToken=b03f5f7f11d50a3a" className="Vji.Chess.Model.ChessModelFactoryImplTest, TestProject1" name="TestNewKing" />
    </UnitTest>
    <UnitTest name="TestNewKnight" storage="i:\home\context\clowder\projects\csharp\vji.test.chess\bin\debug\testproject1.dll" id="a7149737-2d01-3d73-c33f-00ff66149214">
      <Css projectStructure="" iteration="" />
      <Owners>
        <Owner name="" />
      </Owners>
      <Execution id="c072b8df-b964-49e6-9199-8b123f45c888" />
      <TestMethod codeBase="I:\home\context\clowder\projects\CSharp\Vji.Test.Chess\bin\Debug\TestProject1.dll" adapterTypeName="Microsoft.VisualStudio.TestTools.TestTypes.Unit.UnitTestAdapter, Microsoft.VisualStudio.QualityTools.Tips.UnitTest.Adapter, Version=9.0.0.0, Culture=neutral, PublicKeyToken=b03f5f7f11d50a3a" className="Vji.Chess.Model.ChessModelFactoryImplTest, TestProject1" name="TestNewKnight" />
    </UnitTest>
    <UnitTest name="TestNewComWrapper" storage="i:\home\context\clowder\projects\csharp\vji.test\bin\debug\vji.test.dll" id="1e4c5c6b-2f4b-2f46-0e9a-41666f9ad852">
      <Css projectStructure="" iteration="" />
      <Owners>
        <Owner name="" />
      </Owners>
      <Execution id="9bbc4e50-627c-4625-a83c-6b205c26817e" />
      <TestMethod codeBase="I:\home\context\clowder\projects\CSharp\Vji.Test\bin\Debug\Vji.Test.dll" adapterTypeName="Microsoft.VisualStudio.TestTools.TestTypes.Unit.UnitTestAdapter, Microsoft.VisualStudio.QualityTools.Tips.UnitTest.Adapter, Version=9.0.0.0, Culture=neutral, PublicKeyToken=b03f5f7f11d50a3a" className="Vji.Config.ComFactoryImplTest, Vji.Test" name="TestNewComWrapper" />
    </UnitTest>
    <UnitTest name="TestNewSpringBootstrapper" storage="i:\home\context\clowder\projects\csharp\vji.test\bin\debug\vji.test.dll" id="6803fd9a-3ccc-3b31-d035-e96dbf43d138">
      <Css projectStructure="" iteration="" />
      <Owners>
        <Owner name="" />
      </Owners>
      <Execution id="a9caade7-66bb-430e-b369-fa8f60fe470d" />
      <TestMethod codeBase="I:\home\context\clowder\projects\CSharp\Vji.Test\bin\Debug\Vji.Test.dll" adapterTypeName="Microsoft.VisualStudio.TestTools.TestTypes.Unit.UnitTestAdapter, Microsoft.VisualStudio.QualityTools.Tips.UnitTest.Adapter, Version=9.0.0.0, Culture=neutral, PublicKeyToken=b03f5f7f11d50a3a" className="Vji.Bootstrap.MainFactoryClassTest, Vji.Test" name="TestNewSpringBootstrapper" />
    </UnitTest>
    <UnitTest name="TestObtain" storage="i:\home\context\clowder\projects\csharp\vji.test\bin\debug\vji.test.dll" id="0967fef5-8ffc-8a81-60e8-876bb4a99cd4">
      <Css projectStructure="" iteration="" />
      <Owners>
        <Owner name="" />
      </Owners>
      <Execution id="c2dea5c9-940b-460b-8fb2-a911b3d74c09" />
      <TestMethod codeBase="I:\home\context\clowder\projects\CSharp\Vji.Test\bin\Debug\Vji.Test.dll" adapterTypeName="Microsoft.VisualStudio.TestTools.TestTypes.Unit.UnitTestAdapter, Microsoft.VisualStudio.QualityTools.Tips.UnitTest.Adapter, Version=9.0.0.0, Culture=neutral, PublicKeyToken=b03f5f7f11d50a3a" className="Vji.Licensing.CompositeLicenseImplTest, Vji.Test" name="TestObtain" />
    </UnitTest>
    <UnitTest name="TestNewLocation" storage="i:\home\context\clowder\projects\csharp\vji.test.chess\bin\debug\testproject1.dll" id="98537372-daf1-0a93-9c08-8b3e7e7e3dd2">
      <Css projectStructure="" iteration="" />
      <Owners>
        <Owner name="" />
      </Owners>
      <Execution id="f128a46a-2afe-4922-8a15-036078e5319a" />
      <TestMethod codeBase="I:\home\context\clowder\projects\CSharp\Vji.Test.Chess\bin\Debug\TestProject1.dll" adapterTypeName="Microsoft.VisualStudio.TestTools.TestTypes.Unit.UnitTestAdapter, Microsoft.VisualStudio.QualityTools.Tips.UnitTest.Adapter, Version=9.0.0.0, Culture=neutral, PublicKeyToken=b03f5f7f11d50a3a" className="Vji.Chess.Model.ChessModelFactoryImplTest, TestProject1" name="TestNewLocation" />
    </UnitTest>
    <UnitTest name="TestNewStartCommand" storage="i:\home\context\clowder\projects\csharp\vji.test\bin\debug\vji.test.dll" id="4fa51609-d1b2-1cd1-1827-9de3881d2c25">
      <Css projectStructure="" iteration="" />
      <Owners>
        <Owner name="" />
      </Owners>
      <Execution id="bd28807b-150a-4b45-b70f-d0be1973e75e" />
      <TestMethod codeBase="I:\home\context\clowder\projects\CSharp\Vji.Test\bin\Debug\Vji.Test.dll" adapterTypeName="Microsoft.VisualStudio.TestTools.TestTypes.Unit.UnitTestAdapter, Microsoft.VisualStudio.QualityTools.Tips.UnitTest.Adapter, Version=9.0.0.0, Culture=neutral, PublicKeyToken=b03f5f7f11d50a3a" className="Vji.Mvc.MvcFactoryImplTest, Vji.Test" name="TestNewStartCommand" />
    </UnitTest>
    <UnitTest name="TestProcess" storage="i:\home\context\clowder\projects\csharp\vji.test\bin\debug\vji.test.dll" id="93192048-5ab0-d37d-0221-49dd3483a148">
      <Css projectStructure="" iteration="" />
      <Owners>
        <Owner name="" />
      </Owners>
      <Execution id="7a760311-b30b-474b-ba57-d683a06e025e" />
      <TestMethod codeBase="I:\home\context\clowder\projects\CSharp\Vji.Test\bin\Debug\Vji.Test.dll" adapterTypeName="Microsoft.VisualStudio.TestTools.TestTypes.Unit.UnitTestAdapter, Microsoft.VisualStudio.QualityTools.Tips.UnitTest.Adapter, Version=9.0.0.0, Culture=neutral, PublicKeyToken=b03f5f7f11d50a3a" className="Vji.Mvc.ControllerImplTest, Vji.Test" name="TestProcess" />
    </UnitTest>
    <UnitTest name="TestTeardown" storage="i:\home\context\clowder\projects\csharp\vji.test\bin\debug\vji.test.dll" id="24508f16-5423-a17d-c2a3-d1e397151f11">
      <Css projectStructure="" iteration="" />
      <Owners>
        <Owner name="" />
      </Owners>
      <Execution id="730d7d1b-f7b6-44c8-9177-780a17b0de77" />
      <TestMethod codeBase="I:\home\context\clowder\projects\CSharp\Vji.Test\bin\Debug\Vji.Test.dll" adapterTypeName="Microsoft.VisualStudio.TestTools.TestTypes.Unit.UnitTestAdapter, Microsoft.VisualStudio.QualityTools.Tips.UnitTest.Adapter, Version=9.0.0.0, Culture=neutral, PublicKeyToken=b03f5f7f11d50a3a" className="Vji.Licensing.LicensedConditionImplTest, Vji.Test" name="TestTeardown" />
    </UnitTest>
    <UnitTest name="TestBootstrap" storage="i:\home\context\clowder\projects\csharp\vji.test\bin\debug\vji.test.dll" id="536cd357-c682-8ee9-3ee6-d9dfab325956">
      <Css projectStructure="" iteration="" />
      <Owners>
        <Owner name="" />
      </Owners>
      <Execution id="1a104e28-9657-41ec-ba36-766ac5884b8b" />
      <TestMethod codeBase="I:\home\context\clowder\projects\CSharp\Vji.Test\bin\Debug\Vji.Test.dll" adapterTypeName="Microsoft.VisualStudio.TestTools.TestTypes.Unit.UnitTestAdapter, Microsoft.VisualStudio.QualityTools.Tips.UnitTest.Adapter, Version=9.0.0.0, Culture=neutral, PublicKeyToken=b03f5f7f11d50a3a" className="Vji.Bootstrap.AssemblyResolverImplTest, Vji.Test" name="TestBootstrap" />
    </UnitTest>
    <UnitTest name="TestRun" storage="i:\home\context\clowder\projects\csharp\vji.test\bin\debug\vji.test.dll" id="34fe935a-d2f4-fda6-7223-4237f7a584ae">
      <Css projectStructure="" iteration="" />
      <Owners>
        <Owner name="" />
      </Owners>
      <Execution id="09b6cd71-69f9-457f-a8d5-8260ee84f7e0" />
      <TestMethod codeBase="I:\home\context\clowder\projects\CSharp\Vji.Test\bin\Debug\Vji.Test.dll" adapterTypeName="Microsoft.VisualStudio.TestTools.TestTypes.Unit.UnitTestAdapter, Microsoft.VisualStudio.QualityTools.Tips.UnitTest.Adapter, Version=9.0.0.0, Culture=neutral, PublicKeyToken=b03f5f7f11d50a3a" className="Vji.Bootstrap.SpringRunnerImplTest, Vji.Test" name="TestRun" />
    </UnitTest>
    <UnitTest name="TestNewExcel" storage="i:\home\context\clowder\projects\csharp\vji.test\bin\debug\vji.test.dll" id="4ae40667-f8d0-3209-9cee-c1ecae187bc3">
      <Css projectStructure="" iteration="" />
      <Owners>
        <Owner name="" />
      </Owners>
      <Execution id="02761395-4229-45e6-8618-9fe54f3643c7" />
      <TestMethod codeBase="I:\home\context\clowder\projects\CSharp\Vji.Test\bin\Debug\Vji.Test.dll" adapterTypeName="Microsoft.VisualStudio.TestTools.TestTypes.Unit.UnitTestAdapter, Microsoft.VisualStudio.QualityTools.Tips.UnitTest.Adapter, Version=9.0.0.0, Culture=neutral, PublicKeyToken=b03f5f7f11d50a3a" className="Vji.Microsoft.Excel.MicrosoftExcelFactoryImplTest, Vji.Test" name="TestNewExcel" />
    </UnitTest>
    <UnitTest name="TestRelease" storage="i:\home\context\clowder\projects\csharp\vji.test\bin\debug\vji.test.dll" id="c7f1d316-b652-b571-63da-340ac31a1a77">
      <Css projectStructure="" iteration="" />
      <Owners>
        <Owner name="" />
      </Owners>
      <Execution id="e0610fbf-3c52-43bf-b742-b4013faba65a" />
      <TestMethod codeBase="I:\home\context\clowder\projects\CSharp\Vji.Test\bin\Debug\Vji.Test.dll" adapterTypeName="Microsoft.VisualStudio.TestTools.TestTypes.Unit.UnitTestAdapter, Microsoft.VisualStudio.QualityTools.Tips.UnitTest.Adapter, Version=9.0.0.0, Culture=neutral, PublicKeyToken=b03f5f7f11d50a3a" className="Vji.Licensing.CompositeLicenseImplTest, Vji.Test" name="TestRelease" />
    </UnitTest>
    <UnitTest name="TestNewBootstrapDependentLoggerSetter" storage="i:\home\context\clowder\projects\csharp\vji.test\bin\debug\vji.test.dll" id="03ce7a89-07d5-9d5a-1f08-8249b0516d24">
      <Css projectStructure="" iteration="" />
      <Owners>
        <Owner name="" />
      </Owners>
      <Execution id="754f1787-920a-4092-97de-f9cbc0d429d1" />
      <TestMethod codeBase="I:\home\context\clowder\projects\CSharp\Vji.Test\bin\Debug\Vji.Test.dll" adapterTypeName="Microsoft.VisualStudio.TestTools.TestTypes.Unit.UnitTestAdapter, Microsoft.VisualStudio.QualityTools.Tips.UnitTest.Adapter, Version=9.0.0.0, Culture=neutral, PublicKeyToken=b03f5f7f11d50a3a" className="Vji.Log4net.Log4netFactoryImplTest, Vji.Test" name="TestNewBootstrapDependentLoggerSetter" />
    </UnitTest>
    <UnitTest name="TestNewLoggerSetter" storage="i:\home\context\clowder\projects\csharp\vji.test\bin\debug\vji.test.dll" id="6094ce43-61ac-354d-6931-49bc152c0419">
      <Css projectStructure="" iteration="" />
      <Owners>
        <Owner name="" />
      </Owners>
      <Execution id="3d74a889-4501-401c-9e3b-104a3134a6b4" />
      <TestMethod codeBase="I:\home\context\clowder\projects\CSharp\Vji.Test\bin\Debug\Vji.Test.dll" adapterTypeName="Microsoft.VisualStudio.TestTools.TestTypes.Unit.UnitTestAdapter, Microsoft.VisualStudio.QualityTools.Tips.UnitTest.Adapter, Version=9.0.0.0, Culture=neutral, PublicKeyToken=b03f5f7f11d50a3a" className="Vji.Log4net.Log4netFactoryImplTest, Vji.Test" name="TestNewLoggerSetter" />
    </UnitTest>
    <UnitTest name="TestNewCondition" storage="i:\home\context\clowder\projects\csharp\vji.test\bin\debug\vji.test.dll" id="29a35ee6-1cc4-883b-1026-9edf18dce68a">
      <Css projectStructure="" iteration="" />
      <Owners>
        <Owner name="" />
      </Owners>
      <Execution id="90cf8012-1d58-4d47-b490-89d5c8485298" />
      <TestMethod codeBase="I:\home\context\clowder\projects\CSharp\Vji.Test\bin\Debug\Vji.Test.dll" adapterTypeName="Microsoft.VisualStudio.TestTools.TestTypes.Unit.UnitTestAdapter, Microsoft.VisualStudio.QualityTools.Tips.UnitTest.Adapter, Version=9.0.0.0, Culture=neutral, PublicKeyToken=b03f5f7f11d50a3a" className="Vji.Config.ConditionsFactoryImplTest, Vji.Test" name="TestNewCondition" />
    </UnitTest>
    <UnitTest name="TestRunUnder" storage="i:\home\context\clowder\projects\csharp\vji.test\bin\debug\vji.test.dll" id="c5fe066e-b078-dfd0-7836-55c92d383fb7">
      <Css projectStructure="" iteration="" />
      <Owners>
        <Owner name="" />
      </Owners>
      <Execution id="11586d07-c571-47f9-bb57-df1df61b26ad" />
      <TestMethod codeBase="I:\home\context\clowder\projects\CSharp\Vji.Test\bin\Debug\Vji.Test.dll" adapterTypeName="Microsoft.VisualStudio.TestTools.TestTypes.Unit.UnitTestAdapter, Microsoft.VisualStudio.QualityTools.Tips.UnitTest.Adapter, Version=9.0.0.0, Culture=neutral, PublicKeyToken=b03f5f7f11d50a3a" className="Vji.Licensing.LicenseImplTest, Vji.Test" name="TestRunUnder" />
    </UnitTest>
    <UnitTest name="TestNewPawn" storage="i:\home\context\clowder\projects\csharp\vji.test.chess\bin\debug\testproject1.dll" id="2f683e87-4b10-5603-1273-da3beab27e4c">
      <Css projectStructure="" iteration="" />
      <Owners>
        <Owner name="" />
      </Owners>
      <Execution id="278b8c54-951b-4a70-8e53-20d789fd7073" />
      <TestMethod codeBase="I:\home\context\clowder\projects\CSharp\Vji.Test.Chess\bin\Debug\TestProject1.dll" adapterTypeName="Microsoft.VisualStudio.TestTools.TestTypes.Unit.UnitTestAdapter, Microsoft.VisualStudio.QualityTools.Tips.UnitTest.Adapter, Version=9.0.0.0, Culture=neutral, PublicKeyToken=b03f5f7f11d50a3a" className="Vji.Chess.Model.ChessModelFactoryImplTest, TestProject1" name="TestNewPawn" />
    </UnitTest>
    <UnitTest name="TestNewConfigSectionVariableSource" storage="i:\home\context\clowder\projects\csharp\vji.test\bin\debug\vji.test.dll" id="5ea74d90-0bad-62f2-9bc8-f8ab483c9b2b">
      <Css projectStructure="" iteration="" />
      <Owners>
        <Owner name="" />
      </Owners>
      <Execution id="83987d83-65ce-4f71-b4e0-403cd053d1d5" />
      <TestMethod codeBase="I:\home\context\clowder\projects\CSharp\Vji.Test\bin\Debug\Vji.Test.dll" adapterTypeName="Microsoft.VisualStudio.TestTools.TestTypes.Unit.UnitTestAdapter, Microsoft.VisualStudio.QualityTools.Tips.UnitTest.Adapter, Version=9.0.0.0, Culture=neutral, PublicKeyToken=b03f5f7f11d50a3a" className="Vji.Spring.Config.SpringConfigFactoryImplTest, Vji.Test" name="TestNewConfigSectionVariableSource" />
    </UnitTest>
    <UnitTest name="TestNewRange" storage="i:\home\context\clowder\projects\csharp\vji.test\bin\debug\vji.test.dll" id="9a34c574-e4f6-880d-0f65-f06db97b0a61">
      <Css projectStructure="" iteration="" />
      <Owners>
        <Owner name="" />
      </Owners>
      <Execution id="28490e36-bac4-4ecc-8013-56d80dab7926" />
      <TestMethod codeBase="I:\home\context\clowder\projects\CSharp\Vji.Test\bin\Debug\Vji.Test.dll" adapterTypeName="Microsoft.VisualStudio.TestTools.TestTypes.Unit.UnitTestAdapter, Microsoft.VisualStudio.QualityTools.Tips.UnitTest.Adapter, Version=9.0.0.0, Culture=neutral, PublicKeyToken=b03f5f7f11d50a3a" className="Vji.Microsoft.Excel.MicrosoftExcelFactoryImplTest, Vji.Test" name="TestNewRange" />
    </UnitTest>
    <UnitTest name="TestToString" storage="i:\home\context\clowder\projects\csharp\vji.test\bin\debug\vji.test.dll" id="ddc85e03-bf9c-b13a-02f3-424c04e3a314">
      <Css projectStructure="" iteration="" />
      <Owners>
        <Owner name="" />
      </Owners>
      <Execution id="2d7d3e59-16fa-41d8-b13e-ebc459ccfbdd" />
      <TestMethod codeBase="I:\home\context\clowder\projects\CSharp\Vji.Test\bin\Debug\Vji.Test.dll" adapterTypeName="Microsoft.VisualStudio.TestTools.TestTypes.Unit.UnitTestAdapter, Microsoft.VisualStudio.QualityTools.Tips.UnitTest.Adapter, Version=9.0.0.0, Culture=neutral, PublicKeyToken=b03f5f7f11d50a3a" className="Vji.Mvc.FinishCommandImplTest, Vji.Test" name="TestToString" />
    </UnitTest>
    <UnitTest name="TestBootstrap" storage="i:\home\context\clowder\projects\csharp\vji.test\bin\debug\vji.test.dll" id="11cf1b13-04ae-7059-f46c-8a9614f4cce2">
      <Css projectStructure="" iteration="" />
      <Owners>
        <Owner name="" />
      </Owners>
      <Execution id="c04adbdd-2a75-4479-aac9-29dae40b5c7b" />
      <TestMethod codeBase="I:\home\context\clowder\projects\CSharp\Vji.Test\bin\Debug\Vji.Test.dll" adapterTypeName="Microsoft.VisualStudio.TestTools.TestTypes.Unit.UnitTestAdapter, Microsoft.VisualStudio.QualityTools.Tips.UnitTest.Adapter, Version=9.0.0.0, Culture=neutral, PublicKeyToken=b03f5f7f11d50a3a" className="Vji.Bootstrap.SpringBootstrapperImplTest, Vji.Test" name="TestBootstrap" />
    </UnitTest>
    <UnitTest name="TestBootstrap" storage="i:\home\context\clowder\projects\csharp\vji.test\bin\debug\vji.test.dll" id="b4bdfade-d685-5f72-6d20-7233d007195f">
      <Css projectStructure="" iteration="" />
      <Owners>
        <Owner name="" />
      </Owners>
      <Execution id="52621b91-4b41-4f9b-a317-c243f7403d93" />
      <TestMethod codeBase="I:\home\context\clowder\projects\CSharp\Vji.Test\bin\Debug\Vji.Test.dll" adapterTypeName="Microsoft.VisualStudio.TestTools.TestTypes.Unit.UnitTestAdapter, Microsoft.VisualStudio.QualityTools.Tips.UnitTest.Adapter, Version=9.0.0.0, Culture=neutral, PublicKeyToken=b03f5f7f11d50a3a" className="Vji.Bootstrap.LogBootstrapperImplTest, Vji.Test" name="TestBootstrap" />
    </UnitTest>
    <UnitTest name="TestResolve" storage="i:\home\context\clowder\projects\csharp\vji.test\bin\debug\vji.test.dll" id="74c609f3-b1f5-c0d2-e51a-789c2065a569">
      <Css projectStructure="" iteration="" />
      <Owners>
        <Owner name="" />
      </Owners>
      <Execution id="07e275fd-964f-490e-8f23-afc335bb0146" />
      <TestMethod codeBase="I:\home\context\clowder\projects\CSharp\Vji.Test\bin\Debug\Vji.Test.dll" adapterTypeName="Microsoft.VisualStudio.TestTools.TestTypes.Unit.UnitTestAdapter, Microsoft.VisualStudio.QualityTools.Tips.UnitTest.Adapter, Version=9.0.0.0, Culture=neutral, PublicKeyToken=b03f5f7f11d50a3a" className="Vji.Spring.Mvc.SpringViewResolverImplTest, Vji.Test" name="TestResolve" />
    </UnitTest>
    <UnitTest name="TestSetLoggers" storage="i:\home\context\clowder\projects\csharp\vji.test\bin\debug\vji.test.dll" id="36363040-5069-3b9f-e828-fe31f898a901">
      <Css projectStructure="" iteration="" />
      <Owners>
        <Owner name="" />
      </Owners>
      <Execution id="1dbf0adb-1bc6-40eb-8f19-fd7df7554047" />
      <TestMethod codeBase="I:\home\context\clowder\projects\CSharp\Vji.Test\bin\Debug\Vji.Test.dll" adapterTypeName="Microsoft.VisualStudio.TestTools.TestTypes.Unit.UnitTestAdapter, Microsoft.VisualStudio.QualityTools.Tips.UnitTest.Adapter, Version=9.0.0.0, Culture=neutral, PublicKeyToken=b03f5f7f11d50a3a" className="Vji.Log4net.LoggerSetterImplTest, Vji.Test" name="TestSetLoggers" />
    </UnitTest>
    <UnitTest name="TestNewMockLicense" storage="i:\home\context\clowder\projects\csharp\vji.test\bin\debug\vji.test.dll" id="8114e816-8954-fda4-480f-e1dd4283bae6">
      <Css projectStructure="" iteration="" />
      <Owners>
        <Owner name="" />
      </Owners>
      <Execution id="925d070b-2ba7-43b8-8610-4e87cf12ce72" />
      <TestMethod codeBase="I:\home\context\clowder\projects\CSharp\Vji.Test\bin\Debug\Vji.Test.dll" adapterTypeName="Microsoft.VisualStudio.TestTools.TestTypes.Unit.UnitTestAdapter, Microsoft.VisualStudio.QualityTools.Tips.UnitTest.Adapter, Version=9.0.0.0, Culture=neutral, PublicKeyToken=b03f5f7f11d50a3a" className="Vji.Mock.Licensing.MockLicensingFactoryImplTest, Vji.Test" name="TestNewMockLicense" />
    </UnitTest>
    <UnitTest name="TestNewCompositeLicense" storage="i:\home\context\clowder\projects\csharp\vji.test\bin\debug\vji.test.dll" id="047b9f03-ea6f-0840-55fb-e57df91b4d88">
      <Css projectStructure="" iteration="" />
      <Owners>
        <Owner name="" />
      </Owners>
      <Execution id="3afc4d3f-4bbb-48f9-b15c-f1f825165087" />
      <TestMethod codeBase="I:\home\context\clowder\projects\CSharp\Vji.Test\bin\Debug\Vji.Test.dll" adapterTypeName="Microsoft.VisualStudio.TestTools.TestTypes.Unit.UnitTestAdapter, Microsoft.VisualStudio.QualityTools.Tips.UnitTest.Adapter, Version=9.0.0.0, Culture=neutral, PublicKeyToken=b03f5f7f11d50a3a" className="Vji.Licensing.LicensingFactoryImplTest, Vji.Test" name="TestNewCompositeLicense" />
    </UnitTest>
    <UnitTest name="TestRun" storage="i:\home\context\clowder\projects\csharp\all\vji.test.app.commandlinechess\bin\debug\vji.test.app.commandlinechess.dll" id="a141a9bd-92fd-16d3-4a4d-d11ab393d81c">
      <Css projectStructure="" iteration="" />
      <Owners>
        <Owner name="" />
      </Owners>
      <Execution id="c9c56b85-9d4c-4b94-9a34-cf0f8d1dfc65" />
      <TestMethod codeBase="I:\home\context\clowder\projects\CSharp\All\Vji.Test.App.CommandLineChess\bin\Debug\Vji.Test.App.CommandLineChess.dll" adapterTypeName="Microsoft.VisualStudio.TestTools.TestTypes.Unit.UnitTestAdapter, Microsoft.VisualStudio.QualityTools.Tips.UnitTest.Adapter, Version=9.0.0.0, Culture=neutral, PublicKeyToken=b03f5f7f11d50a3a" className="Vji.App.CommandLineChess.ProgramImplTest, Vji.Test.App.CommandLineChess" name="TestRun" />
    </UnitTest>
    <UnitTest name="TestNewProgram" storage="i:\home\context\clowder\projects\csharp\all\vji.test.app.commandlinechess\bin\debug\vji.test.app.commandlinechess.dll" id="55049376-c8d6-f907-0a3a-d77576d90e51">
      <Css projectStructure="" iteration="" />
      <Owners>
        <Owner name="" />
      </Owners>
      <Execution id="138fe4a6-4ab0-4c2c-9eef-c1015e51e1f0" />
      <TestMethod codeBase="I:\home\context\clowder\projects\CSharp\All\Vji.Test.App.CommandLineChess\bin\Debug\Vji.Test.App.CommandLineChess.dll" adapterTypeName="Microsoft.VisualStudio.TestTools.TestTypes.Unit.UnitTestAdapter, Microsoft.VisualStudio.QualityTools.Tips.UnitTest.Adapter, Version=9.0.0.0, Culture=neutral, PublicKeyToken=b03f5f7f11d50a3a" className="Vji.App.CommandLineChess.MainFactoryImplTest, Vji.Test.App.CommandLineChess" name="TestNewProgram" />
    </UnitTest>
    <UnitTest name="TestSetup" storage="i:\home\context\clowder\projects\csharp\vji.test\bin\debug\vji.test.dll" id="5561408e-b1b5-605d-2747-9d6c0cd73e09">
      <Css projectStructure="" iteration="" />
      <Owners>
        <Owner name="" />
      </Owners>
      <Execution id="1adefca8-0099-4b68-b1d4-4fe2b148dc43" />
      <TestMethod codeBase="I:\home\context\clowder\projects\CSharp\Vji.Test\bin\Debug\Vji.Test.dll" adapterTypeName="Microsoft.VisualStudio.TestTools.TestTypes.Unit.UnitTestAdapter, Microsoft.VisualStudio.QualityTools.Tips.UnitTest.Adapter, Version=9.0.0.0, Culture=neutral, PublicKeyToken=b03f5f7f11d50a3a" className="Vji.Licensing.LicensedConditionImplTest, Vji.Test" name="TestSetup" />
    </UnitTest>
    <UnitTest name="TestNewLogBootstrapper" storage="i:\home\context\clowder\projects\csharp\vji.test\bin\debug\vji.test.dll" id="212161e9-4e8a-ef25-7fd9-285eff16a836">
      <Css projectStructure="" iteration="" />
      <Owners>
        <Owner name="" />
      </Owners>
      <Execution id="44df44dc-74e9-476d-bd28-06736ecf06f2" />
      <TestMethod codeBase="I:\home\context\clowder\projects\CSharp\Vji.Test\bin\Debug\Vji.Test.dll" adapterTypeName="Microsoft.VisualStudio.TestTools.TestTypes.Unit.UnitTestAdapter, Microsoft.VisualStudio.QualityTools.Tips.UnitTest.Adapter, Version=9.0.0.0, Culture=neutral, PublicKeyToken=b03f5f7f11d50a3a" className="Vji.Bootstrap.MainFactoryClassTest, Vji.Test" name="TestNewLogBootstrapper" />
    </UnitTest>
    <UnitTest name="TestNewFinishCommand" storage="i:\home\context\clowder\projects\csharp\vji.test\bin\debug\vji.test.dll" id="4d1c5c85-afd1-547a-b8d4-d6cfc2130a7f">
      <Css projectStructure="" iteration="" />
      <Owners>
        <Owner name="" />
      </Owners>
      <Execution id="eff56d38-f7fb-4f52-bf84-5fcf49d2d391" />
      <TestMethod codeBase="I:\home\context\clowder\projects\CSharp\Vji.Test\bin\Debug\Vji.Test.dll" adapterTypeName="Microsoft.VisualStudio.TestTools.TestTypes.Unit.UnitTestAdapter, Microsoft.VisualStudio.QualityTools.Tips.UnitTest.Adapter, Version=9.0.0.0, Culture=neutral, PublicKeyToken=b03f5f7f11d50a3a" className="Vji.Mvc.MvcFactoryImplTest, Vji.Test" name="TestNewFinishCommand" />
    </UnitTest>
    <UnitTest name="TestRenderBoard" storage="i:\home\context\clowder\projects\csharp\vji.test.chess\bin\debug\testproject1.dll" id="5e1340b1-3b05-ce9c-6570-d7f5b0e024bd">
      <Css projectStructure="" iteration="" />
      <Owners>
        <Owner name="" />
      </Owners>
      <Execution id="1f193f5c-2335-42c8-a6c9-d4602920fda9" />
      <TestMethod codeBase="I:\home\context\clowder\projects\CSharp\Vji.Test.Chess\bin\Debug\TestProject1.dll" adapterTypeName="Microsoft.VisualStudio.TestTools.TestTypes.Unit.UnitTestAdapter, Microsoft.VisualStudio.QualityTools.Tips.UnitTest.Adapter, Version=9.0.0.0, Culture=neutral, PublicKeyToken=b03f5f7f11d50a3a" className="Vji.Chess.Mvc.StartBoardViewImplTest, TestProject1" name="TestRenderBoard" />
    </UnitTest>
    <UnitTest name="TestNewLicensedCondition" storage="i:\home\context\clowder\projects\csharp\vji.test\bin\debug\vji.test.dll" id="f056f4a6-d3c7-c3db-e50b-810040f28763">
      <Css projectStructure="" iteration="" />
      <Owners>
        <Owner name="" />
      </Owners>
      <Execution id="f4e0ec8b-469b-4f9b-9470-b3e4619fab1b" />
      <TestMethod codeBase="I:\home\context\clowder\projects\CSharp\Vji.Test\bin\Debug\Vji.Test.dll" adapterTypeName="Microsoft.VisualStudio.TestTools.TestTypes.Unit.UnitTestAdapter, Microsoft.VisualStudio.QualityTools.Tips.UnitTest.Adapter, Version=9.0.0.0, Culture=neutral, PublicKeyToken=b03f5f7f11d50a3a" className="Vji.Licensing.LicensingFactoryImplTest, Vji.Test" name="TestNewLicensedCondition" />
    </UnitTest>
    <UnitTest name="TestNewAssemblyResolver" storage="i:\home\context\clowder\projects\csharp\vji.test\bin\debug\vji.test.dll" id="02399035-4a62-ae30-810d-5abe081590fe">
      <Css projectStructure="" iteration="" />
      <Owners>
        <Owner name="" />
      </Owners>
      <Execution id="6dd319cd-a2bf-4701-abba-7391fd8319b1" />
      <TestMethod codeBase="I:\home\context\clowder\projects\CSharp\Vji.Test\bin\Debug\Vji.Test.dll" adapterTypeName="Microsoft.VisualStudio.TestTools.TestTypes.Unit.UnitTestAdapter, Microsoft.VisualStudio.QualityTools.Tips.UnitTest.Adapter, Version=9.0.0.0, Culture=neutral, PublicKeyToken=b03f5f7f11d50a3a" className="Vji.Bootstrap.MainFactoryClassTest, Vji.Test" name="TestNewAssemblyResolver" />
    </UnitTest>
    <UnitTest name="TestNewDriver" storage="i:\home\context\clowder\projects\csharp\vji.test\bin\debug\vji.test.dll" id="de67831e-48cf-7761-77a6-d89d61b02669">
      <Css projectStructure="" iteration="" />
      <Owners>
        <Owner name="" />
      </Owners>
      <Execution id="b9853293-084c-496e-b8f3-77412dd9acff" />
      <TestMethod codeBase="I:\home\context\clowder\projects\CSharp\Vji.Test\bin\Debug\Vji.Test.dll" adapterTypeName="Microsoft.VisualStudio.TestTools.TestTypes.Unit.UnitTestAdapter, Microsoft.VisualStudio.QualityTools.Tips.UnitTest.Adapter, Version=9.0.0.0, Culture=neutral, PublicKeyToken=b03f5f7f11d50a3a" className="Vji.Mvc.MvcFactoryImplTest, Vji.Test" name="TestNewDriver" />
    </UnitTest>
    <UnitTest name="TestNewCell" storage="i:\home\context\clowder\projects\csharp\vji.test\bin\debug\vji.test.dll" id="dab7fb1e-7004-11f8-a392-cc49558e0a46">
      <Css projectStructure="" iteration="" />
      <Owners>
        <Owner name="" />
      </Owners>
      <Execution id="668f2a0b-0194-4162-b5ac-4483249159a5" />
      <TestMethod codeBase="I:\home\context\clowder\projects\CSharp\Vji.Test\bin\Debug\Vji.Test.dll" adapterTypeName="Microsoft.VisualStudio.TestTools.TestTypes.Unit.UnitTestAdapter, Microsoft.VisualStudio.QualityTools.Tips.UnitTest.Adapter, Version=9.0.0.0, Culture=neutral, PublicKeyToken=b03f5f7f11d50a3a" className="Vji.Microsoft.Excel.MicrosoftExcelFactoryImplTest, Vji.Test" name="TestNewCell" />
    </UnitTest>
    <UnitTest name="TestSetLocationAt" storage="i:\home\context\clowder\projects\csharp\vji.test.chess\bin\debug\testproject1.dll" id="88743228-fae6-a840-b785-5fc6de2c364f">
      <Css projectStructure="" iteration="" />
      <Owners>
        <Owner name="" />
      </Owners>
      <Execution id="18bd1f77-c76c-402c-a8a9-0b3e52d3ddfa" />
      <TestMethod codeBase="I:\home\context\clowder\projects\CSharp\Vji.Test.Chess\bin\Debug\TestProject1.dll" adapterTypeName="Microsoft.VisualStudio.TestTools.TestTypes.Unit.UnitTestAdapter, Microsoft.VisualStudio.QualityTools.Tips.UnitTest.Adapter, Version=9.0.0.0, Culture=neutral, PublicKeyToken=b03f5f7f11d50a3a" className="Vji.Chess.Model.BoardImplTest, TestProject1" name="TestSetLocationAt" />
    </UnitTest>
    <UnitTest name="TestRenderPrompt" storage="i:\home\context\clowder\projects\csharp\vji.test.chess\bin\debug\testproject1.dll" id="785b381d-bb42-c2c3-2053-1c975b602b38">
      <Css projectStructure="" iteration="" />
      <Owners>
        <Owner name="" />
      </Owners>
      <Execution id="5d2cdc39-72b3-468b-ab75-dc3a3a2cf80b" />
      <TestMethod codeBase="I:\home\context\clowder\projects\CSharp\Vji.Test.Chess\bin\Debug\TestProject1.dll" adapterTypeName="Microsoft.VisualStudio.TestTools.TestTypes.Unit.UnitTestAdapter, Microsoft.VisualStudio.QualityTools.Tips.UnitTest.Adapter, Version=9.0.0.0, Culture=neutral, PublicKeyToken=b03f5f7f11d50a3a" className="Vji.Chess.Mvc.StartBoardViewImplTest, TestProject1" name="TestRenderPrompt" />
    </UnitTest>
    <UnitTest name="TestGetLocationAt" storage="i:\home\context\clowder\projects\csharp\vji.test.chess\bin\debug\testproject1.dll" id="bb1aba7c-db24-1b38-69fd-ba5e618a00ec">
      <Css projectStructure="" iteration="" />
      <Owners>
        <Owner name="" />
      </Owners>
      <Execution id="ee2fbcfc-2fa1-4b97-94f6-2696a7d81771" />
      <TestMethod codeBase="I:\home\context\clowder\projects\CSharp\Vji.Test.Chess\bin\Debug\TestProject1.dll" adapterTypeName="Microsoft.VisualStudio.TestTools.TestTypes.Unit.UnitTestAdapter, Microsoft.VisualStudio.QualityTools.Tips.UnitTest.Adapter, Version=9.0.0.0, Culture=neutral, PublicKeyToken=b03f5f7f11d50a3a" className="Vji.Chess.Model.BoardImplTest, TestProject1" name="TestGetLocationAt" />
    </UnitTest>
    <UnitTest name="TestPlacePieceAt" storage="i:\home\context\clowder\projects\csharp\vji.test.chess\bin\debug\testproject1.dll" id="e92c6073-c2f1-a602-f50c-7c353faa83f8">
      <Css projectStructure="" iteration="" />
      <Owners>
        <Owner name="" />
      </Owners>
      <Execution id="da6ab7f8-2c1a-4f25-a27b-0403ea8bcd2b" />
      <TestMethod codeBase="I:\home\context\clowder\projects\CSharp\Vji.Test.Chess\bin\Debug\TestProject1.dll" adapterTypeName="Microsoft.VisualStudio.TestTools.TestTypes.Unit.UnitTestAdapter, Microsoft.VisualStudio.QualityTools.Tips.UnitTest.Adapter, Version=9.0.0.0, Culture=neutral, PublicKeyToken=b03f5f7f11d50a3a" className="Vji.Chess.Model.BoardImplTest, TestProject1" name="TestPlacePieceAt" />
    </UnitTest>
    <UnitTest name="TestBootstrap" storage="i:\home\context\clowder\projects\csharp\vji.test\bin\debug\vji.test.dll" id="3e6df287-6bc3-2b0c-166f-4a0c2e23f8ee">
      <Css projectStructure="" iteration="" />
      <Owners>
        <Owner name="" />
      </Owners>
      <Execution id="666e42b3-8283-49c5-ad89-5dfd90c47d49" />
      <TestMethod codeBase="I:\home\context\clowder\projects\CSharp\Vji.Test\bin\Debug\Vji.Test.dll" adapterTypeName="Microsoft.VisualStudio.TestTools.TestTypes.Unit.UnitTestAdapter, Microsoft.VisualStudio.QualityTools.Tips.UnitTest.Adapter, Version=9.0.0.0, Culture=neutral, PublicKeyToken=b03f5f7f11d50a3a" className="Vji.Bootstrap.CompositeBootstrapperImplTest, Vji.Test" name="TestBootstrap" />
    </UnitTest>
    <UnitTest name="TestToString" storage="i:\home\context\clowder\projects\csharp\vji.test\bin\debug\vji.test.dll" id="b23acd78-480b-f76e-9005-af5edb6858ca">
      <Css projectStructure="" iteration="" />
      <Owners>
        <Owner name="" />
      </Owners>
      <Execution id="c0237d64-a970-45fe-9b80-dfa2127cc136" />
      <TestMethod codeBase="I:\home\context\clowder\projects\CSharp\Vji.Test\bin\Debug\Vji.Test.dll" adapterTypeName="Microsoft.VisualStudio.TestTools.TestTypes.Unit.UnitTestAdapter, Microsoft.VisualStudio.QualityTools.Tips.UnitTest.Adapter, Version=9.0.0.0, Culture=neutral, PublicKeyToken=b03f5f7f11d50a3a" className="Vji.Mvc.StartCommandImplTest, Vji.Test" name="TestToString" />
    </UnitTest>
    <UnitTest name="TestBootstrap" storage="i:\home\context\clowder\projects\csharp\vji.test\bin\debug\vji.test.dll" id="ca217807-9129-1683-0a66-dd1afce2f8ea">
      <Css projectStructure="" iteration="" />
      <Owners>
        <Owner name="" />
      </Owners>
      <Execution id="13d46c02-d2d5-4c20-8fc8-a117dce621cd" />
      <TestMethod codeBase="I:\home\context\clowder\projects\CSharp\Vji.Test\bin\Debug\Vji.Test.dll" adapterTypeName="Microsoft.VisualStudio.TestTools.TestTypes.Unit.UnitTestAdapter, Microsoft.VisualStudio.QualityTools.Tips.UnitTest.Adapter, Version=9.0.0.0, Culture=neutral, PublicKeyToken=b03f5f7f11d50a3a" className="Vji.Log4net.LoggerSetterImplTest, Vji.Test" name="TestBootstrap" />
    </UnitTest>
    <UnitTest name="TestNewCompositeBootstrapper" storage="i:\home\context\clowder\projects\csharp\vji.test\bin\debug\vji.test.dll" id="7daea52a-6c80-a889-7da5-7f0df95f1a38">
      <Css projectStructure="" iteration="" />
      <Owners>
        <Owner name="" />
      </Owners>
      <Execution id="904ef476-10ae-404f-a5bc-6c1a6b2335e6" />
      <TestMethod codeBase="I:\home\context\clowder\projects\CSharp\Vji.Test\bin\Debug\Vji.Test.dll" adapterTypeName="Microsoft.VisualStudio.TestTools.TestTypes.Unit.UnitTestAdapter, Microsoft.VisualStudio.QualityTools.Tips.UnitTest.Adapter, Version=9.0.0.0, Culture=neutral, PublicKeyToken=b03f5f7f11d50a3a" className="Vji.Bootstrap.MainFactoryClassTest, Vji.Test" name="TestNewCompositeBootstrapper" />
    </UnitTest>
    <UnitTest name="TestRenderStartPreamble" storage="i:\home\context\clowder\projects\csharp\vji.test.chess\bin\debug\testproject1.dll" id="7f898444-ae0c-6988-c9f2-09c1c6dd2445">
      <Css projectStructure="" iteration="" />
      <Owners>
        <Owner name="" />
      </Owners>
      <Execution id="17377765-89e9-4d91-9967-1c348ac299fe" />
      <TestMethod codeBase="I:\home\context\clowder\projects\CSharp\Vji.Test.Chess\bin\Debug\TestProject1.dll" adapterTypeName="Microsoft.VisualStudio.TestTools.TestTypes.Unit.UnitTestAdapter, Microsoft.VisualStudio.QualityTools.Tips.UnitTest.Adapter, Version=9.0.0.0, Culture=neutral, PublicKeyToken=b03f5f7f11d50a3a" className="Vji.Chess.Mvc.StartBoardViewImplTest, TestProject1" name="TestRenderStartPreamble" />
    </UnitTest>
    <UnitTest name="TestNewOptionConfiguration" storage="i:\home\context\clowder\projects\csharp\vji.test\bin\debug\vji.test.dll" id="22dfb5c6-c2ce-0f79-e279-ccd370d4f003">
      <Css projectStructure="" iteration="" />
      <Owners>
        <Owner name="" />
      </Owners>
      <Execution id="2f76f287-1e39-4b73-8986-138cfc76dc33" />
      <TestMethod codeBase="I:\home\context\clowder\projects\CSharp\Vji.Test\bin\Debug\Vji.Test.dll" adapterTypeName="Microsoft.VisualStudio.TestTools.TestTypes.Unit.UnitTestAdapter, Microsoft.VisualStudio.QualityTools.Tips.UnitTest.Adapter, Version=9.0.0.0, Culture=neutral, PublicKeyToken=b03f5f7f11d50a3a" className="Vji.Configuration.ConfigurationFactoryImplTest, Vji.Test" name="TestNewOptionConfiguration" />
    </UnitTest>
    <UnitTest name="TestNewCompositeCondition" storage="i:\home\context\clowder\projects\csharp\vji.test\bin\debug\vji.test.dll" id="d2957472-82b0-4352-80e8-115bdf9b2474">
      <Css projectStructure="" iteration="" />
      <Owners>
        <Owner name="" />
      </Owners>
      <Execution id="e04717c6-c7c9-44f9-82a9-b31ac2472b43" />
      <TestMethod codeBase="I:\home\context\clowder\projects\CSharp\Vji.Test\bin\Debug\Vji.Test.dll" adapterTypeName="Microsoft.VisualStudio.TestTools.TestTypes.Unit.UnitTestAdapter, Microsoft.VisualStudio.QualityTools.Tips.UnitTest.Adapter, Version=9.0.0.0, Culture=neutral, PublicKeyToken=b03f5f7f11d50a3a" className="Vji.Config.ConditionsFactoryImplTest, Vji.Test" name="TestNewCompositeCondition" />
    </UnitTest>
    <UnitTest name="TestAdd" storage="i:\home\context\clowder\projects\csharp\vji.test\bin\debug\vji.test.dll" id="10c57aa1-a1d0-586c-cd4d-b2178e6ec5d3">
      <Css projectStructure="" iteration="" />
      <Owners>
        <Owner name="" />
      </Owners>
      <Execution id="1950c522-0545-40fe-a0b3-5cf6bdcc19e3" />
      <TestMethod codeBase="I:\home\context\clowder\projects\CSharp\Vji.Test\bin\Debug\Vji.Test.dll" adapterTypeName="Microsoft.VisualStudio.TestTools.TestTypes.Unit.UnitTestAdapter, Microsoft.VisualStudio.QualityTools.Tips.UnitTest.Adapter, Version=9.0.0.0, Culture=neutral, PublicKeyToken=b03f5f7f11d50a3a" className="Vji.Log4net.LoggerSetterImplTest, Vji.Test" name="TestAdd" />
    </UnitTest>
    <UnitTest name="TestObtain" storage="i:\home\context\clowder\projects\csharp\vji.test\bin\debug\vji.test.dll" id="78fc299f-e303-1829-62c4-f58b86caadf1">
      <Css projectStructure="" iteration="" />
      <Owners>
        <Owner name="" />
      </Owners>
      <Execution id="06aa65bd-4839-4bca-8357-4b9ea450a68a" />
      <TestMethod codeBase="I:\home\context\clowder\projects\CSharp\Vji.Test\bin\Debug\Vji.Test.dll" adapterTypeName="Microsoft.VisualStudio.TestTools.TestTypes.Unit.UnitTestAdapter, Microsoft.VisualStudio.QualityTools.Tips.UnitTest.Adapter, Version=9.0.0.0, Culture=neutral, PublicKeyToken=b03f5f7f11d50a3a" className="Vji.Mock.Licensing.MockLicenseImplTest, Vji.Test" name="TestObtain" />
    </UnitTest>
    <UnitTest name="TestNewRook" storage="i:\home\context\clowder\projects\csharp\vji.test.chess\bin\debug\testproject1.dll" id="bf7e5522-6db4-bb76-4896-79c35a6e3e01">
      <Css projectStructure="" iteration="" />
      <Owners>
        <Owner name="" />
      </Owners>
      <Execution id="8c26869b-9611-4e72-a11f-f4d2565ff4de" />
      <TestMethod codeBase="I:\home\context\clowder\projects\CSharp\Vji.Test.Chess\bin\Debug\TestProject1.dll" adapterTypeName="Microsoft.VisualStudio.TestTools.TestTypes.Unit.UnitTestAdapter, Microsoft.VisualStudio.QualityTools.Tips.UnitTest.Adapter, Version=9.0.0.0, Culture=neutral, PublicKeyToken=b03f5f7f11d50a3a" className="Vji.Chess.Model.ChessModelFactoryImplTest, TestProject1" name="TestNewRook" />
    </UnitTest>
    <UnitTest name="TestNewModelAndView" storage="i:\home\context\clowder\projects\csharp\vji.test\bin\debug\vji.test.dll" id="27f48556-7f45-0eef-5b5a-01146364cae3">
      <Css projectStructure="" iteration="" />
      <Owners>
        <Owner name="" />
      </Owners>
      <Execution id="0fb4a7d2-bb00-4354-8a54-d1a246b23d1c" />
      <TestMethod codeBase="I:\home\context\clowder\projects\CSharp\Vji.Test\bin\Debug\Vji.Test.dll" adapterTypeName="Microsoft.VisualStudio.TestTools.TestTypes.Unit.UnitTestAdapter, Microsoft.VisualStudio.QualityTools.Tips.UnitTest.Adapter, Version=9.0.0.0, Culture=neutral, PublicKeyToken=b03f5f7f11d50a3a" className="Vji.Mvc.MvcFactoryImplTest, Vji.Test" name="TestNewModelAndView" />
    </UnitTest>
    <UnitTest name="TestToText" storage="i:\home\context\clowder\projects\csharp\vji.test\bin\debug\vji.test.dll" id="aa39f5b2-8c6b-6f1b-8e6e-470453ee71f7">
      <Css projectStructure="" iteration="" />
      <Owners>
        <Owner name="" />
      </Owners>
      <Execution id="1e63091a-5390-4fb0-bfcc-b681734afecc" />
      <TestMethod codeBase="I:\home\context\clowder\projects\CSharp\Vji.Test\bin\Debug\Vji.Test.dll" adapterTypeName="Microsoft.VisualStudio.TestTools.TestTypes.Unit.UnitTestAdapter, Microsoft.VisualStudio.QualityTools.Tips.UnitTest.Adapter, Version=9.0.0.0, Culture=neutral, PublicKeyToken=b03f5f7f11d50a3a" className="System.Collections.Generic.DictionaryExtensionsTest, Vji.Test" name="TestToText" />
    </UnitTest>
  </TestDefinitions>
  <TestLists>
    <TestList name="Results Not in a List" id="8c84fa94-04c1-424b-9868-57a2d4851a1d" />
    <TestList name="All Loaded Results" id="19431567-8539-422a-85d7-44ee4e166bda" />
  </TestLists>
  <TestEntries>
    <TestEntry testId="02399035-4a62-ae30-810d-5abe081590fe" executionId="6dd319cd-a2bf-4701-abba-7391fd8319b1" testListId="8c84fa94-04c1-424b-9868-57a2d4851a1d" />
    <TestEntry testId="03ce7a89-07d5-9d5a-1f08-8249b0516d24" executionId="754f1787-920a-4092-97de-f9cbc0d429d1" testListId="8c84fa94-04c1-424b-9868-57a2d4851a1d" />
    <TestEntry testId="047b9f03-ea6f-0840-55fb-e57df91b4d88" executionId="3afc4d3f-4bbb-48f9-b15c-f1f825165087" testListId="8c84fa94-04c1-424b-9868-57a2d4851a1d" />
    <TestEntry testId="0967fef5-8ffc-8a81-60e8-876bb4a99cd4" executionId="c2dea5c9-940b-460b-8fb2-a911b3d74c09" testListId="8c84fa94-04c1-424b-9868-57a2d4851a1d" />
    <TestEntry testId="10c57aa1-a1d0-586c-cd4d-b2178e6ec5d3" executionId="1950c522-0545-40fe-a0b3-5cf6bdcc19e3" testListId="8c84fa94-04c1-424b-9868-57a2d4851a1d" />
    <TestEntry testId="11cf1b13-04ae-7059-f46c-8a9614f4cce2" executionId="c04adbdd-2a75-4479-aac9-29dae40b5c7b" testListId="8c84fa94-04c1-424b-9868-57a2d4851a1d" />
    <TestEntry testId="1e4c5c6b-2f4b-2f46-0e9a-41666f9ad852" executionId="9bbc4e50-627c-4625-a83c-6b205c26817e" testListId="8c84fa94-04c1-424b-9868-57a2d4851a1d" />
    <TestEntry testId="212161e9-4e8a-ef25-7fd9-285eff16a836" executionId="44df44dc-74e9-476d-bd28-06736ecf06f2" testListId="8c84fa94-04c1-424b-9868-57a2d4851a1d" />
    <TestEntry testId="22dfb5c6-c2ce-0f79-e279-ccd370d4f003" executionId="2f76f287-1e39-4b73-8986-138cfc76dc33" testListId="8c84fa94-04c1-424b-9868-57a2d4851a1d" />
    <TestEntry testId="24508f16-5423-a17d-c2a3-d1e397151f11" executionId="730d7d1b-f7b6-44c8-9177-780a17b0de77" testListId="8c84fa94-04c1-424b-9868-57a2d4851a1d" />
    <TestEntry testId="27f48556-7f45-0eef-5b5a-01146364cae3" executionId="0fb4a7d2-bb00-4354-8a54-d1a246b23d1c" testListId="8c84fa94-04c1-424b-9868-57a2d4851a1d" />
    <TestEntry testId="29a35ee6-1cc4-883b-1026-9edf18dce68a" executionId="90cf8012-1d58-4d47-b490-89d5c8485298" testListId="8c84fa94-04c1-424b-9868-57a2d4851a1d" />
    <TestEntry testId="2f2e97e4-10b6-9cbb-96c2-b27584859f78" executionId="f43674f2-d0c8-4d37-a10c-ee7d511ef98f" testListId="8c84fa94-04c1-424b-9868-57a2d4851a1d" />
    <TestEntry testId="2f683e87-4b10-5603-1273-da3beab27e4c" executionId="278b8c54-951b-4a70-8e53-20d789fd7073" testListId="8c84fa94-04c1-424b-9868-57a2d4851a1d" />
    <TestEntry testId="34fe935a-d2f4-fda6-7223-4237f7a584ae" executionId="09b6cd71-69f9-457f-a8d5-8260ee84f7e0" testListId="8c84fa94-04c1-424b-9868-57a2d4851a1d" />
    <TestEntry testId="36363040-5069-3b9f-e828-fe31f898a901" executionId="1dbf0adb-1bc6-40eb-8f19-fd7df7554047" testListId="8c84fa94-04c1-424b-9868-57a2d4851a1d" />
    <TestEntry testId="39134fda-b8db-5ebc-76d9-fd2d2a1e6cf8" executionId="194651e1-2f06-43ea-8e3c-a27579c4aa92" testListId="8c84fa94-04c1-424b-9868-57a2d4851a1d" />
    <TestEntry testId="3e6df287-6bc3-2b0c-166f-4a0c2e23f8ee" executionId="666e42b3-8283-49c5-ad89-5dfd90c47d49" testListId="8c84fa94-04c1-424b-9868-57a2d4851a1d" />
    <TestEntry testId="403ca450-f454-24f8-2c3a-c94e691161d4" executionId="f384e872-0ada-4c11-8b3b-69459f96c2ec" testListId="8c84fa94-04c1-424b-9868-57a2d4851a1d" />
    <TestEntry testId="48c7083a-7105-e179-4612-8dda7baf1013" executionId="6f4be7c1-2b10-42e4-9e2f-d9031208eb10" testListId="8c84fa94-04c1-424b-9868-57a2d4851a1d" />
    <TestEntry testId="4ae40667-f8d0-3209-9cee-c1ecae187bc3" executionId="02761395-4229-45e6-8618-9fe54f3643c7" testListId="8c84fa94-04c1-424b-9868-57a2d4851a1d" />
    <TestEntry testId="4d1c5c85-afd1-547a-b8d4-d6cfc2130a7f" executionId="eff56d38-f7fb-4f52-bf84-5fcf49d2d391" testListId="8c84fa94-04c1-424b-9868-57a2d4851a1d" />
    <TestEntry testId="4fa51609-d1b2-1cd1-1827-9de3881d2c25" executionId="bd28807b-150a-4b45-b70f-d0be1973e75e" testListId="8c84fa94-04c1-424b-9868-57a2d4851a1d" />
    <TestEntry testId="536cd357-c682-8ee9-3ee6-d9dfab325956" executionId="1a104e28-9657-41ec-ba36-766ac5884b8b" testListId="8c84fa94-04c1-424b-9868-57a2d4851a1d" />
    <TestEntry testId="55049376-c8d6-f907-0a3a-d77576d90e51" executionId="138fe4a6-4ab0-4c2c-9eef-c1015e51e1f0" testListId="8c84fa94-04c1-424b-9868-57a2d4851a1d" />
    <TestEntry testId="5561408e-b1b5-605d-2747-9d6c0cd73e09" executionId="1adefca8-0099-4b68-b1d4-4fe2b148dc43" testListId="8c84fa94-04c1-424b-9868-57a2d4851a1d" />
    <TestEntry testId="5e1340b1-3b05-ce9c-6570-d7f5b0e024bd" executionId="1f193f5c-2335-42c8-a6c9-d4602920fda9" testListId="8c84fa94-04c1-424b-9868-57a2d4851a1d" />
    <TestEntry testId="5ea74d90-0bad-62f2-9bc8-f8ab483c9b2b" executionId="83987d83-65ce-4f71-b4e0-403cd053d1d5" testListId="8c84fa94-04c1-424b-9868-57a2d4851a1d" />
    <TestEntry testId="6094ce43-61ac-354d-6931-49bc152c0419" executionId="3d74a889-4501-401c-9e3b-104a3134a6b4" testListId="8c84fa94-04c1-424b-9868-57a2d4851a1d" />
    <TestEntry testId="6803fd9a-3ccc-3b31-d035-e96dbf43d138" executionId="a9caade7-66bb-430e-b369-fa8f60fe470d" testListId="8c84fa94-04c1-424b-9868-57a2d4851a1d" />
    <TestEntry testId="74c609f3-b1f5-c0d2-e51a-789c2065a569" executionId="07e275fd-964f-490e-8f23-afc335bb0146" testListId="8c84fa94-04c1-424b-9868-57a2d4851a1d" />
    <TestEntry testId="785b381d-bb42-c2c3-2053-1c975b602b38" executionId="5d2cdc39-72b3-468b-ab75-dc3a3a2cf80b" testListId="8c84fa94-04c1-424b-9868-57a2d4851a1d" />
    <TestEntry testId="78fc299f-e303-1829-62c4-f58b86caadf1" executionId="06aa65bd-4839-4bca-8357-4b9ea450a68a" testListId="8c84fa94-04c1-424b-9868-57a2d4851a1d" />
    <TestEntry testId="7daea52a-6c80-a889-7da5-7f0df95f1a38" executionId="904ef476-10ae-404f-a5bc-6c1a6b2335e6" testListId="8c84fa94-04c1-424b-9868-57a2d4851a1d" />
    <TestEntry testId="7ea9df12-de9c-eede-eebe-f77b97de53c3" executionId="906b6916-0c2d-4974-b4d7-e883095b96f1" testListId="8c84fa94-04c1-424b-9868-57a2d4851a1d" />
    <TestEntry testId="7f898444-ae0c-6988-c9f2-09c1c6dd2445" executionId="17377765-89e9-4d91-9967-1c348ac299fe" testListId="8c84fa94-04c1-424b-9868-57a2d4851a1d" />
    <TestEntry testId="7fd8bf34-2fbb-d0e9-9fad-0275bdbf80cd" executionId="2b1b9215-43a9-41b4-b80c-ac484bb9efc3" testListId="8c84fa94-04c1-424b-9868-57a2d4851a1d" />
    <TestEntry testId="8114e816-8954-fda4-480f-e1dd4283bae6" executionId="925d070b-2ba7-43b8-8610-4e87cf12ce72" testListId="8c84fa94-04c1-424b-9868-57a2d4851a1d" />
    <TestEntry testId="88743228-fae6-a840-b785-5fc6de2c364f" executionId="18bd1f77-c76c-402c-a8a9-0b3e52d3ddfa" testListId="8c84fa94-04c1-424b-9868-57a2d4851a1d" />
    <TestEntry testId="93192048-5ab0-d37d-0221-49dd3483a148" executionId="7a760311-b30b-474b-ba57-d683a06e025e" testListId="8c84fa94-04c1-424b-9868-57a2d4851a1d" />
    <TestEntry testId="97cd2fc1-97b8-94fd-311d-1216210c2924" executionId="2f25b159-539b-4b54-b8df-f6f4eadac792" testListId="8c84fa94-04c1-424b-9868-57a2d4851a1d" />
    <TestEntry testId="98537372-daf1-0a93-9c08-8b3e7e7e3dd2" executionId="f128a46a-2afe-4922-8a15-036078e5319a" testListId="8c84fa94-04c1-424b-9868-57a2d4851a1d" />
    <TestEntry testId="99fb145e-61d1-1309-4460-74c055f3a994" executionId="8d1ef603-756c-4e39-b20d-219bd37e044d" testListId="8c84fa94-04c1-424b-9868-57a2d4851a1d" />
    <TestEntry testId="9a34c574-e4f6-880d-0f65-f06db97b0a61" executionId="28490e36-bac4-4ecc-8013-56d80dab7926" testListId="8c84fa94-04c1-424b-9868-57a2d4851a1d" />
    <TestEntry testId="a141a9bd-92fd-16d3-4a4d-d11ab393d81c" executionId="c9c56b85-9d4c-4b94-9a34-cf0f8d1dfc65" testListId="8c84fa94-04c1-424b-9868-57a2d4851a1d" />
    <TestEntry testId="a388291b-77c8-bad1-3431-cbba69a53943" executionId="876800a9-7a5d-4b84-b6cb-8b5449172378" testListId="8c84fa94-04c1-424b-9868-57a2d4851a1d" />
    <TestEntry testId="a7149737-2d01-3d73-c33f-00ff66149214" executionId="c072b8df-b964-49e6-9199-8b123f45c888" testListId="8c84fa94-04c1-424b-9868-57a2d4851a1d" />
    <TestEntry testId="aa39f5b2-8c6b-6f1b-8e6e-470453ee71f7" executionId="1e63091a-5390-4fb0-bfcc-b681734afecc" testListId="8c84fa94-04c1-424b-9868-57a2d4851a1d" />
    <TestEntry testId="ac55cfd0-fc0e-5390-c5ef-a3f63a2e6a37" executionId="e4a2310c-7c0d-45ff-b792-3c843f9d1061" testListId="8c84fa94-04c1-424b-9868-57a2d4851a1d" />
    <TestEntry testId="b23acd78-480b-f76e-9005-af5edb6858ca" executionId="c0237d64-a970-45fe-9b80-dfa2127cc136" testListId="8c84fa94-04c1-424b-9868-57a2d4851a1d" />
    <TestEntry testId="b4bdfade-d685-5f72-6d20-7233d007195f" executionId="52621b91-4b41-4f9b-a317-c243f7403d93" testListId="8c84fa94-04c1-424b-9868-57a2d4851a1d" />
    <TestEntry testId="bb1aba7c-db24-1b38-69fd-ba5e618a00ec" executionId="ee2fbcfc-2fa1-4b97-94f6-2696a7d81771" testListId="8c84fa94-04c1-424b-9868-57a2d4851a1d" />
    <TestEntry testId="bcc9e5a6-60e7-bfc8-7eac-8815d020212d" executionId="a7918e4c-a8bc-4429-85b4-02373e081c61" testListId="8c84fa94-04c1-424b-9868-57a2d4851a1d" />
    <TestEntry testId="bf7e5522-6db4-bb76-4896-79c35a6e3e01" executionId="8c26869b-9611-4e72-a11f-f4d2565ff4de" testListId="8c84fa94-04c1-424b-9868-57a2d4851a1d" />
    <TestEntry testId="c5fe066e-b078-dfd0-7836-55c92d383fb7" executionId="11586d07-c571-47f9-bb57-df1df61b26ad" testListId="8c84fa94-04c1-424b-9868-57a2d4851a1d" />
    <TestEntry testId="c7f1d316-b652-b571-63da-340ac31a1a77" executionId="e0610fbf-3c52-43bf-b742-b4013faba65a" testListId="8c84fa94-04c1-424b-9868-57a2d4851a1d" />
    <TestEntry testId="ca217807-9129-1683-0a66-dd1afce2f8ea" executionId="13d46c02-d2d5-4c20-8fc8-a117dce621cd" testListId="8c84fa94-04c1-424b-9868-57a2d4851a1d" />
    <TestEntry testId="d10eb379-7426-e7b8-31b9-9317ddbedb50" executionId="1f13b6cb-908a-46f5-88e1-edd1fb620724" testListId="8c84fa94-04c1-424b-9868-57a2d4851a1d" />
    <TestEntry testId="d2957472-82b0-4352-80e8-115bdf9b2474" executionId="e04717c6-c7c9-44f9-82a9-b31ac2472b43" testListId="8c84fa94-04c1-424b-9868-57a2d4851a1d" />
    <TestEntry testId="d6e2566f-01f2-f1db-35e6-1066959c4239" executionId="bdfdf79a-fda6-45ff-93d5-b744db97e6e2" testListId="8c84fa94-04c1-424b-9868-57a2d4851a1d" />
    <TestEntry testId="dab7fb1e-7004-11f8-a392-cc49558e0a46" executionId="668f2a0b-0194-4162-b5ac-4483249159a5" testListId="8c84fa94-04c1-424b-9868-57a2d4851a1d" />
    <TestEntry testId="ddc85e03-bf9c-b13a-02f3-424c04e3a314" executionId="2d7d3e59-16fa-41d8-b13e-ebc459ccfbdd" testListId="8c84fa94-04c1-424b-9868-57a2d4851a1d" />
    <TestEntry testId="de67831e-48cf-7761-77a6-d89d61b02669" executionId="b9853293-084c-496e-b8f3-77412dd9acff" testListId="8c84fa94-04c1-424b-9868-57a2d4851a1d" />
    <TestEntry testId="e92c6073-c2f1-a602-f50c-7c353faa83f8" executionId="da6ab7f8-2c1a-4f25-a27b-0403ea8bcd2b" testListId="8c84fa94-04c1-424b-9868-57a2d4851a1d" />
    <TestEntry testId="f056f4a6-d3c7-c3db-e50b-810040f28763" executionId="f4e0ec8b-469b-4f9b-9470-b3e4619fab1b" testListId="8c84fa94-04c1-424b-9868-57a2d4851a1d" />
    <TestEntry testId="f815af12-ec38-e14a-27b4-88ed1ea85296" executionId="6f8851d1-d118-48ee-a798-0031d2e7f329" testListId="8c84fa94-04c1-424b-9868-57a2d4851a1d" />
    <TestEntry testId="fecaede0-ebe4-5d7b-64b5-330b1ebe0b20" executionId="8ad0fc0e-5038-424c-87ef-a8caab7beed2" testListId="8c84fa94-04c1-424b-9868-57a2d4851a1d" />
  </TestEntries>
  <Results>
    <UnitTestResult executionId="6dd319cd-a2bf-4701-abba-7391fd8319b1" testId="02399035-4a62-ae30-810d-5abe081590fe" testName="TestNewAssemblyResolver" computerName="LAP-302921" duration="00:00:00.0138115" startTime="2011-04-28T13:57:24.2137003+10:00" endTime="2011-04-28T13:57:25.0106671+10:00" testType="13cdc9d9-ddb5-4fa4-a97d-d965ccfc6d4b" outcome="Passed" testListId="8c84fa94-04c1-424b-9868-57a2d4851a1d">
      <Output>
      </Output>
    </UnitTestResult>
    <UnitTestResult executionId="754f1787-920a-4092-97de-f9cbc0d429d1" testId="03ce7a89-07d5-9d5a-1f08-8249b0516d24" testName="TestNewBootstrapDependentLoggerSetter" computerName="LAP-302921" duration="00:00:00.0032333" startTime="2011-04-28T13:57:25.0262939+10:00" endTime="2011-04-28T13:57:25.0262939+10:00" testType="13cdc9d9-ddb5-4fa4-a97d-d965ccfc6d4b" outcome="Passed" testListId="8c84fa94-04c1-424b-9868-57a2d4851a1d">
      <Output>
      </Output>
    </UnitTestResult>
    <UnitTestResult executionId="3afc4d3f-4bbb-48f9-b15c-f1f825165087" testId="047b9f03-ea6f-0840-55fb-e57df91b4d88" testName="TestNewCompositeLicense" computerName="LAP-302921" duration="00:00:00.4567479" startTime="2011-04-28T13:57:25.0262939+10:00" endTime="2011-04-28T13:57:25.4794711+10:00" testType="13cdc9d9-ddb5-4fa4-a97d-d965ccfc6d4b" outcome="Passed" testListId="8c84fa94-04c1-424b-9868-57a2d4851a1d">
      <Output>
        <StdOut>2011-04-28 13:57:25,448 [Agent: adapter run thread for test 'TestNewCompositeLicense' with id '3afc4d3f-4bbb-48f9-b15c-f1f825165087'] DEBUG LogBootstrapperImpl [(null)] - Logging bootstrapped.
2011-04-28 13:57:25,479 [Agent: adapter run thread for test 'TestNewCompositeLicense' with id '3afc4d3f-4bbb-48f9-b15c-f1f825165087'] DEBUG SpringBootstrapperImpl [(null)] - Bootstrapping Spring.NET...
2011-04-28 13:57:25,479 [Agent: adapter run thread for test 'TestNewCompositeLicense' with id '3afc4d3f-4bbb-48f9-b15c-f1f825165087'] DEBUG SpringBootstrapperImpl [(null)] - Setting object loggers.
2011-04-28 13:57:25,479 [Agent: adapter run thread for test 'TestNewCompositeLicense' with id '3afc4d3f-4bbb-48f9-b15c-f1f825165087'] DEBUG SpringBootstrapperImpl [(null)] - Bootstrapping Spring.NET - Done.
2011-04-28 13:57:25,479 [Agent: adapter run thread for test 'TestNewCompositeLicense' with id '3afc4d3f-4bbb-48f9-b15c-f1f825165087'] DEBUG LogBootstrapperImpl [(null)] - Logging bootstrapped.
2011-04-28 13:57:25,479 [Agent: adapter run thread for test 'TestNewCompositeLicense' with id '3afc4d3f-4bbb-48f9-b15c-f1f825165087'] DEBUG SpringBootstrapperImpl [(null)] - Bootstrapping Spring.NET...
2011-04-28 13:57:25,479 [Agent: adapter run thread for test 'TestNewCompositeLicense' with id '3afc4d3f-4bbb-48f9-b15c-f1f825165087'] DEBUG SpringBootstrapperImpl [(null)] - Setting object loggers.
2011-04-28 13:57:25,479 [Agent: adapter run thread for test 'TestNewCompositeLicense' with id '3afc4d3f-4bbb-48f9-b15c-f1f825165087'] DEBUG SpringBootstrapperImpl [(null)] - Bootstrapping Spring.NET - Done.
2011-04-28 13:57:25,479 [Agent: adapter run thread for test 'TestNewCompositeLicense' with id '3afc4d3f-4bbb-48f9-b15c-f1f825165087'] DEBUG LogBootstrapperImpl [(null)] - Logging bootstrapped.</StdOut>
        <DebugTrace>Unable to read configuration section common/logging.  Using no-op implemenation.
Vji.Bootstrap.LogBootstrapperImpl: 2011-04-28 13:57:25,448 [Agent: adapter run thread for test 'TestNewCompositeLicense' with id '3afc4d3f-4bbb-48f9-b15c-f1f825165087'] DEBUG [(null)] - Logging bootstrapped.
Vji.Bootstrap.SpringBootstrapperImpl: 2011-04-28 13:57:25,479 [Agent: adapter run thread for test 'TestNewCompositeLicense' with id '3afc4d3f-4bbb-48f9-b15c-f1f825165087'] DEBUG [(null)] - Bootstrapping Spring.NET...
Vji.Bootstrap.SpringBootstrapperImpl: 2011-04-28 13:57:25,479 [Agent: adapter run thread for test 'TestNewCompositeLicense' with id '3afc4d3f-4bbb-48f9-b15c-f1f825165087'] DEBUG [(null)] - Setting object loggers.
Vji.Bootstrap.SpringBootstrapperImpl: 2011-04-28 13:57:25,479 [Agent: adapter run thread for test 'TestNewCompositeLicense' with id '3afc4d3f-4bbb-48f9-b15c-f1f825165087'] DEBUG [(null)] - Bootstrapping Spring.NET - Done.
Vji.Bootstrap.LogBootstrapperImpl: 2011-04-28 13:57:25,479 [Agent: adapter run thread for test 'TestNewCompositeLicense' with id '3afc4d3f-4bbb-48f9-b15c-f1f825165087'] DEBUG [(null)] - Logging bootstrapped.
Vji.Bootstrap.SpringBootstrapperImpl: 2011-04-28 13:57:25,479 [Agent: adapter run thread for test 'TestNewCompositeLicense' with id '3afc4d3f-4bbb-48f9-b15c-f1f825165087'] DEBUG [(null)] - Bootstrapping Spring.NET...
Vji.Bootstrap.SpringBootstrapperImpl: 2011-04-28 13:57:25,479 [Agent: adapter run thread for test 'TestNewCompositeLicense' with id '3afc4d3f-4bbb-48f9-b15c-f1f825165087'] DEBUG [(null)] - Setting object loggers.
Vji.Bootstrap.SpringBootstrapperImpl: 2011-04-28 13:57:25,479 [Agent: adapter run thread for test 'TestNewCompositeLicense' with id '3afc4d3f-4bbb-48f9-b15c-f1f825165087'] DEBUG [(null)] - Bootstrapping Spring.NET - Done.
Vji.Bootstrap.LogBootstrapperImpl: 2011-04-28 13:57:25,479 [Agent: adapter run thread for test 'TestNewCompositeLicense' with id '3afc4d3f-4bbb-48f9-b15c-f1f825165087'] DEBUG [(null)] - Logging bootstrapped.
</DebugTrace>
      </Output>
    </UnitTestResult>
    <UnitTestResult executionId="c2dea5c9-940b-460b-8fb2-a911b3d74c09" testId="0967fef5-8ffc-8a81-60e8-876bb4a99cd4" testName="TestObtain" computerName="LAP-302921" duration="00:00:00.0055283" startTime="2011-04-28T13:57:25.4794711+10:00" endTime="2011-04-28T13:57:25.4950979+10:00" testType="13cdc9d9-ddb5-4fa4-a97d-d965ccfc6d4b" outcome="Passed" testListId="8c84fa94-04c1-424b-9868-57a2d4851a1d">
      <Output>
        <StdOut>2011-04-28 13:57:25,495 [Agent: adapter run thread for test 'TestObtain' with id 'c2dea5c9-940b-460b-8fb2-a911b3d74c09'] DEBUG LogBootstrapperImpl [(null)] - Logging bootstrapped.
2011-04-28 13:57:25,495 [Agent: adapter run thread for test 'TestObtain' with id 'c2dea5c9-940b-460b-8fb2-a911b3d74c09'] DEBUG SpringBootstrapperImpl [(null)] - Bootstrapping Spring.NET...
2011-04-28 13:57:25,495 [Agent: adapter run thread for test 'TestObtain' with id 'c2dea5c9-940b-460b-8fb2-a911b3d74c09'] DEBUG SpringBootstrapperImpl [(null)] - Setting object loggers.
2011-04-28 13:57:25,495 [Agent: adapter run thread for test 'TestObtain' with id 'c2dea5c9-940b-460b-8fb2-a911b3d74c09'] DEBUG SpringBootstrapperImpl [(null)] - Bootstrapping Spring.NET - Done.
2011-04-28 13:57:25,495 [Agent: adapter run thread for test 'TestObtain' with id 'c2dea5c9-940b-460b-8fb2-a911b3d74c09'] DEBUG LogBootstrapperImpl [(null)] - Logging bootstrapped.
2011-04-28 13:57:25,495 [Agent: adapter run thread for test 'TestObtain' with id 'c2dea5c9-940b-460b-8fb2-a911b3d74c09'] DEBUG SpringBootstrapperImpl [(null)] - Bootstrapping Spring.NET...
2011-04-28 13:57:25,495 [Agent: adapter run thread for test 'TestObtain' with id 'c2dea5c9-940b-460b-8fb2-a911b3d74c09'] DEBUG SpringBootstrapperImpl [(null)] - Setting object loggers.
2011-04-28 13:57:25,495 [Agent: adapter run thread for test 'TestObtain' with id 'c2dea5c9-940b-460b-8fb2-a911b3d74c09'] DEBUG SpringBootstrapperImpl [(null)] - Bootstrapping Spring.NET - Done.
2011-04-28 13:57:25,495 [Agent: adapter run thread for test 'TestObtain' with id 'c2dea5c9-940b-460b-8fb2-a911b3d74c09'] DEBUG LogBootstrapperImpl [(null)] - Logging bootstrapped.
2011-04-28 13:57:25,495 [Agent: adapter run thread for test 'TestObtain' with id 'c2dea5c9-940b-460b-8fb2-a911b3d74c09'] DEBUG SpringBootstrapperImpl [(null)] - Bootstrapping Spring.NET...
2011-04-28 13:57:25,495 [Agent: adapter run thread for test 'TestObtain' with id 'c2dea5c9-940b-460b-8fb2-a911b3d74c09'] DEBUG SpringBootstrapperImpl [(null)] - Setting object loggers.
2011-04-28 13:57:25,495 [Agent: adapter run thread for test 'TestObtain' with id 'c2dea5c9-940b-460b-8fb2-a911b3d74c09'] DEBUG SpringBootstrapperImpl [(null)] - Bootstrapping Spring.NET - Done.</StdOut>
        <DebugTrace>Vji.Bootstrap.LogBootstrapperImpl: 2011-04-28 13:57:25,495 [Agent: adapter run thread for test 'TestObtain' with id 'c2dea5c9-940b-460b-8fb2-a911b3d74c09'] DEBUG [(null)] - Logging bootstrapped.
Vji.Bootstrap.SpringBootstrapperImpl: 2011-04-28 13:57:25,495 [Agent: adapter run thread for test 'TestObtain' with id 'c2dea5c9-940b-460b-8fb2-a911b3d74c09'] DEBUG [(null)] - Bootstrapping Spring.NET...
Vji.Bootstrap.SpringBootstrapperImpl: 2011-04-28 13:57:25,495 [Agent: adapter run thread for test 'TestObtain' with id 'c2dea5c9-940b-460b-8fb2-a911b3d74c09'] DEBUG [(null)] - Setting object loggers.
Vji.Bootstrap.SpringBootstrapperImpl: 2011-04-28 13:57:25,495 [Agent: adapter run thread for test 'TestObtain' with id 'c2dea5c9-940b-460b-8fb2-a911b3d74c09'] DEBUG [(null)] - Bootstrapping Spring.NET - Done.
Vji.Bootstrap.LogBootstrapperImpl: 2011-04-28 13:57:25,495 [Agent: adapter run thread for test 'TestObtain' with id 'c2dea5c9-940b-460b-8fb2-a911b3d74c09'] DEBUG [(null)] - Logging bootstrapped.
Vji.Bootstrap.SpringBootstrapperImpl: 2011-04-28 13:57:25,495 [Agent: adapter run thread for test 'TestObtain' with id 'c2dea5c9-940b-460b-8fb2-a911b3d74c09'] DEBUG [(null)] - Bootstrapping Spring.NET...
Vji.Bootstrap.SpringBootstrapperImpl: 2011-04-28 13:57:25,495 [Agent: adapter run thread for test 'TestObtain' with id 'c2dea5c9-940b-460b-8fb2-a911b3d74c09'] DEBUG [(null)] - Setting object loggers.
Vji.Bootstrap.SpringBootstrapperImpl: 2011-04-28 13:57:25,495 [Agent: adapter run thread for test 'TestObtain' with id 'c2dea5c9-940b-460b-8fb2-a911b3d74c09'] DEBUG [(null)] - Bootstrapping Spring.NET - Done.
Vji.Bootstrap.LogBootstrapperImpl: 2011-04-28 13:57:25,495 [Agent: adapter run thread for test 'TestObtain' with id 'c2dea5c9-940b-460b-8fb2-a911b3d74c09'] DEBUG [(null)] - Logging bootstrapped.
Vji.Bootstrap.SpringBootstrapperImpl: 2011-04-28 13:57:25,495 [Agent: adapter run thread for test 'TestObtain' with id 'c2dea5c9-940b-460b-8fb2-a911b3d74c09'] DEBUG [(null)] - Bootstrapping Spring.NET...
Vji.Bootstrap.SpringBootstrapperImpl: 2011-04-28 13:57:25,495 [Agent: adapter run thread for test 'TestObtain' with id 'c2dea5c9-940b-460b-8fb2-a911b3d74c09'] DEBUG [(null)] - Setting object loggers.
Vji.Bootstrap.SpringBootstrapperImpl: 2011-04-28 13:57:25,495 [Agent: adapter run thread for test 'TestObtain' with id 'c2dea5c9-940b-460b-8fb2-a911b3d74c09'] DEBUG [(null)] - Bootstrapping Spring.NET - Done.
</DebugTrace>
      </Output>
    </UnitTestResult>
    <UnitTestResult executionId="1950c522-0545-40fe-a0b3-5cf6bdcc19e3" testId="10c57aa1-a1d0-586c-cd4d-b2178e6ec5d3" testName="TestAdd" computerName="LAP-302921" duration="00:00:00.0014926" startTime="2011-04-28T13:57:25.4950979+10:00" endTime="2011-04-28T13:57:25.4950979+10:00" testType="13cdc9d9-ddb5-4fa4-a97d-d965ccfc6d4b" outcome="Passed" testListId="8c84fa94-04c1-424b-9868-57a2d4851a1d">
      <Output>
      </Output>
    </UnitTestResult>
    <UnitTestResult executionId="c04adbdd-2a75-4479-aac9-29dae40b5c7b" testId="11cf1b13-04ae-7059-f46c-8a9614f4cce2" testName="TestBootstrap" computerName="LAP-302921" duration="00:00:00.0012345" startTime="2011-04-28T13:57:25.4950979+10:00" endTime="2011-04-28T13:57:25.5107247+10:00" testType="13cdc9d9-ddb5-4fa4-a97d-d965ccfc6d4b" outcome="Passed" testListId="8c84fa94-04c1-424b-9868-57a2d4851a1d">
      <Output>
        <StdOut>2011-04-28 13:57:25,510 [Agent: adapter run thread for test 'TestBootstrap' with id 'c04adbdd-2a75-4479-aac9-29dae40b5c7b'] DEBUG SpringBootstrapperImpl [(null)] - Bootstrapping Spring.NET...
2011-04-28 13:57:25,510 [Agent: adapter run thread for test 'TestBootstrap' with id 'c04adbdd-2a75-4479-aac9-29dae40b5c7b'] DEBUG SpringBootstrapperImpl [(null)] - Setting object loggers.
2011-04-28 13:57:25,510 [Agent: adapter run thread for test 'TestBootstrap' with id 'c04adbdd-2a75-4479-aac9-29dae40b5c7b'] DEBUG SpringBootstrapperImpl [(null)] - Bootstrapping Spring.NET - Done.</StdOut>
        <DebugTrace>Vji.Bootstrap.SpringBootstrapperImpl: 2011-04-28 13:57:25,510 [Agent: adapter run thread for test 'TestBootstrap' with id 'c04adbdd-2a75-4479-aac9-29dae40b5c7b'] DEBUG [(null)] - Bootstrapping Spring.NET...
Vji.Bootstrap.SpringBootstrapperImpl: 2011-04-28 13:57:25,510 [Agent: adapter run thread for test 'TestBootstrap' with id 'c04adbdd-2a75-4479-aac9-29dae40b5c7b'] DEBUG [(null)] - Setting object loggers.
Vji.Bootstrap.SpringBootstrapperImpl: 2011-04-28 13:57:25,510 [Agent: adapter run thread for test 'TestBootstrap' with id 'c04adbdd-2a75-4479-aac9-29dae40b5c7b'] DEBUG [(null)] - Bootstrapping Spring.NET - Done.
</DebugTrace>
      </Output>
    </UnitTestResult>
    <UnitTestResult executionId="9bbc4e50-627c-4625-a83c-6b205c26817e" testId="1e4c5c6b-2f4b-2f46-0e9a-41666f9ad852" testName="TestNewComWrapper" computerName="LAP-302921" duration="00:00:00.0154880" startTime="2011-04-28T13:57:25.5107247+10:00" endTime="2011-04-28T13:57:25.5263515+10:00" testType="13cdc9d9-ddb5-4fa4-a97d-d965ccfc6d4b" outcome="Failed" testListId="8c84fa94-04c1-424b-9868-57a2d4851a1d">
      <Output>
        <StdOut>2011-04-28 13:57:25,510 [Agent: adapter run thread for test 'TestNewComWrapper' with id '9bbc4e50-627c-4625-a83c-6b205c26817e'] DEBUG LogBootstrapperImpl [(null)] - Logging bootstrapped.</StdOut>
        <DebugTrace>Vji.Bootstrap.LogBootstrapperImpl: 2011-04-28 13:57:25,510 [Agent: adapter run thread for test 'TestNewComWrapper' with id '9bbc4e50-627c-4625-a83c-6b205c26817e'] DEBUG [(null)] - Logging bootstrapped.
</DebugTrace>
        <ErrorInfo>
          <Message>Test method Vji.Config.ComFactoryImplTest.TestNewComWrapper threw exception:  System.Exception: Under construction.</Message>
          <StackTrace>    at Vji.Config.ComFactoryImplTest.TestNewComWrapper() in I:\home\context\clowder\projects\CSharp\Vji.Test\Com\ComFactoryImplTest.cs:line 16
</StackTrace>
        </ErrorInfo>
      </Output>
    </UnitTestResult>
    <UnitTestResult executionId="44df44dc-74e9-476d-bd28-06736ecf06f2" testId="212161e9-4e8a-ef25-7fd9-285eff16a836" testName="TestNewLogBootstrapper" computerName="LAP-302921" duration="00:00:00.0008294" startTime="2011-04-28T13:57:25.5263515+10:00" endTime="2011-04-28T13:57:25.5263515+10:00" testType="13cdc9d9-ddb5-4fa4-a97d-d965ccfc6d4b" outcome="Passed" testListId="8c84fa94-04c1-424b-9868-57a2d4851a1d">
      <Output>
      </Output>
    </UnitTestResult>
    <UnitTestResult executionId="2f76f287-1e39-4b73-8986-138cfc76dc33" testId="22dfb5c6-c2ce-0f79-e279-ccd370d4f003" testName="TestNewOptionConfiguration" computerName="LAP-302921" duration="00:00:00.0071953" startTime="2011-04-28T13:57:25.5263515+10:00" endTime="2011-04-28T13:57:25.5419783+10:00" testType="13cdc9d9-ddb5-4fa4-a97d-d965ccfc6d4b" outcome="Passed" testListId="8c84fa94-04c1-424b-9868-57a2d4851a1d">
      <Output>
        <StdOut>2011-04-28 13:57:25,526 [Agent: adapter run thread for test 'TestNewOptionConfiguration' with id '2f76f287-1e39-4b73-8986-138cfc76dc33'] DEBUG LogBootstrapperImpl [(null)] - Logging bootstrapped.
2011-04-28 13:57:25,526 [Agent: adapter run thread for test 'TestNewOptionConfiguration' with id '2f76f287-1e39-4b73-8986-138cfc76dc33'] DEBUG SpringBootstrapperImpl [(null)] - Bootstrapping Spring.NET...
2011-04-28 13:57:25,526 [Agent: adapter run thread for test 'TestNewOptionConfiguration' with id '2f76f287-1e39-4b73-8986-138cfc76dc33'] DEBUG SpringBootstrapperImpl [(null)] - Setting object loggers.
2011-04-28 13:57:25,526 [Agent: adapter run thread for test 'TestNewOptionConfiguration' with id '2f76f287-1e39-4b73-8986-138cfc76dc33'] DEBUG SpringBootstrapperImpl [(null)] - Bootstrapping Spring.NET - Done.
2011-04-28 13:57:25,541 [Agent: adapter run thread for test 'TestNewOptionConfiguration' with id '2f76f287-1e39-4b73-8986-138cfc76dc33'] DEBUG LogBootstrapperImpl [(null)] - Logging bootstrapped.
2011-04-28 13:57:25,541 [Agent: adapter run thread for test 'TestNewOptionConfiguration' with id '2f76f287-1e39-4b73-8986-138cfc76dc33'] DEBUG SpringBootstrapperImpl [(null)] - Bootstrapping Spring.NET...
2011-04-28 13:57:25,541 [Agent: adapter run thread for test 'TestNewOptionConfiguration' with id '2f76f287-1e39-4b73-8986-138cfc76dc33'] DEBUG SpringBootstrapperImpl [(null)] - Setting object loggers.
2011-04-28 13:57:25,541 [Agent: adapter run thread for test 'TestNewOptionConfiguration' with id '2f76f287-1e39-4b73-8986-138cfc76dc33'] DEBUG SpringBootstrapperImpl [(null)] - Bootstrapping Spring.NET - Done.
2011-04-28 13:57:25,541 [Agent: adapter run thread for test 'TestNewOptionConfiguration' with id '2f76f287-1e39-4b73-8986-138cfc76dc33'] DEBUG LogBootstrapperImpl [(null)] - Logging bootstrapped.
[...]
Vji.Bootstrap.LogBootstrapperImpl: 2011-04-28 13:57:27,448 [Agent: adapter run thread for test 'TestArrangePieces' with id 'bdfdf79a-fda6-45ff-93d5-b744db97e6e2'] DEBUG [(null)] - Logging bootstrapped.
</DebugTrace>
      </Output>
    </UnitTestResult>
    <UnitTestResult executionId="668f2a0b-0194-4162-b5ac-4483249159a5" testId="dab7fb1e-7004-11f8-a392-cc49558e0a46" testName="TestNewCell" computerName="LAP-302921" duration="00:00:00.0017348" startTime="2011-04-28T13:57:27.4640747+10:00" endTime="2011-04-28T13:57:27.4640747+10:00" testType="13cdc9d9-ddb5-4fa4-a97d-d965ccfc6d4b" outcome="Failed" testListId="8c84fa94-04c1-424b-9868-57a2d4851a1d">
      <Output>
        <StdOut>2011-04-28 13:57:27,464 [Agent: adapter run thread for test 'TestNewCell' with id '668f2a0b-0194-4162-b5ac-4483249159a5'] DEBUG LogBootstrapperImpl [(null)] - Logging bootstrapped.</StdOut>
        <DebugTrace>Vji.Bootstrap.LogBootstrapperImpl: 2011-04-28 13:57:27,464 [Agent: adapter run thread for test 'TestNewCell' with id '668f2a0b-0194-4162-b5ac-4483249159a5'] DEBUG [(null)] - Logging bootstrapped.
</DebugTrace>
        <ErrorInfo>
          <Message>Test method Vji.Microsoft.Excel.MicrosoftExcelFactoryImplTest.TestNewCell threw exception:  System.Exception: Under construction.</Message>
          <StackTrace>    at Vji.Microsoft.Excel.MicrosoftExcelFactoryImplTest.TestNewCell() in I:\home\context\clowder\projects\CSharp\Vji.Test\Microsoft\Excel\MicrosoftExcelFactoryImplTest.cs:line 16
</StackTrace>
        </ErrorInfo>
      </Output>
    </UnitTestResult>
    <UnitTestResult executionId="2d7d3e59-16fa-41d8-b13e-ebc459ccfbdd" testId="ddc85e03-bf9c-b13a-02f3-424c04e3a314" testName="TestToString" computerName="LAP-302921" duration="00:00:00.0019966" startTime="2011-04-28T13:57:27.4640747+10:00" endTime="2011-04-28T13:57:27.4640747+10:00" testType="13cdc9d9-ddb5-4fa4-a97d-d965ccfc6d4b" outcome="Passed" testListId="8c84fa94-04c1-424b-9868-57a2d4851a1d">
      <Output>
        <StdOut>2011-04-28 13:57:27,464 [Agent: adapter run thread for test 'TestToString' with id '2d7d3e59-16fa-41d8-b13e-ebc459ccfbdd'] DEBUG LogBootstrapperImpl [(null)] - Logging bootstrapped.</StdOut>
        <DebugTrace>Vji.Bootstrap.LogBootstrapperImpl: 2011-04-28 13:57:27,464 [Agent: adapter run thread for test 'TestToString' with id '2d7d3e59-16fa-41d8-b13e-ebc459ccfbdd'] DEBUG [(null)] - Logging bootstrapped.
</DebugTrace>
      </Output>
    </UnitTestResult>
    <UnitTestResult executionId="b9853293-084c-496e-b8f3-77412dd9acff" testId="de67831e-48cf-7761-77a6-d89d61b02669" testName="TestNewDriver" computerName="LAP-302921" duration="00:00:00.0011979" startTime="2011-04-28T13:57:27.4640747+10:00" endTime="2011-04-28T13:57:27.4640747+10:00" testType="13cdc9d9-ddb5-4fa4-a97d-d965ccfc6d4b" outcome="Passed" testListId="8c84fa94-04c1-424b-9868-57a2d4851a1d">
      <Output>
      </Output>
    </UnitTestResult>
    <UnitTestResult executionId="da6ab7f8-2c1a-4f25-a27b-0403ea8bcd2b" testId="e92c6073-c2f1-a602-f50c-7c353faa83f8" testName="TestPlacePieceAt" computerName="LAP-302921" duration="00:00:00.0056814" startTime="2011-04-28T13:57:27.4640747+10:00" endTime="2011-04-28T13:57:27.4797015+10:00" testType="13cdc9d9-ddb5-4fa4-a97d-d965ccfc6d4b" outcome="Passed" testListId="8c84fa94-04c1-424b-9868-57a2d4851a1d">
      <Output>
        <StdOut>2011-04-28 13:57:27,479 [Agent: adapter run thread for test 'TestPlacePieceAt' with id 'da6ab7f8-2c1a-4f25-a27b-0403ea8bcd2b'] DEBUG SpringBootstrapperImpl [(null)] - Bootstrapping Spring.NET...
2011-04-28 13:57:27,479 [Agent: adapter run thread for test 'TestPlacePieceAt' with id 'da6ab7f8-2c1a-4f25-a27b-0403ea8bcd2b'] DEBUG SpringBootstrapperImpl [(null)] - Setting object loggers.
2011-04-28 13:57:27,479 [Agent: adapter run thread for test 'TestPlacePieceAt' with id 'da6ab7f8-2c1a-4f25-a27b-0403ea8bcd2b'] DEBUG SpringBootstrapperImpl [(null)] - Bootstrapping Spring.NET - Done.
2011-04-28 13:57:27,479 [Agent: adapter run thread for test 'TestPlacePieceAt' with id 'da6ab7f8-2c1a-4f25-a27b-0403ea8bcd2b'] DEBUG LogBootstrapperImpl [(null)] - Logging bootstrapped.
2011-04-28 13:57:27,479 [Agent: adapter run thread for test 'TestPlacePieceAt' with id 'da6ab7f8-2c1a-4f25-a27b-0403ea8bcd2b'] DEBUG SpringBootstrapperImpl [(null)] - Bootstrapping Spring.NET...
2011-04-28 13:57:27,479 [Agent: adapter run thread for test 'TestPlacePieceAt' with id 'da6ab7f8-2c1a-4f25-a27b-0403ea8bcd2b'] DEBUG SpringBootstrapperImpl [(null)] - Setting object loggers.
2011-04-28 13:57:27,479 [Agent: adapter run thread for test 'TestPlacePieceAt' with id 'da6ab7f8-2c1a-4f25-a27b-0403ea8bcd2b'] DEBUG SpringBootstrapperImpl [(null)] - Bootstrapping Spring.NET - Done.
2011-04-28 13:57:27,479 [Agent: adapter run thread for test 'TestPlacePieceAt' with id 'da6ab7f8-2c1a-4f25-a27b-0403ea8bcd2b'] DEBUG LogBootstrapperImpl [(null)] - Logging bootstrapped.
2011-04-28 13:57:27,479 [Agent: adapter run thread for test 'TestPlacePieceAt' with id 'da6ab7f8-2c1a-4f25-a27b-0403ea8bcd2b'] DEBUG SpringBootstrapperImpl [(null)] - Bootstrapping Spring.NET...
2011-04-28 13:57:27,479 [Agent: adapter run thread for test 'TestPlacePieceAt' with id 'da6ab7f8-2c1a-4f25-a27b-0403ea8bcd2b'] DEBUG SpringBootstrapperImpl [(null)] - Setting object loggers.
2011-04-28 13:57:27,479 [Agent: adapter run thread for test 'TestPlacePieceAt' with id 'da6ab7f8-2c1a-4f25-a27b-0403ea8bcd2b'] DEBUG SpringBootstrapperImpl [(null)] - Bootstrapping Spring.NET - Done.
2011-04-28 13:57:27,479 [Agent: adapter run thread for test 'TestPlacePieceAt' with id 'da6ab7f8-2c1a-4f25-a27b-0403ea8bcd2b'] DEBUG LogBootstrapperImpl [(null)] - Logging bootstrapped.</StdOut>
        <DebugTrace>Vji.Bootstrap.SpringBootstrapperImpl: 2011-04-28 13:57:27,479 [Agent: adapter run thread for test 'TestPlacePieceAt' with id 'da6ab7f8-2c1a-4f25-a27b-0403ea8bcd2b'] DEBUG [(null)] - Bootstrapping Spring.NET...
Vji.Bootstrap.SpringBootstrapperImpl: 2011-04-28 13:57:27,479 [Agent: adapter run thread for test 'TestPlacePieceAt' with id 'da6ab7f8-2c1a-4f25-a27b-0403ea8bcd2b'] DEBUG [(null)] - Setting object loggers.
Vji.Bootstrap.SpringBootstrapperImpl: 2011-04-28 13:57:27,479 [Agent: adapter run thread for test 'TestPlacePieceAt' with id 'da6ab7f8-2c1a-4f25-a27b-0403ea8bcd2b'] DEBUG [(null)] - Bootstrapping Spring.NET - Done.
Vji.Bootstrap.LogBootstrapperImpl: 2011-04-28 13:57:27,479 [Agent: adapter run thread for test 'TestPlacePieceAt' with id 'da6ab7f8-2c1a-4f25-a27b-0403ea8bcd2b'] DEBUG [(null)] - Logging bootstrapped.
Vji.Bootstrap.SpringBootstrapperImpl: 2011-04-28 13:57:27,479 [Agent: adapter run thread for test 'TestPlacePieceAt' with id 'da6ab7f8-2c1a-4f25-a27b-0403ea8bcd2b'] DEBUG [(null)] - Bootstrapping Spring.NET...
Vji.Bootstrap.SpringBootstrapperImpl: 2011-04-28 13:57:27,479 [Agent: adapter run thread for test 'TestPlacePieceAt' with id 'da6ab7f8-2c1a-4f25-a27b-0403ea8bcd2b'] DEBUG [(null)] - Setting object loggers.
Vji.Bootstrap.SpringBootstrapperImpl: 2011-04-28 13:57:27,479 [Agent: adapter run thread for test 'TestPlacePieceAt' with id 'da6ab7f8-2c1a-4f25-a27b-0403ea8bcd2b'] DEBUG [(null)] - Bootstrapping Spring.NET - Done.
Vji.Bootstrap.LogBootstrapperImpl: 2011-04-28 13:57:27,479 [Agent: adapter run thread for test 'TestPlacePieceAt' with id 'da6ab7f8-2c1a-4f25-a27b-0403ea8bcd2b'] DEBUG [(null)] - Logging bootstrapped.
Vji.Bootstrap.SpringBootstrapperImpl: 2011-04-28 13:57:27,479 [Agent: adapter run thread for test 'TestPlacePieceAt' with id 'da6ab7f8-2c1a-4f25-a27b-0403ea8bcd2b'] DEBUG [(null)] - Bootstrapping Spring.NET...
Vji.Bootstrap.SpringBootstrapperImpl: 2011-04-28 13:57:27,479 [Agent: adapter run thread for test 'TestPlacePieceAt' with id 'da6ab7f8-2c1a-4f25-a27b-0403ea8bcd2b'] DEBUG [(null)] - Setting object loggers.
Vji.Bootstrap.SpringBootstrapperImpl: 2011-04-28 13:57:27,479 [Agent: adapter run thread for test 'TestPlacePieceAt' with id 'da6ab7f8-2c1a-4f25-a27b-0403ea8bcd2b'] DEBUG [(null)] - Bootstrapping Spring.NET - Done.
Vji.Bootstrap.LogBootstrapperImpl: 2011-04-28 13:57:27,479 [Agent: adapter run thread for test 'TestPlacePieceAt' with id 'da6ab7f8-2c1a-4f25-a27b-0403ea8bcd2b'] DEBUG [(null)] - Logging bootstrapped.
</DebugTrace>
      </Output>
    </UnitTestResult>
    <UnitTestResult executionId="f4e0ec8b-469b-4f9b-9470-b3e4619fab1b" testId="f056f4a6-d3c7-c3db-e50b-810040f28763" testName="TestNewLicensedCondition" computerName="LAP-302921" duration="00:00:00.0036641" startTime="2011-04-28T13:57:27.4797015+10:00" endTime="2011-04-28T13:57:27.4953283+10:00" testType="13cdc9d9-ddb5-4fa4-a97d-d965ccfc6d4b" outcome="Passed" testListId="8c84fa94-04c1-424b-9868-57a2d4851a1d">
      <Output>
        <StdOut>2011-04-28 13:57:27,479 [Agent: adapter run thread for test 'TestNewLicensedCondition' with id 'f4e0ec8b-469b-4f9b-9470-b3e4619fab1b'] DEBUG SpringBootstrapperImpl [(null)] - Bootstrapping Spring.NET...
2011-04-28 13:57:27,479 [Agent: adapter run thread for test 'TestNewLicensedCondition' with id 'f4e0ec8b-469b-4f9b-9470-b3e4619fab1b'] DEBUG SpringBootstrapperImpl [(null)] - Setting object loggers.
2011-04-28 13:57:27,479 [Agent: adapter run thread for test 'TestNewLicensedCondition' with id 'f4e0ec8b-469b-4f9b-9470-b3e4619fab1b'] DEBUG SpringBootstrapperImpl [(null)] - Bootstrapping Spring.NET - Done.
2011-04-28 13:57:27,479 [Agent: adapter run thread for test 'TestNewLicensedCondition' with id 'f4e0ec8b-469b-4f9b-9470-b3e4619fab1b'] DEBUG LogBootstrapperImpl [(null)] - Logging bootstrapped.
2011-04-28 13:57:27,479 [Agent: adapter run thread for test 'TestNewLicensedCondition' with id 'f4e0ec8b-469b-4f9b-9470-b3e4619fab1b'] DEBUG SpringBootstrapperImpl [(null)] - Bootstrapping Spring.NET...
2011-04-28 13:57:27,479 [Agent: adapter run thread for test 'TestNewLicensedCondition' with id 'f4e0ec8b-469b-4f9b-9470-b3e4619fab1b'] DEBUG SpringBootstrapperImpl [(null)] - Setting object loggers.
2011-04-28 13:57:27,479 [Agent: adapter run thread for test 'TestNewLicensedCondition' with id 'f4e0ec8b-469b-4f9b-9470-b3e4619fab1b'] DEBUG SpringBootstrapperImpl [(null)] - Bootstrapping Spring.NET - Done.
2011-04-28 13:57:27,479 [Agent: adapter run thread for test 'TestNewLicensedCondition' with id 'f4e0ec8b-469b-4f9b-9470-b3e4619fab1b'] DEBUG LogBootstrapperImpl [(null)] - Logging bootstrapped.
2011-04-28 13:57:27,479 [Agent: adapter run thread for test 'TestNewLicensedCondition' with id 'f4e0ec8b-469b-4f9b-9470-b3e4619fab1b'] DEBUG SpringBootstrapperImpl [(null)] - Bootstrapping Spring.NET...
2011-04-28 13:57:27,479 [Agent: adapter run thread for test 'TestNewLicensedCondition' with id 'f4e0ec8b-469b-4f9b-9470-b3e4619fab1b'] DEBUG SpringBootstrapperImpl [(null)] - Setting object loggers.
2011-04-28 13:57:27,479 [Agent: adapter run thread for test 'TestNewLicensedCondition' with id 'f4e0ec8b-469b-4f9b-9470-b3e4619fab1b'] DEBUG SpringBootstrapperImpl [(null)] - Bootstrapping Spring.NET - Done.
2011-04-28 13:57:27,479 [Agent: adapter run thread for test 'TestNewLicensedCondition' with id 'f4e0ec8b-469b-4f9b-9470-b3e4619fab1b'] DEBUG LogBootstrapperImpl [(null)] - Logging bootstrapped.</StdOut>
        <DebugTrace>Vji.Bootstrap.SpringBootstrapperImpl: 2011-04-28 13:57:27,479 [Agent: adapter run thread for test 'TestNewLicensedCondition' with id 'f4e0ec8b-469b-4f9b-9470-b3e4619fab1b'] DEBUG [(null)] - Bootstrapping Spring.NET...
Vji.Bootstrap.SpringBootstrapperImpl: 2011-04-28 13:57:27,479 [Agent: adapter run thread for test 'TestNewLicensedCondition' with id 'f4e0ec8b-469b-4f9b-9470-b3e4619fab1b'] DEBUG [(null)] - Setting object loggers.
Vji.Bootstrap.SpringBootstrapperImpl: 2011-04-28 13:57:27,479 [Agent: adapter run thread for test 'TestNewLicensedCondition' with id 'f4e0ec8b-469b-4f9b-9470-b3e4619fab1b'] DEBUG [(null)] - Bootstrapping Spring.NET - Done.
Vji.Bootstrap.LogBootstrapperImpl: 2011-04-28 13:57:27,479 [Agent: adapter run thread for test 'TestNewLicensedCondition' with id 'f4e0ec8b-469b-4f9b-9470-b3e4619fab1b'] DEBUG [(null)] - Logging bootstrapped.
Vji.Bootstrap.SpringBootstrapperImpl: 2011-04-28 13:57:27,479 [Agent: adapter run thread for test 'TestNewLicensedCondition' with id 'f4e0ec8b-469b-4f9b-9470-b3e4619fab1b'] DEBUG [(null)] - Bootstrapping Spring.NET...
Vji.Bootstrap.SpringBootstrapperImpl: 2011-04-28 13:57:27,479 [Agent: adapter run thread for test 'TestNewLicensedCondition' with id 'f4e0ec8b-469b-4f9b-9470-b3e4619fab1b'] DEBUG [(null)] - Setting object loggers.
Vji.Bootstrap.SpringBootstrapperImpl: 2011-04-28 13:57:27,479 [Agent: adapter run thread for test 'TestNewLicensedCondition' with id 'f4e0ec8b-469b-4f9b-9470-b3e4619fab1b'] DEBUG [(null)] - Bootstrapping Spring.NET - Done.
Vji.Bootstrap.LogBootstrapperImpl: 2011-04-28 13:57:27,479 [Agent: adapter run thread for test 'TestNewLicensedCondition' with id 'f4e0ec8b-469b-4f9b-9470-b3e4619fab1b'] DEBUG [(null)] - Logging bootstrapped.
Vji.Bootstrap.SpringBootstrapperImpl: 2011-04-28 13:57:27,479 [Agent: adapter run thread for test 'TestNewLicensedCondition' with id 'f4e0ec8b-469b-4f9b-9470-b3e4619fab1b'] DEBUG [(null)] - Bootstrapping Spring.NET...
Vji.Bootstrap.SpringBootstrapperImpl: 2011-04-28 13:57:27,479 [Agent: adapter run thread for test 'TestNewLicensedCondition' with id 'f4e0ec8b-469b-4f9b-9470-b3e4619fab1b'] DEBUG [(null)] - Setting object loggers.
Vji.Bootstrap.SpringBootstrapperImpl: 2011-04-28 13:57:27,479 [Agent: adapter run thread for test 'TestNewLicensedCondition' with id 'f4e0ec8b-469b-4f9b-9470-b3e4619fab1b'] DEBUG [(null)] - Bootstrapping Spring.NET - Done.
Vji.Bootstrap.LogBootstrapperImpl: 2011-04-28 13:57:27,479 [Agent: adapter run thread for test 'TestNewLicensedCondition' with id 'f4e0ec8b-469b-4f9b-9470-b3e4619fab1b'] DEBUG [(null)] - Logging bootstrapped.
</DebugTrace>
      </Output>
    </UnitTestResult>
    <UnitTestResult executionId="6f8851d1-d118-48ee-a798-0031d2e7f329" testId="f815af12-ec38-e14a-27b4-88ed1ea85296" testName="TestRun" computerName="LAP-302921" duration="00:00:00.0015697" startTime="2011-04-28T13:57:27.4953283+10:00" endTime="2011-04-28T13:57:27.4953283+10:00" testType="13cdc9d9-ddb5-4fa4-a97d-d965ccfc6d4b" outcome="Passed" testListId="8c84fa94-04c1-424b-9868-57a2d4851a1d">
      <Output>
        <StdOut>2011-04-28 13:57:27,495 [Agent: adapter run thread for test 'TestRun' with id '6f8851d1-d118-48ee-a798-0031d2e7f329'] DEBUG LogBootstrapperImpl [(null)] - Logging bootstrapped.</StdOut>
        <DebugTrace>Vji.Bootstrap.LogBootstrapperImpl: 2011-04-28 13:57:27,495 [Agent: adapter run thread for test 'TestRun' with id '6f8851d1-d118-48ee-a798-0031d2e7f329'] DEBUG [(null)] - Logging bootstrapped.
</DebugTrace>
      </Output>
    </UnitTestResult>
    <UnitTestResult executionId="8ad0fc0e-5038-424c-87ef-a8caab7beed2" testId="fecaede0-ebe4-5d7b-64b5-330b1ebe0b20" testName="TestNewKing" computerName="LAP-302921" duration="00:00:00.0036007" startTime="2011-04-28T13:57:27.4953283+10:00" endTime="2011-04-28T13:57:27.4953283+10:00" testType="13cdc9d9-ddb5-4fa4-a97d-d965ccfc6d4b" outcome="Passed" testListId="8c84fa94-04c1-424b-9868-57a2d4851a1d">
      <Output>
        <StdOut>2011-04-28 13:57:27,495 [Agent: adapter run thread for test 'TestNewKing' with id '8ad0fc0e-5038-424c-87ef-a8caab7beed2'] DEBUG LogBootstrapperImpl [(null)] - Logging bootstrapped.
2011-04-28 13:57:27,495 [Agent: adapter run thread for test 'TestNewKing' with id '8ad0fc0e-5038-424c-87ef-a8caab7beed2'] DEBUG SpringBootstrapperImpl [(null)] - Bootstrapping Spring.NET...
2011-04-28 13:57:27,495 [Agent: adapter run thread for test 'TestNewKing' with id '8ad0fc0e-5038-424c-87ef-a8caab7beed2'] DEBUG SpringBootstrapperImpl [(null)] - Setting object loggers.
2011-04-28 13:57:27,495 [Agent: adapter run thread for test 'TestNewKing' with id '8ad0fc0e-5038-424c-87ef-a8caab7beed2'] DEBUG SpringBootstrapperImpl [(null)] - Bootstrapping Spring.NET - Done.
2011-04-28 13:57:27,495 [Agent: adapter run thread for test 'TestNewKing' with id '8ad0fc0e-5038-424c-87ef-a8caab7beed2'] DEBUG LogBootstrapperImpl [(null)] - Logging bootstrapped.
2011-04-28 13:57:27,495 [Agent: adapter run thread for test 'TestNewKing' with id '8ad0fc0e-5038-424c-87ef-a8caab7beed2'] DEBUG SpringBootstrapperImpl [(null)] - Bootstrapping Spring.NET...
2011-04-28 13:57:27,495 [Agent: adapter run thread for test 'TestNewKing' with id '8ad0fc0e-5038-424c-87ef-a8caab7beed2'] DEBUG SpringBootstrapperImpl [(null)] - Setting object loggers.
2011-04-28 13:57:27,495 [Agent: adapter run thread for test 'TestNewKing' with id '8ad0fc0e-5038-424c-87ef-a8caab7beed2'] DEBUG SpringBootstrapperImpl [(null)] - Bootstrapping Spring.NET - Done.
2011-04-28 13:57:27,495 [Agent: adapter run thread for test 'TestNewKing' with id '8ad0fc0e-5038-424c-87ef-a8caab7beed2'] DEBUG LogBootstrapperImpl [(null)] - Logging bootstrapped.
2011-04-28 13:57:27,495 [Agent: adapter run thread for test 'TestNewKing' with id '8ad0fc0e-5038-424c-87ef-a8caab7beed2'] DEBUG SpringBootstrapperImpl [(null)] - Bootstrapping Spring.NET...
2011-04-28 13:57:27,495 [Agent: adapter run thread for test 'TestNewKing' with id '8ad0fc0e-5038-424c-87ef-a8caab7beed2'] DEBUG SpringBootstrapperImpl [(null)] - Setting object loggers.
2011-04-28 13:57:27,495 [Agent: adapter run thread for test 'TestNewKing' with id '8ad0fc0e-5038-424c-87ef-a8caab7beed2'] DEBUG SpringBootstrapperImpl [(null)] - Bootstrapping Spring.NET - Done.</StdOut>
        <DebugTrace>Vji.Bootstrap.LogBootstrapperImpl: 2011-04-28 13:57:27,495 [Agent: adapter run thread for test 'TestNewKing' with id '8ad0fc0e-5038-424c-87ef-a8caab7beed2'] DEBUG [(null)] - Logging bootstrapped.
Vji.Bootstrap.SpringBootstrapperImpl: 2011-04-28 13:57:27,495 [Agent: adapter run thread for test 'TestNewKing' with id '8ad0fc0e-5038-424c-87ef-a8caab7beed2'] DEBUG [(null)] - Bootstrapping Spring.NET...
Vji.Bootstrap.SpringBootstrapperImpl: 2011-04-28 13:57:27,495 [Agent: adapter run thread for test 'TestNewKing' with id '8ad0fc0e-5038-424c-87ef-a8caab7beed2'] DEBUG [(null)] - Setting object loggers.
Vji.Bootstrap.SpringBootstrapperImpl: 2011-04-28 13:57:27,495 [Agent: adapter run thread for test 'TestNewKing' with id '8ad0fc0e-5038-424c-87ef-a8caab7beed2'] DEBUG [(null)] - Bootstrapping Spring.NET - Done.
Vji.Bootstrap.LogBootstrapperImpl: 2011-04-28 13:57:27,495 [Agent: adapter run thread for test 'TestNewKing' with id '8ad0fc0e-5038-424c-87ef-a8caab7beed2'] DEBUG [(null)] - Logging bootstrapped.
Vji.Bootstrap.SpringBootstrapperImpl: 2011-04-28 13:57:27,495 [Agent: adapter run thread for test 'TestNewKing' with id '8ad0fc0e-5038-424c-87ef-a8caab7beed2'] DEBUG [(null)] - Bootstrapping Spring.NET...
Vji.Bootstrap.SpringBootstrapperImpl: 2011-04-28 13:57:27,495 [Agent: adapter run thread for test 'TestNewKing' with id '8ad0fc0e-5038-424c-87ef-a8caab7beed2'] DEBUG [(null)] - Setting object loggers.
Vji.Bootstrap.SpringBootstrapperImpl: 2011-04-28 13:57:27,495 [Agent: adapter run thread for test 'TestNewKing' with id '8ad0fc0e-5038-424c-87ef-a8caab7beed2'] DEBUG [(null)] - Bootstrapping Spring.NET - Done.
Vji.Bootstrap.LogBootstrapperImpl: 2011-04-28 13:57:27,495 [Agent: adapter run thread for test 'TestNewKing' with id '8ad0fc0e-5038-424c-87ef-a8caab7beed2'] DEBUG [(null)] - Logging bootstrapped.
Vji.Bootstrap.SpringBootstrapperImpl: 2011-04-28 13:57:27,495 [Agent: adapter run thread for test 'TestNewKing' with id '8ad0fc0e-5038-424c-87ef-a8caab7beed2'] DEBUG [(null)] - Bootstrapping Spring.NET...
Vji.Bootstrap.SpringBootstrapperImpl: 2011-04-28 13:57:27,495 [Agent: adapter run thread for test 'TestNewKing' with id '8ad0fc0e-5038-424c-87ef-a8caab7beed2'] DEBUG [(null)] - Setting object loggers.
Vji.Bootstrap.SpringBootstrapperImpl: 2011-04-28 13:57:27,495 [Agent: adapter run thread for test 'TestNewKing' with id '8ad0fc0e-5038-424c-87ef-a8caab7beed2'] DEBUG [(null)] - Bootstrapping Spring.NET - Done.
</DebugTrace>
      </Output>
    </UnitTestResult>
  </Results>
</TestRun>